mode: set
github.com/toeirei/keymaster/tools/debug_export/main.go:14.13,17.49 3 1
github.com/toeirei/keymaster/tools/debug_export/main.go:17.49,18.13 1 0
github.com/toeirei/keymaster/tools/debug_export/main.go:21.2,22.16 2 1
github.com/toeirei/keymaster/tools/debug_export/main.go:22.16,23.40 1 0
github.com/toeirei/keymaster/tools/debug_export/main.go:25.2,26.16 2 1
github.com/toeirei/keymaster/tools/debug_export/main.go:26.16,27.13 1 0
github.com/toeirei/keymaster/tools/debug_export/main.go:29.2,30.16 2 1
github.com/toeirei/keymaster/tools/debug_export/main.go:30.16,31.13 1 0
github.com/toeirei/keymaster/tools/debug_export/main.go:33.2,34.16 2 1
github.com/toeirei/keymaster/tools/debug_export/main.go:34.16,35.13 1 0
github.com/toeirei/keymaster/tools/debug_export/main.go:37.2,40.16 3 1
github.com/toeirei/keymaster/tools/debug_export/main.go:40.16,41.13 1 0
github.com/toeirei/keymaster/tools/debug_export/main.go:43.2,44.25 2 1
github.com/toeirei/keymaster/tools/debug_export/main.go:44.25,46.3 1 1
github.com/toeirei/keymaster/tools/debug_export/main.go:48.2,49.16 2 1
github.com/toeirei/keymaster/tools/debug_export/main.go:49.16,50.13 1 0
github.com/toeirei/keymaster/tools/debug_export/main.go:52.2,53.24 2 1
github.com/toeirei/keymaster/tools/debug_export/main.go:53.24,55.3 1 1
github.com/toeirei/keymaster/internal/db/bun_adapter.go:31.67,36.16 4 1
github.com/toeirei/keymaster/internal/db/bun_adapter.go:36.16,37.27 1 0
github.com/toeirei/keymaster/internal/db/bun_adapter.go:37.27,39.4 1 0
github.com/toeirei/keymaster/internal/db/bun_adapter.go:40.3,40.18 1 0
github.com/toeirei/keymaster/internal/db/bun_adapter.go:43.2,44.16 2 1
github.com/toeirei/keymaster/internal/db/bun_adapter.go:49.81,53.16 3 1
github.com/toeirei/keymaster/internal/db/bun_adapter.go:53.16,55.3 1 0
github.com/toeirei/keymaster/internal/db/bun_adapter.go:56.2,56.15 1 1
github.com/toeirei/keymaster/internal/db/bun_adapter.go:56.15,56.36 1 1
github.com/toeirei/keymaster/internal/db/bun_adapter.go:60.2,60.88 1 1
github.com/toeirei/keymaster/internal/db/bun_adapter.go:60.88,62.3 1 0
github.com/toeirei/keymaster/internal/db/bun_adapter.go:65.2,66.91 2 1
github.com/toeirei/keymaster/internal/db/bun_adapter.go:66.91,68.3 1 0
github.com/toeirei/keymaster/internal/db/bun_adapter.go:69.2,70.15 2 1
github.com/toeirei/keymaster/internal/db/bun_adapter.go:70.15,72.3 1 1
github.com/toeirei/keymaster/internal/db/bun_adapter.go:75.2,81.16 2 1
github.com/toeirei/keymaster/internal/db/bun_adapter.go:81.16,83.3 1 0
github.com/toeirei/keymaster/internal/db/bun_adapter.go:85.2,85.36 1 1
github.com/toeirei/keymaster/internal/db/bun_adapter.go:85.36,87.3 1 0
github.com/toeirei/keymaster/internal/db/bun_adapter.go:89.2,90.23 2 1
github.com/toeirei/keymaster/internal/db/bun_adapter.go:148.56,156.19 2 1
github.com/toeirei/keymaster/internal/db/bun_adapter.go:156.19,158.3 1 1
github.com/toeirei/keymaster/internal/db/bun_adapter.go:159.2,159.18 1 1
github.com/toeirei/keymaster/internal/db/bun_adapter.go:159.18,161.3 1 1
github.com/toeirei/keymaster/internal/db/bun_adapter.go:162.2,162.12 1 1
github.com/toeirei/keymaster/internal/db/bun_adapter.go:165.85,175.21 2 1
github.com/toeirei/keymaster/internal/db/bun_adapter.go:175.21,177.3 1 1
github.com/toeirei/keymaster/internal/db/bun_adapter.go:178.2,178.20 1 1
github.com/toeirei/keymaster/internal/db/bun_adapter.go:178.20,180.3 1 1
github.com/toeirei/keymaster/internal/db/bun_adapter.go:181.2,181.11 1 1
github.com/toeirei/keymaster/internal/db/bun_adapter.go:184.62,186.23 2 1
github.com/toeirei/keymaster/internal/db/bun_adapter.go:186.23,188.3 1 0
github.com/toeirei/keymaster/internal/db/bun_adapter.go:189.2,190.11 2 1
github.com/toeirei/keymaster/internal/db/bun_adapter.go:193.64,195.2 1 1
github.com/toeirei/keymaster/internal/db/bun_adapter.go:198.62,202.16 4 1
github.com/toeirei/keymaster/internal/db/bun_adapter.go:202.16,204.3 1 0
github.com/toeirei/keymaster/internal/db/bun_adapter.go:205.2,206.23 2 1
github.com/toeirei/keymaster/internal/db/bun_adapter.go:206.23,208.3 1 1
github.com/toeirei/keymaster/internal/db/bun_adapter.go:209.2,209.17 1 1
github.com/toeirei/keymaster/internal/db/bun_adapter.go:213.68,217.16 4 0
github.com/toeirei/keymaster/internal/db/bun_adapter.go:217.16,219.3 1 0
github.com/toeirei/keymaster/internal/db/bun_adapter.go:220.2,221.23 2 0
github.com/toeirei/keymaster/internal/db/bun_adapter.go:221.23,223.3 1 0
github.com/toeirei/keymaster/internal/db/bun_adapter.go:224.2,224.17 1 0
github.com/toeirei/keymaster/internal/db/bun_adapter.go:228.86,239.127 3 1
github.com/toeirei/keymaster/internal/db/bun_adapter.go:239.127,241.3 1 1
github.com/toeirei/keymaster/internal/db/bun_adapter.go:242.2,242.19 1 1
github.com/toeirei/keymaster/internal/db/bun_adapter.go:246.50,250.2 3 1
github.com/toeirei/keymaster/internal/db/bun_adapter.go:253.69,258.2 3 1
github.com/toeirei/keymaster/internal/db/bun_adapter.go:261.73,265.2 3 1
github.com/toeirei/keymaster/internal/db/bun_adapter.go:268.82,277.16 4 1
github.com/toeirei/keymaster/internal/db/bun_adapter.go:277.16,279.3 1 0
github.com/toeirei/keymaster/internal/db/bun_adapter.go:280.2,281.24 2 1
github.com/toeirei/keymaster/internal/db/bun_adapter.go:281.24,283.3 1 1
github.com/toeirei/keymaster/internal/db/bun_adapter.go:284.2,284.17 1 1
github.com/toeirei/keymaster/internal/db/bun_adapter.go:288.76,297.16 4 1
github.com/toeirei/keymaster/internal/db/bun_adapter.go:297.16,299.3 1 0
github.com/toeirei/keymaster/internal/db/bun_adapter.go:300.2,301.23 2 1
github.com/toeirei/keymaster/internal/db/bun_adapter.go:301.23,303.3 1 1
github.com/toeirei/keymaster/internal/db/bun_adapter.go:304.2,304.17 1 1
github.com/toeirei/keymaster/internal/db/bun_adapter.go:310.72,315.21 5 1
github.com/toeirei/keymaster/internal/db/bun_adapter.go:315.21,318.30 1 1
github.com/toeirei/keymaster/internal/db/bun_adapter.go:318.30,322.4 2 1
github.com/toeirei/keymaster/internal/db/bun_adapter.go:324.2,324.76 1 1
github.com/toeirei/keymaster/internal/db/bun_adapter.go:324.76,326.3 1 0
github.com/toeirei/keymaster/internal/db/bun_adapter.go:327.2,328.23 2 1
github.com/toeirei/keymaster/internal/db/bun_adapter.go:328.23,330.3 1 1
github.com/toeirei/keymaster/internal/db/bun_adapter.go:331.2,331.17 1 1
github.com/toeirei/keymaster/internal/db/bun_adapter.go:340.75,343.89 3 1
github.com/toeirei/keymaster/internal/db/bun_adapter.go:343.89,345.3 1 0
github.com/toeirei/keymaster/internal/db/bun_adapter.go:346.2,347.23 2 1
github.com/toeirei/keymaster/internal/db/bun_adapter.go:347.23,349.3 1 1
github.com/toeirei/keymaster/internal/db/bun_adapter.go:350.2,350.17 1 1
github.com/toeirei/keymaster/internal/db/bun_adapter.go:354.69,358.16 4 1
github.com/toeirei/keymaster/internal/db/bun_adapter.go:358.16,359.68 1 1
github.com/toeirei/keymaster/internal/db/bun_adapter.go:359.68,361.4 1 1
github.com/toeirei/keymaster/internal/db/bun_adapter.go:361.9,363.4 1 0
github.com/toeirei/keymaster/internal/db/bun_adapter.go:365.2,366.24 2 1
github.com/toeirei/keymaster/internal/db/bun_adapter.go:370.69,373.69 3 1
github.com/toeirei/keymaster/internal/db/bun_adapter.go:373.69,378.67 3 1
github.com/toeirei/keymaster/internal/db/bun_adapter.go:378.67,380.4 1 0
github.com/toeirei/keymaster/internal/db/bun_adapter.go:381.3,381.30 1 1
github.com/toeirei/keymaster/internal/db/bun_adapter.go:381.30,383.4 1 1
github.com/toeirei/keymaster/internal/db/bun_adapter.go:386.3,387.62 2 1
github.com/toeirei/keymaster/internal/db/bun_adapter.go:387.62,389.4 1 0
github.com/toeirei/keymaster/internal/db/bun_adapter.go:390.3,390.25 1 1
github.com/toeirei/keymaster/internal/db/bun_adapter.go:390.25,392.4 1 1
github.com/toeirei/keymaster/internal/db/bun_adapter.go:395.3,397.100 3 1
github.com/toeirei/keymaster/internal/db/bun_adapter.go:397.100,399.4 1 0
github.com/toeirei/keymaster/internal/db/bun_adapter.go:400.3,400.25 1 1
github.com/toeirei/keymaster/internal/db/bun_adapter.go:400.25,402.4 1 1
github.com/toeirei/keymaster/internal/db/bun_adapter.go:405.3,406.62 2 1
github.com/toeirei/keymaster/internal/db/bun_adapter.go:406.62,408.4 1 0
github.com/toeirei/keymaster/internal/db/bun_adapter.go:409.3,409.25 1 1
github.com/toeirei/keymaster/internal/db/bun_adapter.go:409.25,411.4 1 1
github.com/toeirei/keymaster/internal/db/bun_adapter.go:414.3,415.62 2 1
github.com/toeirei/keymaster/internal/db/bun_adapter.go:415.62,417.4 1 0
github.com/toeirei/keymaster/internal/db/bun_adapter.go:418.3,418.25 1 1
github.com/toeirei/keymaster/internal/db/bun_adapter.go:418.25,420.4 1 1
github.com/toeirei/keymaster/internal/db/bun_adapter.go:423.3,424.62 2 1
github.com/toeirei/keymaster/internal/db/bun_adapter.go:424.62,426.4 1 0
github.com/toeirei/keymaster/internal/db/bun_adapter.go:427.3,427.25 1 1
github.com/toeirei/keymaster/internal/db/bun_adapter.go:427.25,429.4 1 1
github.com/toeirei/keymaster/internal/db/bun_adapter.go:432.3,433.62 2 1
github.com/toeirei/keymaster/internal/db/bun_adapter.go:433.62,435.4 1 0
github.com/toeirei/keymaster/internal/db/bun_adapter.go:436.3,436.25 1 1
github.com/toeirei/keymaster/internal/db/bun_adapter.go:436.25,438.21 2 1
github.com/toeirei/keymaster/internal/db/bun_adapter.go:438.21,440.5 1 1
github.com/toeirei/keymaster/internal/db/bun_adapter.go:441.4,441.20 1 1
github.com/toeirei/keymaster/internal/db/bun_adapter.go:441.20,443.5 1 1
github.com/toeirei/keymaster/internal/db/bun_adapter.go:444.4,444.67 1 1
github.com/toeirei/keymaster/internal/db/bun_adapter.go:447.3,447.13 1 1
github.com/toeirei/keymaster/internal/db/bun_adapter.go:449.2,449.20 1 1
github.com/toeirei/keymaster/internal/db/bun_adapter.go:453.75,455.69 2 1
github.com/toeirei/keymaster/internal/db/bun_adapter.go:455.69,458.28 2 1
github.com/toeirei/keymaster/internal/db/bun_adapter.go:458.28,459.80 1 1
github.com/toeirei/keymaster/internal/db/bun_adapter.go:459.80,461.5 1 0
github.com/toeirei/keymaster/internal/db/bun_adapter.go:465.3,465.39 1 1
github.com/toeirei/keymaster/internal/db/bun_adapter.go:465.39,466.239 1 1
github.com/toeirei/keymaster/internal/db/bun_adapter.go:466.239,468.5 1 0
github.com/toeirei/keymaster/internal/db/bun_adapter.go:471.3,471.40 1 1
github.com/toeirei/keymaster/internal/db/bun_adapter.go:471.40,472.200 1 1
github.com/toeirei/keymaster/internal/db/bun_adapter.go:472.200,474.5 1 0
github.com/toeirei/keymaster/internal/db/bun_adapter.go:477.3,477.41 1 1
github.com/toeirei/keymaster/internal/db/bun_adapter.go:477.41,478.133 1 1
github.com/toeirei/keymaster/internal/db/bun_adapter.go:478.133,480.5 1 0
github.com/toeirei/keymaster/internal/db/bun_adapter.go:483.3,483.40 1 1
github.com/toeirei/keymaster/internal/db/bun_adapter.go:483.40,484.205 1 1
github.com/toeirei/keymaster/internal/db/bun_adapter.go:484.205,486.5 1 0
github.com/toeirei/keymaster/internal/db/bun_adapter.go:489.3,489.40 1 1
github.com/toeirei/keymaster/internal/db/bun_adapter.go:489.40,490.124 1 1
github.com/toeirei/keymaster/internal/db/bun_adapter.go:490.124,492.5 1 0
github.com/toeirei/keymaster/internal/db/bun_adapter.go:495.3,495.46 1 1
github.com/toeirei/keymaster/internal/db/bun_adapter.go:495.46,497.27 2 1
github.com/toeirei/keymaster/internal/db/bun_adapter.go:497.27,498.75 1 1
github.com/toeirei/keymaster/internal/db/bun_adapter.go:498.75,500.6 1 1
github.com/toeirei/keymaster/internal/db/bun_adapter.go:500.11,506.6 4 0
github.com/toeirei/keymaster/internal/db/bun_adapter.go:508.4,508.188 1 1
github.com/toeirei/keymaster/internal/db/bun_adapter.go:508.188,510.5 1 0
github.com/toeirei/keymaster/internal/db/bun_adapter.go:513.3,513.47 1 1
github.com/toeirei/keymaster/internal/db/bun_adapter.go:513.47,514.311 1 1
github.com/toeirei/keymaster/internal/db/bun_adapter.go:514.311,516.5 1 0
github.com/toeirei/keymaster/internal/db/bun_adapter.go:518.3,518.13 1 1
github.com/toeirei/keymaster/internal/db/bun_adapter.go:523.78,525.69 2 1
github.com/toeirei/keymaster/internal/db/bun_adapter.go:525.69,526.39 1 1
github.com/toeirei/keymaster/internal/db/bun_adapter.go:526.39,527.249 1 1
github.com/toeirei/keymaster/internal/db/bun_adapter.go:527.249,529.5 1 0
github.com/toeirei/keymaster/internal/db/bun_adapter.go:531.3,531.40 1 1
github.com/toeirei/keymaster/internal/db/bun_adapter.go:531.40,532.210 1 1
github.com/toeirei/keymaster/internal/db/bun_adapter.go:532.210,534.5 1 0
github.com/toeirei/keymaster/internal/db/bun_adapter.go:536.3,536.41 1 1
github.com/toeirei/keymaster/internal/db/bun_adapter.go:536.41,537.143 1 0
github.com/toeirei/keymaster/internal/db/bun_adapter.go:537.143,539.5 1 0
github.com/toeirei/keymaster/internal/db/bun_adapter.go:541.3,541.13 1 1
github.com/toeirei/keymaster/internal/db/bun_adapter.go:547.66,550.83 3 1
github.com/toeirei/keymaster/internal/db/bun_adapter.go:550.83,552.3 1 0
github.com/toeirei/keymaster/internal/db/bun_adapter.go:553.2,554.24 2 1
github.com/toeirei/keymaster/internal/db/bun_adapter.go:554.24,556.3 1 1
github.com/toeirei/keymaster/internal/db/bun_adapter.go:557.2,557.17 1 1
github.com/toeirei/keymaster/internal/db/bun_adapter.go:561.86,565.16 4 1
github.com/toeirei/keymaster/internal/db/bun_adapter.go:565.16,566.27 1 1
github.com/toeirei/keymaster/internal/db/bun_adapter.go:566.27,568.4 1 1
github.com/toeirei/keymaster/internal/db/bun_adapter.go:569.3,569.18 1 0
github.com/toeirei/keymaster/internal/db/bun_adapter.go:571.2,572.16 2 1
github.com/toeirei/keymaster/internal/db/bun_adapter.go:576.113,579.25 3 1
github.com/toeirei/keymaster/internal/db/bun_adapter.go:579.25,581.3 1 0
github.com/toeirei/keymaster/internal/db/bun_adapter.go:581.8,583.3 1 1
github.com/toeirei/keymaster/internal/db/bun_adapter.go:584.2,585.24 2 1
github.com/toeirei/keymaster/internal/db/bun_adapter.go:590.144,593.16 2 1
github.com/toeirei/keymaster/internal/db/bun_adapter.go:593.16,595.3 1 0
github.com/toeirei/keymaster/internal/db/bun_adapter.go:596.2,596.21 1 1
github.com/toeirei/keymaster/internal/db/bun_adapter.go:596.21,598.3 1 1
github.com/toeirei/keymaster/internal/db/bun_adapter.go:599.2,601.25 3 1
github.com/toeirei/keymaster/internal/db/bun_adapter.go:601.25,603.3 1 0
github.com/toeirei/keymaster/internal/db/bun_adapter.go:603.8,605.3 1 1
github.com/toeirei/keymaster/internal/db/bun_adapter.go:606.2,607.16 2 1
github.com/toeirei/keymaster/internal/db/bun_adapter.go:607.16,609.3 1 0
github.com/toeirei/keymaster/internal/db/bun_adapter.go:610.2,611.16 2 1
github.com/toeirei/keymaster/internal/db/bun_adapter.go:611.16,613.3 1 0
github.com/toeirei/keymaster/internal/db/bun_adapter.go:614.2,614.121 1 1
github.com/toeirei/keymaster/internal/db/bun_adapter.go:618.58,622.2 3 1
github.com/toeirei/keymaster/internal/db/bun_adapter.go:626.76,629.25 3 0
github.com/toeirei/keymaster/internal/db/bun_adapter.go:629.25,631.3 1 0
github.com/toeirei/keymaster/internal/db/bun_adapter.go:631.8,633.3 1 0
github.com/toeirei/keymaster/internal/db/bun_adapter.go:634.2,635.12 2 0
github.com/toeirei/keymaster/internal/db/bun_adapter.go:639.69,642.109 3 1
github.com/toeirei/keymaster/internal/db/bun_adapter.go:642.109,644.3 1 0
github.com/toeirei/keymaster/internal/db/bun_adapter.go:645.2,646.24 2 1
github.com/toeirei/keymaster/internal/db/bun_adapter.go:646.24,648.3 1 1
github.com/toeirei/keymaster/internal/db/bun_adapter.go:649.2,649.17 1 1
github.com/toeirei/keymaster/internal/db/bun_adapter.go:653.52,657.2 3 1
github.com/toeirei/keymaster/internal/db/bun_adapter.go:660.73,664.16 4 1
github.com/toeirei/keymaster/internal/db/bun_adapter.go:664.16,665.27 1 1
github.com/toeirei/keymaster/internal/db/bun_adapter.go:665.27,667.4 1 1
github.com/toeirei/keymaster/internal/db/bun_adapter.go:668.3,668.18 1 0
github.com/toeirei/keymaster/internal/db/bun_adapter.go:670.2,671.16 2 1
github.com/toeirei/keymaster/internal/db/bun_adapter.go:677.76,683.20 5 1
github.com/toeirei/keymaster/internal/db/bun_adapter.go:683.20,684.39 1 0
github.com/toeirei/keymaster/internal/db/bun_adapter.go:684.39,686.4 1 0
github.com/toeirei/keymaster/internal/db/bun_adapter.go:687.8,688.26 1 1
github.com/toeirei/keymaster/internal/db/bun_adapter.go:688.26,692.4 2 1
github.com/toeirei/keymaster/internal/db/bun_adapter.go:693.3,693.39 1 1
github.com/toeirei/keymaster/internal/db/bun_adapter.go:693.39,695.4 1 0
github.com/toeirei/keymaster/internal/db/bun_adapter.go:697.2,698.24 2 1
github.com/toeirei/keymaster/internal/db/bun_adapter.go:698.24,700.3 1 1
github.com/toeirei/keymaster/internal/db/bun_adapter.go:701.2,701.17 1 1
github.com/toeirei/keymaster/internal/db/bun_adapter.go:705.71,709.16 4 1
github.com/toeirei/keymaster/internal/db/bun_adapter.go:709.16,710.27 1 0
github.com/toeirei/keymaster/internal/db/bun_adapter.go:710.27,712.4 1 0
github.com/toeirei/keymaster/internal/db/bun_adapter.go:713.3,713.17 1 0
github.com/toeirei/keymaster/internal/db/bun_adapter.go:715.2,715.20 1 1
github.com/toeirei/keymaster/internal/db/bun_adapter.go:718.66,722.2 3 1
github.com/toeirei/keymaster/internal/db/bun_adapter.go:725.144,729.2 3 1
github.com/toeirei/keymaster/internal/db/bun_adapter.go:731.86,735.16 4 1
github.com/toeirei/keymaster/internal/db/bun_adapter.go:735.16,736.27 1 1
github.com/toeirei/keymaster/internal/db/bun_adapter.go:736.27,738.4 1 1
github.com/toeirei/keymaster/internal/db/bun_adapter.go:739.3,739.18 1 0
github.com/toeirei/keymaster/internal/db/bun_adapter.go:741.2,742.16 2 1
github.com/toeirei/keymaster/internal/db/bun_adapter.go:745.62,749.2 3 1
github.com/toeirei/keymaster/internal/db/bun_adapter.go:751.83,755.2 3 1
github.com/toeirei/keymaster/internal/db/bun_adapter.go:757.85,761.100 3 1
github.com/toeirei/keymaster/internal/db/bun_adapter.go:761.100,763.3 1 0
github.com/toeirei/keymaster/internal/db/bun_adapter.go:764.2,765.24 2 1
github.com/toeirei/keymaster/internal/db/bun_adapter.go:765.24,768.3 2 1
github.com/toeirei/keymaster/internal/db/bun_adapter.go:769.2,769.17 1 1
github.com/toeirei/keymaster/internal/db/bun_adapter.go:772.86,775.91 3 1
github.com/toeirei/keymaster/internal/db/bun_adapter.go:775.91,777.3 1 0
github.com/toeirei/keymaster/internal/db/bun_adapter.go:778.2,779.24 2 1
github.com/toeirei/keymaster/internal/db/bun_adapter.go:779.24,782.3 2 1
github.com/toeirei/keymaster/internal/db/bun_adapter.go:783.2,783.17 1 1
github.com/toeirei/keymaster/internal/db/bun_adapter.go:787.69,791.16 4 1
github.com/toeirei/keymaster/internal/db/bun_adapter.go:791.16,792.27 1 1
github.com/toeirei/keymaster/internal/db/bun_adapter.go:792.27,794.4 1 1
github.com/toeirei/keymaster/internal/db/bun_adapter.go:795.3,795.18 1 0
github.com/toeirei/keymaster/internal/db/bun_adapter.go:797.2,798.16 2 1
github.com/toeirei/keymaster/internal/db/bun_adapter.go:801.64,805.2 3 1
github.com/toeirei/keymaster/internal/db/bun_adapter.go:807.64,809.111 2 1
github.com/toeirei/keymaster/internal/db/bun_adapter.go:809.111,811.3 1 0
github.com/toeirei/keymaster/internal/db/bun_adapter.go:812.2,813.90 2 1
github.com/toeirei/keymaster/internal/db/bun_adapter.go:813.90,815.3 1 0
github.com/toeirei/keymaster/internal/db/bun_adapter.go:816.2,816.25 1 1
github.com/toeirei/keymaster/internal/db/bun_adapter.go:819.69,823.2 3 1
github.com/toeirei/keymaster/internal/db/bun_adapter.go:825.75,829.2 3 1
github.com/toeirei/keymaster/internal/db/bun_adapter.go:831.67,835.2 3 1
github.com/toeirei/keymaster/internal/db/bun_adapter.go:838.81,842.16 4 1
github.com/toeirei/keymaster/internal/db/bun_adapter.go:842.16,843.27 1 0
github.com/toeirei/keymaster/internal/db/bun_adapter.go:843.27,845.4 1 0
github.com/toeirei/keymaster/internal/db/bun_adapter.go:846.3,846.18 1 0
github.com/toeirei/keymaster/internal/db/bun_adapter.go:848.2,849.16 2 1
github.com/toeirei/keymaster/internal/db/bun_adapter.go:852.50,855.92 3 1
github.com/toeirei/keymaster/internal/db/bun_adapter.go:855.92,857.3 1 0
github.com/toeirei/keymaster/internal/db/bun_adapter.go:858.2,858.23 1 1
github.com/toeirei/keymaster/internal/db/bun_adapter.go:861.81,865.92 3 1
github.com/toeirei/keymaster/internal/db/bun_adapter.go:865.92,867.3 1 0
github.com/toeirei/keymaster/internal/db/bun_adapter.go:868.2,869.15 2 1
github.com/toeirei/keymaster/internal/db/bun_adapter.go:869.15,871.3 1 0
github.com/toeirei/keymaster/internal/db/bun_adapter.go:873.2,873.175 1 1
github.com/toeirei/keymaster/internal/db/bun_adapter.go:873.175,875.3 1 0
github.com/toeirei/keymaster/internal/db/bun_adapter.go:876.2,876.23 1 1
github.com/toeirei/keymaster/internal/db/bun_helpers.go:22.112,24.2 1 1
github.com/toeirei/keymaster/internal/db/bun_helpers.go:27.121,29.2 1 1
github.com/toeirei/keymaster/internal/db/bun_helpers.go:32.84,34.2 1 1
github.com/toeirei/keymaster/internal/db/bun_helpers.go:37.99,39.16 2 1
github.com/toeirei/keymaster/internal/db/bun_helpers.go:39.16,41.3 1 0
github.com/toeirei/keymaster/internal/db/bun_helpers.go:42.2,42.15 1 1
github.com/toeirei/keymaster/internal/db/bun_helpers.go:42.15,42.36 1 1
github.com/toeirei/keymaster/internal/db/bun_helpers.go:43.2,43.36 1 1
github.com/toeirei/keymaster/internal/db/bun_helpers.go:43.36,45.3 1 0
github.com/toeirei/keymaster/internal/db/bun_helpers.go:46.2,46.20 1 1
github.com/toeirei/keymaster/internal/db/db.go:51.39,53.16 2 1
github.com/toeirei/keymaster/internal/db/db.go:53.16,55.3 1 0
github.com/toeirei/keymaster/internal/db/db.go:56.2,57.12 2 1
github.com/toeirei/keymaster/internal/db/db.go:61.27,63.2 1 1
github.com/toeirei/keymaster/internal/db/db.go:69.49,71.26 2 1
github.com/toeirei/keymaster/internal/db/db.go:71.26,73.3 1 1
github.com/toeirei/keymaster/internal/db/db.go:74.2,75.16 2 1
github.com/toeirei/keymaster/internal/db/db.go:75.16,77.3 1 1
github.com/toeirei/keymaster/internal/db/db.go:78.2,78.15 1 1
github.com/toeirei/keymaster/internal/db/db.go:78.15,78.36 1 1
github.com/toeirei/keymaster/internal/db/db.go:81.2,84.16 3 1
github.com/toeirei/keymaster/internal/db/db.go:85.16,89.71 1 1
github.com/toeirei/keymaster/internal/db/db.go:89.71,91.4 1 1
github.com/toeirei/keymaster/internal/db/db.go:92.3,92.62 1 1
github.com/toeirei/keymaster/internal/db/db.go:92.62,94.4 1 1
github.com/toeirei/keymaster/internal/db/db.go:96.3,99.79 3 1
github.com/toeirei/keymaster/internal/db/db.go:99.79,101.19 2 1
github.com/toeirei/keymaster/internal/db/db.go:101.19,103.5 1 0
github.com/toeirei/keymaster/internal/db/db.go:105.18,107.70 1 1
github.com/toeirei/keymaster/internal/db/db.go:107.70,109.4 1 1
github.com/toeirei/keymaster/internal/db/db.go:110.15,113.17 2 1
github.com/toeirei/keymaster/internal/db/db.go:113.17,115.4 1 0
github.com/toeirei/keymaster/internal/db/db.go:116.3,116.16 1 1
github.com/toeirei/keymaster/internal/db/db.go:116.16,116.36 1 1
github.com/toeirei/keymaster/internal/db/db.go:117.3,119.19 3 1
github.com/toeirei/keymaster/internal/db/db.go:119.19,120.44 1 1
github.com/toeirei/keymaster/internal/db/db.go:120.44,122.5 1 0
github.com/toeirei/keymaster/internal/db/db.go:123.4,123.93 1 1
github.com/toeirei/keymaster/internal/db/db.go:123.93,127.5 2 1
github.com/toeirei/keymaster/internal/db/db.go:129.3,129.21 1 1
github.com/toeirei/keymaster/internal/db/db.go:129.21,131.4 1 1
github.com/toeirei/keymaster/internal/db/db.go:132.10,133.71 1 0
github.com/toeirei/keymaster/internal/db/db.go:135.2,135.12 1 1
github.com/toeirei/keymaster/internal/db/db.go:141.57,144.26 2 1
github.com/toeirei/keymaster/internal/db/db.go:144.26,146.3 1 0
github.com/toeirei/keymaster/internal/db/db.go:147.2,149.16 3 1
github.com/toeirei/keymaster/internal/db/db.go:149.16,151.3 1 0
github.com/toeirei/keymaster/internal/db/db.go:156.2,163.60 3 1
github.com/toeirei/keymaster/internal/db/db.go:163.60,164.54 1 0
github.com/toeirei/keymaster/internal/db/db.go:164.54,166.4 1 0
github.com/toeirei/keymaster/internal/db/db.go:168.2,169.60 2 1
github.com/toeirei/keymaster/internal/db/db.go:169.60,170.54 1 0
github.com/toeirei/keymaster/internal/db/db.go:170.54,172.4 1 0
github.com/toeirei/keymaster/internal/db/db.go:179.2,179.45 1 1
github.com/toeirei/keymaster/internal/db/db.go:179.45,182.3 2 0
github.com/toeirei/keymaster/internal/db/db.go:183.2,184.71 2 1
github.com/toeirei/keymaster/internal/db/db.go:184.71,185.54 1 0
github.com/toeirei/keymaster/internal/db/db.go:185.54,187.4 1 0
github.com/toeirei/keymaster/internal/db/db.go:190.2,195.67 5 1
github.com/toeirei/keymaster/internal/db/db.go:195.67,196.54 1 0
github.com/toeirei/keymaster/internal/db/db.go:196.54,198.4 1 0
github.com/toeirei/keymaster/internal/db/db.go:200.2,206.53 5 1
github.com/toeirei/keymaster/internal/db/db.go:206.53,208.3 1 0
github.com/toeirei/keymaster/internal/db/db.go:209.2,213.16 3 1
github.com/toeirei/keymaster/internal/db/db.go:214.16,215.39 1 1
github.com/toeirei/keymaster/internal/db/db.go:216.18,217.41 1 0
github.com/toeirei/keymaster/internal/db/db.go:218.15,219.38 1 0
github.com/toeirei/keymaster/internal/db/db.go:220.10,221.87 1 0
github.com/toeirei/keymaster/internal/db/db.go:228.56,229.16 1 1
github.com/toeirei/keymaster/internal/db/db.go:230.16,231.47 1 1
github.com/toeirei/keymaster/internal/db/db.go:232.18,233.43 1 1
github.com/toeirei/keymaster/internal/db/db.go:234.15,235.46 1 1
github.com/toeirei/keymaster/internal/db/db.go:236.10,238.47 1 1
github.com/toeirei/keymaster/internal/db/db.go:245.53,251.16 5 1
github.com/toeirei/keymaster/internal/db/db.go:251.16,252.37 1 0
github.com/toeirei/keymaster/internal/db/db.go:252.37,255.4 1 0
github.com/toeirei/keymaster/internal/db/db.go:256.3,256.88 1 0
github.com/toeirei/keymaster/internal/db/db.go:260.2,261.28 2 1
github.com/toeirei/keymaster/internal/db/db.go:261.28,262.16 1 1
github.com/toeirei/keymaster/internal/db/db.go:262.16,263.12 1 0
github.com/toeirei/keymaster/internal/db/db.go:265.3,266.41 2 1
github.com/toeirei/keymaster/internal/db/db.go:266.41,268.4 1 1
github.com/toeirei/keymaster/internal/db/db.go:270.2,273.64 2 1
github.com/toeirei/keymaster/internal/db/db.go:273.64,275.3 1 0
github.com/toeirei/keymaster/internal/db/db.go:277.2,277.28 1 1
github.com/toeirei/keymaster/internal/db/db.go:277.28,283.27 4 1
github.com/toeirei/keymaster/internal/db/db.go:283.27,285.4 1 0
github.com/toeirei/keymaster/internal/db/db.go:286.3,287.17 2 1
github.com/toeirei/keymaster/internal/db/db.go:287.17,289.12 1 0
github.com/toeirei/keymaster/internal/db/db.go:291.3,291.27 1 1
github.com/toeirei/keymaster/internal/db/db.go:291.28,293.4 0 1
github.com/toeirei/keymaster/internal/db/db.go:293.9,295.4 1 0
github.com/toeirei/keymaster/internal/db/db.go:298.3,300.17 3 1
github.com/toeirei/keymaster/internal/db/db.go:300.17,302.4 1 0
github.com/toeirei/keymaster/internal/db/db.go:305.3,306.17 2 1
github.com/toeirei/keymaster/internal/db/db.go:306.17,308.4 1 0
github.com/toeirei/keymaster/internal/db/db.go:309.3,309.50 1 1
github.com/toeirei/keymaster/internal/db/db.go:309.50,312.4 2 0
github.com/toeirei/keymaster/internal/db/db.go:315.3,316.27 2 1
github.com/toeirei/keymaster/internal/db/db.go:316.27,318.4 1 0
github.com/toeirei/keymaster/internal/db/db.go:319.3,319.70 1 1
github.com/toeirei/keymaster/internal/db/db.go:319.70,322.4 2 0
github.com/toeirei/keymaster/internal/db/db.go:323.3,323.37 1 1
github.com/toeirei/keymaster/internal/db/db.go:323.37,326.4 2 0
github.com/toeirei/keymaster/internal/db/db.go:328.2,329.12 2 1
github.com/toeirei/keymaster/internal/db/db.go:334.67,338.23 1 1
github.com/toeirei/keymaster/internal/db/db.go:338.23,339.141 1 0
github.com/toeirei/keymaster/internal/db/db.go:339.141,341.4 1 0
github.com/toeirei/keymaster/internal/db/db.go:342.8,343.133 1 1
github.com/toeirei/keymaster/internal/db/db.go:343.133,345.4 1 0
github.com/toeirei/keymaster/internal/db/db.go:349.2,350.16 2 1
github.com/toeirei/keymaster/internal/db/db.go:351.16,353.17 2 1
github.com/toeirei/keymaster/internal/db/db.go:353.17,355.4 1 0
github.com/toeirei/keymaster/internal/db/db.go:356.3,356.16 1 1
github.com/toeirei/keymaster/internal/db/db.go:356.16,356.36 1 1
github.com/toeirei/keymaster/internal/db/db.go:357.3,357.19 1 1
github.com/toeirei/keymaster/internal/db/db.go:357.19,365.77 7 1
github.com/toeirei/keymaster/internal/db/db.go:365.77,367.5 1 0
github.com/toeirei/keymaster/internal/db/db.go:368.4,368.28 1 1
github.com/toeirei/keymaster/internal/db/db.go:368.28,370.10 2 1
github.com/toeirei/keymaster/internal/db/db.go:373.27,376.27 2 0
github.com/toeirei/keymaster/internal/db/db.go:376.27,378.4 1 0
github.com/toeirei/keymaster/internal/db/db.go:378.9,380.4 1 0
github.com/toeirei/keymaster/internal/db/db.go:381.3,382.17 2 0
github.com/toeirei/keymaster/internal/db/db.go:382.17,384.4 1 0
github.com/toeirei/keymaster/internal/db/db.go:385.3,385.16 1 0
github.com/toeirei/keymaster/internal/db/db.go:385.16,385.36 1 0
github.com/toeirei/keymaster/internal/db/db.go:386.3,386.19 1 0
github.com/toeirei/keymaster/internal/db/db.go:386.19,388.43 2 0
github.com/toeirei/keymaster/internal/db/db.go:388.43,390.5 1 0
github.com/toeirei/keymaster/internal/db/db.go:391.4,391.28 1 0
github.com/toeirei/keymaster/internal/db/db.go:391.28,393.10 2 0
github.com/toeirei/keymaster/internal/db/db.go:396.10,398.22 1 0
github.com/toeirei/keymaster/internal/db/db.go:401.2,401.19 1 1
github.com/toeirei/keymaster/internal/db/db.go:401.19,405.43 2 0
github.com/toeirei/keymaster/internal/db/db.go:405.43,407.4 1 0
github.com/toeirei/keymaster/internal/db/db.go:409.2,409.12 1 1
github.com/toeirei/keymaster/internal/db/db.go:413.48,415.2 1 0
github.com/toeirei/keymaster/internal/db/db.go:424.48,426.2 1 0
github.com/toeirei/keymaster/internal/db/db.go:429.40,431.2 1 0
github.com/toeirei/keymaster/internal/db/db.go:434.53,436.2 1 0
github.com/toeirei/keymaster/internal/db/db.go:439.59,441.2 1 0
github.com/toeirei/keymaster/internal/db/db.go:444.51,446.2 1 0
github.com/toeirei/keymaster/internal/db/db.go:449.54,451.2 1 0
github.com/toeirei/keymaster/internal/db/db.go:454.55,456.2 1 0
github.com/toeirei/keymaster/internal/db/db.go:459.50,461.2 1 1
github.com/toeirei/keymaster/internal/db/db.go:464.65,466.2 1 1
github.com/toeirei/keymaster/internal/db/db.go:470.65,472.2 1 1
github.com/toeirei/keymaster/internal/db/db.go:475.53,477.2 1 1
github.com/toeirei/keymaster/internal/db/db.go:480.65,482.2 1 1
github.com/toeirei/keymaster/internal/db/db.go:485.36,487.2 1 1
github.com/toeirei/keymaster/internal/db/db.go:494.61,496.2 1 1
github.com/toeirei/keymaster/internal/db/db.go:499.53,501.41 1 1
github.com/toeirei/keymaster/internal/db/db.go:501.41,503.3 1 1
github.com/toeirei/keymaster/internal/db/db.go:504.2,504.41 1 0
github.com/toeirei/keymaster/internal/db/db.go:508.128,510.2 1 1
github.com/toeirei/keymaster/internal/db/db.go:513.70,515.2 1 1
github.com/toeirei/keymaster/internal/db/db.go:518.46,520.2 1 1
github.com/toeirei/keymaster/internal/db/db.go:523.67,525.2 1 1
github.com/toeirei/keymaster/internal/db/db.go:528.71,530.2 1 1
github.com/toeirei/keymaster/internal/db/db.go:533.72,535.2 1 1
github.com/toeirei/keymaster/internal/db/db.go:538.55,540.2 1 1
github.com/toeirei/keymaster/internal/db/db.go:543.59,545.2 1 1
github.com/toeirei/keymaster/internal/db/db.go:548.62,550.2 1 1
github.com/toeirei/keymaster/internal/db/errors.go:20.34,21.16 1 1
github.com/toeirei/keymaster/internal/db/errors.go:21.16,23.3 1 1
github.com/toeirei/keymaster/internal/db/errors.go:24.2,26.138 2 1
github.com/toeirei/keymaster/internal/db/errors.go:26.138,28.3 1 1
github.com/toeirei/keymaster/internal/db/errors.go:29.2,29.12 1 1
github.com/toeirei/keymaster/internal/db/filter.go:16.88,17.22 1 1
github.com/toeirei/keymaster/internal/db/filter.go:17.22,19.3 1 1
github.com/toeirei/keymaster/internal/db/filter.go:20.2,21.29 2 1
github.com/toeirei/keymaster/internal/db/filter.go:21.29,28.30 5 1
github.com/toeirei/keymaster/internal/db/filter.go:28.30,30.17 2 1
github.com/toeirei/keymaster/internal/db/filter.go:30.17,31.13 1 1
github.com/toeirei/keymaster/internal/db/filter.go:33.4,33.99 1 1
github.com/toeirei/keymaster/internal/db/filter.go:33.99,35.10 2 1
github.com/toeirei/keymaster/internal/db/filter.go:38.3,38.17 1 1
github.com/toeirei/keymaster/internal/db/filter.go:38.17,40.4 1 1
github.com/toeirei/keymaster/internal/db/filter.go:42.2,42.12 1 1
github.com/toeirei/keymaster/internal/db/filter.go:48.90,49.22 1 0
github.com/toeirei/keymaster/internal/db/filter.go:49.22,51.3 1 0
github.com/toeirei/keymaster/internal/db/filter.go:52.2,53.25 2 0
github.com/toeirei/keymaster/internal/db/filter.go:53.25,59.30 5 0
github.com/toeirei/keymaster/internal/db/filter.go:59.30,61.17 2 0
github.com/toeirei/keymaster/internal/db/filter.go:61.17,62.13 1 0
github.com/toeirei/keymaster/internal/db/filter.go:64.4,64.102 1 0
github.com/toeirei/keymaster/internal/db/filter.go:64.102,66.10 2 0
github.com/toeirei/keymaster/internal/db/filter.go:69.3,69.17 1 0
github.com/toeirei/keymaster/internal/db/filter.go:69.17,71.4 1 0
github.com/toeirei/keymaster/internal/db/filter.go:73.2,73.12 1 0
github.com/toeirei/keymaster/internal/db/mysql.go:25.38,27.2 1 0
github.com/toeirei/keymaster/internal/db/mysql.go:30.64,35.9 2 0
github.com/toeirei/keymaster/internal/db/mysql.go:35.9,37.3 1 0
github.com/toeirei/keymaster/internal/db/mysql.go:38.2,38.15 1 0
github.com/toeirei/keymaster/internal/db/mysql.go:42.64,44.2 1 0
github.com/toeirei/keymaster/internal/db/mysql.go:46.86,48.16 2 0
github.com/toeirei/keymaster/internal/db/mysql.go:48.16,50.3 1 0
github.com/toeirei/keymaster/internal/db/mysql.go:51.2,51.16 1 0
github.com/toeirei/keymaster/internal/db/mysql.go:54.50,56.74 2 0
github.com/toeirei/keymaster/internal/db/mysql.go:56.74,58.3 1 0
github.com/toeirei/keymaster/internal/db/mysql.go:59.2,60.16 2 0
github.com/toeirei/keymaster/internal/db/mysql.go:60.16,62.3 1 0
github.com/toeirei/keymaster/internal/db/mysql.go:63.2,63.12 1 0
github.com/toeirei/keymaster/internal/db/mysql.go:66.64,68.2 1 0
github.com/toeirei/keymaster/internal/db/mysql.go:70.56,72.16 2 0
github.com/toeirei/keymaster/internal/db/mysql.go:72.16,74.3 1 0
github.com/toeirei/keymaster/internal/db/mysql.go:75.2,75.16 1 0
github.com/toeirei/keymaster/internal/db/mysql.go:75.16,77.3 1 0
github.com/toeirei/keymaster/internal/db/mysql.go:78.2,79.16 2 0
github.com/toeirei/keymaster/internal/db/mysql.go:79.16,82.3 2 0
github.com/toeirei/keymaster/internal/db/mysql.go:83.2,83.12 1 0
github.com/toeirei/keymaster/internal/db/mysql.go:86.69,88.16 2 0
github.com/toeirei/keymaster/internal/db/mysql.go:88.16,90.3 1 0
github.com/toeirei/keymaster/internal/db/mysql.go:91.2,91.12 1 0
github.com/toeirei/keymaster/internal/db/mysql.go:94.75,96.2 1 0
github.com/toeirei/keymaster/internal/db/mysql.go:98.67,100.16 2 0
github.com/toeirei/keymaster/internal/db/mysql.go:100.16,102.3 1 0
github.com/toeirei/keymaster/internal/db/mysql.go:103.2,103.12 1 0
github.com/toeirei/keymaster/internal/db/mysql.go:106.70,108.2 1 0
github.com/toeirei/keymaster/internal/db/mysql.go:113.71,115.2 1 0
github.com/toeirei/keymaster/internal/db/mysql.go:117.66,119.16 2 0
github.com/toeirei/keymaster/internal/db/mysql.go:119.16,121.3 1 0
github.com/toeirei/keymaster/internal/db/mysql.go:122.2,122.12 1 0
github.com/toeirei/keymaster/internal/db/mysql.go:124.81,126.16 2 0
github.com/toeirei/keymaster/internal/db/mysql.go:126.16,128.3 1 0
github.com/toeirei/keymaster/internal/db/mysql.go:129.2,129.23 1 0
github.com/toeirei/keymaster/internal/db/mysql.go:131.81,133.16 2 0
github.com/toeirei/keymaster/internal/db/mysql.go:133.16,135.3 1 0
github.com/toeirei/keymaster/internal/db/mysql.go:136.2,136.23 1 0
github.com/toeirei/keymaster/internal/db/mysql.go:138.69,140.2 1 0
github.com/toeirei/keymaster/internal/db/mysql.go:141.81,143.2 1 0
github.com/toeirei/keymaster/internal/db/mysql.go:144.52,146.2 1 0
github.com/toeirei/keymaster/internal/db/mysql.go:153.76,156.2 1 0
github.com/toeirei/keymaster/internal/db/mysql.go:157.77,159.2 1 0
github.com/toeirei/keymaster/internal/db/mysql.go:161.69,163.2 1 0
github.com/toeirei/keymaster/internal/db/mysql.go:166.144,168.2 1 0
github.com/toeirei/keymaster/internal/db/mysql.go:171.86,173.2 1 0
github.com/toeirei/keymaster/internal/db/mysql.go:176.62,178.2 1 0
github.com/toeirei/keymaster/internal/db/mysql.go:181.83,183.2 1 0
github.com/toeirei/keymaster/internal/db/mysql.go:186.87,188.2 1 0
github.com/toeirei/keymaster/internal/db/mysql.go:191.88,193.2 1 0
github.com/toeirei/keymaster/internal/db/mysql.go:197.71,199.2 1 0
github.com/toeirei/keymaster/internal/db/mysql.go:203.75,205.2 1 0
github.com/toeirei/keymaster/internal/db/mysql.go:209.78,211.2 1 0
github.com/toeirei/keymaster/internal/db/postgres.go:25.41,27.2 1 0
github.com/toeirei/keymaster/internal/db/postgres.go:30.70,34.9 2 0
github.com/toeirei/keymaster/internal/db/postgres.go:34.9,36.3 1 0
github.com/toeirei/keymaster/internal/db/postgres.go:37.2,37.15 1 0
github.com/toeirei/keymaster/internal/db/postgres.go:42.67,44.2 1 0
github.com/toeirei/keymaster/internal/db/postgres.go:46.89,48.16 2 0
github.com/toeirei/keymaster/internal/db/postgres.go:48.16,50.3 1 0
github.com/toeirei/keymaster/internal/db/postgres.go:51.2,51.16 1 0
github.com/toeirei/keymaster/internal/db/postgres.go:54.53,56.74 2 0
github.com/toeirei/keymaster/internal/db/postgres.go:56.74,58.3 1 0
github.com/toeirei/keymaster/internal/db/postgres.go:59.2,60.16 2 0
github.com/toeirei/keymaster/internal/db/postgres.go:60.16,62.3 1 0
github.com/toeirei/keymaster/internal/db/postgres.go:63.2,63.12 1 0
github.com/toeirei/keymaster/internal/db/postgres.go:66.67,68.2 1 0
github.com/toeirei/keymaster/internal/db/postgres.go:70.59,72.16 2 0
github.com/toeirei/keymaster/internal/db/postgres.go:72.16,74.3 1 0
github.com/toeirei/keymaster/internal/db/postgres.go:75.2,75.16 1 0
github.com/toeirei/keymaster/internal/db/postgres.go:75.16,77.3 1 0
github.com/toeirei/keymaster/internal/db/postgres.go:78.2,79.16 2 0
github.com/toeirei/keymaster/internal/db/postgres.go:79.16,82.3 2 0
github.com/toeirei/keymaster/internal/db/postgres.go:83.2,83.12 1 0
github.com/toeirei/keymaster/internal/db/postgres.go:86.72,88.16 2 0
github.com/toeirei/keymaster/internal/db/postgres.go:88.16,90.3 1 0
github.com/toeirei/keymaster/internal/db/postgres.go:91.2,91.12 1 0
github.com/toeirei/keymaster/internal/db/postgres.go:94.78,96.2 1 0
github.com/toeirei/keymaster/internal/db/postgres.go:98.70,100.16 2 0
github.com/toeirei/keymaster/internal/db/postgres.go:100.16,102.3 1 0
github.com/toeirei/keymaster/internal/db/postgres.go:103.2,103.12 1 0
github.com/toeirei/keymaster/internal/db/postgres.go:106.73,108.2 1 0
github.com/toeirei/keymaster/internal/db/postgres.go:111.74,113.2 1 0
github.com/toeirei/keymaster/internal/db/postgres.go:115.69,117.16 2 0
github.com/toeirei/keymaster/internal/db/postgres.go:117.16,119.3 1 0
github.com/toeirei/keymaster/internal/db/postgres.go:120.2,120.12 1 0
github.com/toeirei/keymaster/internal/db/postgres.go:123.84,125.16 2 0
github.com/toeirei/keymaster/internal/db/postgres.go:125.16,127.3 1 0
github.com/toeirei/keymaster/internal/db/postgres.go:128.2,128.23 1 0
github.com/toeirei/keymaster/internal/db/postgres.go:131.84,133.16 2 0
github.com/toeirei/keymaster/internal/db/postgres.go:133.16,135.3 1 0
github.com/toeirei/keymaster/internal/db/postgres.go:136.2,136.23 1 0
github.com/toeirei/keymaster/internal/db/postgres.go:139.72,141.2 1 0
github.com/toeirei/keymaster/internal/db/postgres.go:143.84,145.2 1 0
github.com/toeirei/keymaster/internal/db/postgres.go:147.55,149.2 1 0
github.com/toeirei/keymaster/internal/db/postgres.go:156.79,159.2 1 0
github.com/toeirei/keymaster/internal/db/postgres.go:161.80,163.2 1 0
github.com/toeirei/keymaster/internal/db/postgres.go:165.72,168.2 1 0
github.com/toeirei/keymaster/internal/db/postgres.go:171.147,173.2 1 0
github.com/toeirei/keymaster/internal/db/postgres.go:176.89,178.2 1 0
github.com/toeirei/keymaster/internal/db/postgres.go:181.65,183.2 1 0
github.com/toeirei/keymaster/internal/db/postgres.go:186.86,188.2 1 0
github.com/toeirei/keymaster/internal/db/postgres.go:191.90,193.2 1 0
github.com/toeirei/keymaster/internal/db/postgres.go:196.91,198.2 1 0
github.com/toeirei/keymaster/internal/db/postgres.go:202.74,204.2 1 0
github.com/toeirei/keymaster/internal/db/postgres.go:208.78,210.2 1 0
github.com/toeirei/keymaster/internal/db/postgres.go:214.81,216.2 1 0
github.com/toeirei/keymaster/internal/db/search.go:11.45,13.13 2 1
github.com/toeirei/keymaster/internal/db/search.go:13.13,15.3 1 1
github.com/toeirei/keymaster/internal/db/search.go:16.2,18.26 3 1
github.com/toeirei/keymaster/internal/db/search.go:18.26,20.14 2 1
github.com/toeirei/keymaster/internal/db/search.go:20.14,22.4 1 1
github.com/toeirei/keymaster/internal/db/search.go:24.2,24.12 1 1
github.com/toeirei/keymaster/internal/db/searcher.go:27.57,29.2 1 1
github.com/toeirei/keymaster/internal/db/searcher.go:33.59,35.2 1 1
github.com/toeirei/keymaster/internal/db/searcher.go:38.80,40.2 1 1
github.com/toeirei/keymaster/internal/db/searcher.go:45.47,47.28 1 1
github.com/toeirei/keymaster/internal/db/searcher.go:47.28,49.3 1 1
github.com/toeirei/keymaster/internal/db/searcher.go:50.2,50.18 1 1
github.com/toeirei/keymaster/internal/db/searcher.go:50.18,52.3 1 0
github.com/toeirei/keymaster/internal/db/searcher.go:53.2,53.43 1 1
github.com/toeirei/keymaster/internal/db/searcher.go:61.51,63.2 1 1
github.com/toeirei/keymaster/internal/db/searcher.go:66.36,68.2 1 1
github.com/toeirei/keymaster/internal/db/searcher.go:81.53,83.2 1 1
github.com/toeirei/keymaster/internal/db/searcher.go:87.55,89.2 1 1
github.com/toeirei/keymaster/internal/db/searcher.go:92.83,94.2 1 1
github.com/toeirei/keymaster/internal/db/searcher.go:99.43,100.33 1 1
github.com/toeirei/keymaster/internal/db/searcher.go:100.33,102.3 1 1
github.com/toeirei/keymaster/internal/db/searcher.go:103.2,103.18 1 1
github.com/toeirei/keymaster/internal/db/searcher.go:103.18,105.3 1 0
github.com/toeirei/keymaster/internal/db/searcher.go:106.2,106.41 1 1
github.com/toeirei/keymaster/internal/db/searcher.go:114.47,116.2 1 1
github.com/toeirei/keymaster/internal/db/searcher.go:119.34,121.2 1 1
github.com/toeirei/keymaster/internal/db/searcher.go:134.49,136.2 1 1
github.com/toeirei/keymaster/internal/db/searcher.go:140.51,142.2 1 1
github.com/toeirei/keymaster/internal/db/searcher.go:145.80,147.2 1 1
github.com/toeirei/keymaster/internal/db/searcher.go:152.39,153.31 1 1
github.com/toeirei/keymaster/internal/db/searcher.go:153.31,155.3 1 1
github.com/toeirei/keymaster/internal/db/searcher.go:156.2,156.18 1 1
github.com/toeirei/keymaster/internal/db/searcher.go:156.18,158.3 1 0
github.com/toeirei/keymaster/internal/db/searcher.go:159.2,159.39 1 1
github.com/toeirei/keymaster/internal/db/searcher.go:167.43,169.2 1 1
github.com/toeirei/keymaster/internal/db/searcher.go:172.32,174.2 1 1
github.com/toeirei/keymaster/internal/db/searcher.go:186.45,187.34 1 1
github.com/toeirei/keymaster/internal/db/searcher.go:187.34,189.3 1 1
github.com/toeirei/keymaster/internal/db/searcher.go:190.2,190.18 1 1
github.com/toeirei/keymaster/internal/db/searcher.go:190.18,192.3 1 0
github.com/toeirei/keymaster/internal/db/searcher.go:194.2,194.42 1 1
github.com/toeirei/keymaster/internal/db/searcher.go:202.93,204.2 1 1
github.com/toeirei/keymaster/internal/db/searcher.go:206.57,208.2 1 1
github.com/toeirei/keymaster/internal/db/searcher.go:215.49,217.2 1 1
github.com/toeirei/keymaster/internal/db/searcher.go:220.35,222.2 1 1
github.com/toeirei/keymaster/internal/db/searcher.go:246.37,247.30 1 1
github.com/toeirei/keymaster/internal/db/searcher.go:247.30,249.3 1 1
github.com/toeirei/keymaster/internal/db/searcher.go:250.2,250.18 1 1
github.com/toeirei/keymaster/internal/db/searcher.go:250.18,252.3 1 0
github.com/toeirei/keymaster/internal/db/searcher.go:253.2,253.38 1 1
github.com/toeirei/keymaster/internal/db/searcher.go:259.116,261.16 2 1
github.com/toeirei/keymaster/internal/db/searcher.go:261.16,263.3 1 1
github.com/toeirei/keymaster/internal/db/searcher.go:264.2,264.12 1 1
github.com/toeirei/keymaster/internal/db/searcher.go:267.147,269.29 2 1
github.com/toeirei/keymaster/internal/db/searcher.go:269.29,271.3 1 1
github.com/toeirei/keymaster/internal/db/searcher.go:272.2,272.16 1 1
github.com/toeirei/keymaster/internal/db/searcher.go:275.55,277.67 2 1
github.com/toeirei/keymaster/internal/db/searcher.go:277.67,279.3 1 1
github.com/toeirei/keymaster/internal/db/searcher.go:280.2,281.16 2 1
github.com/toeirei/keymaster/internal/db/searcher.go:281.16,283.3 1 1
github.com/toeirei/keymaster/internal/db/searcher.go:284.2,284.12 1 1
github.com/toeirei/keymaster/internal/db/searcher.go:287.61,289.16 2 1
github.com/toeirei/keymaster/internal/db/searcher.go:289.16,291.3 1 1
github.com/toeirei/keymaster/internal/db/searcher.go:292.2,292.12 1 1
github.com/toeirei/keymaster/internal/db/searcher.go:295.79,297.16 2 0
github.com/toeirei/keymaster/internal/db/searcher.go:297.16,299.3 1 0
github.com/toeirei/keymaster/internal/db/searcher.go:300.2,300.12 1 0
github.com/toeirei/keymaster/internal/db/searcher.go:303.71,305.2 1 1
github.com/toeirei/keymaster/internal/db/searcher.go:307.89,309.2 1 1
github.com/toeirei/keymaster/internal/db/searcher.go:311.74,313.2 1 1
github.com/toeirei/keymaster/internal/db/searcher.go:314.72,316.16 2 1
github.com/toeirei/keymaster/internal/db/searcher.go:316.16,318.71 2 1
github.com/toeirei/keymaster/internal/db/searcher.go:318.71,320.4 1 1
github.com/toeirei/keymaster/internal/db/searcher.go:321.3,321.75 1 1
github.com/toeirei/keymaster/internal/db/searcher.go:321.75,324.4 2 1
github.com/toeirei/keymaster/internal/db/searcher.go:325.3,326.48 2 1
github.com/toeirei/keymaster/internal/db/searcher.go:328.2,328.12 1 1
github.com/toeirei/keymaster/internal/db/searcher.go:331.76,333.70 2 1
github.com/toeirei/keymaster/internal/db/searcher.go:333.70,335.3 1 1
github.com/toeirei/keymaster/internal/db/searcher.go:336.2,336.74 1 1
github.com/toeirei/keymaster/internal/db/searcher.go:336.74,339.3 2 1
github.com/toeirei/keymaster/internal/db/searcher.go:340.2,342.16 3 1
github.com/toeirei/keymaster/internal/db/searcher.go:342.16,344.3 1 1
github.com/toeirei/keymaster/internal/db/searcher.go:345.2,345.12 1 1
github.com/toeirei/keymaster/internal/db/searcher.go:348.85,350.2 1 1
github.com/toeirei/keymaster/internal/db/searcher.go:352.79,354.2 1 1
github.com/toeirei/keymaster/internal/db/searcher.go:360.41,360.66 1 1
github.com/toeirei/keymaster/internal/db/searcher.go:363.31,363.58 1 1
github.com/toeirei/keymaster/internal/db/searcher.go:376.49,378.2 1 1
github.com/toeirei/keymaster/internal/db/searcher.go:382.51,384.2 1 1
github.com/toeirei/keymaster/internal/db/searcher.go:387.73,389.2 1 1
github.com/toeirei/keymaster/internal/db/searcher.go:394.39,395.31 1 1
github.com/toeirei/keymaster/internal/db/searcher.go:395.31,397.3 1 1
github.com/toeirei/keymaster/internal/db/searcher.go:398.2,398.18 1 1
github.com/toeirei/keymaster/internal/db/searcher.go:398.18,400.3 1 0
github.com/toeirei/keymaster/internal/db/searcher.go:401.2,401.39 1 1
github.com/toeirei/keymaster/internal/db/searcher.go:409.43,411.2 1 1
github.com/toeirei/keymaster/internal/db/searcher.go:414.32,416.2 1 1
github.com/toeirei/keymaster/internal/db/searcher_fake.go:23.85,24.18 1 0
github.com/toeirei/keymaster/internal/db/searcher_fake.go:24.18,26.3 1 0
github.com/toeirei/keymaster/internal/db/searcher_fake.go:27.2,27.22 1 0
github.com/toeirei/keymaster/internal/db/searcher_fake.go:27.22,29.3 1 0
github.com/toeirei/keymaster/internal/db/searcher_fake.go:30.2,30.23 1 0
github.com/toeirei/keymaster/internal/db/searcher_fake.go:43.85,44.18 1 0
github.com/toeirei/keymaster/internal/db/searcher_fake.go:44.18,46.3 1 0
github.com/toeirei/keymaster/internal/db/searcher_fake.go:47.2,47.22 1 0
github.com/toeirei/keymaster/internal/db/searcher_fake.go:47.22,49.3 1 0
github.com/toeirei/keymaster/internal/db/searcher_fake.go:50.2,50.23 1 0
github.com/toeirei/keymaster/internal/db/searcher_fake.go:60.84,61.18 1 0
github.com/toeirei/keymaster/internal/db/searcher_fake.go:61.18,63.3 1 0
github.com/toeirei/keymaster/internal/db/searcher_fake.go:64.2,64.22 1 0
github.com/toeirei/keymaster/internal/db/searcher_fake.go:64.22,66.3 1 0
github.com/toeirei/keymaster/internal/db/searcher_fake.go:67.2,67.23 1 0
github.com/toeirei/keymaster/internal/db/searcher_fake.go:79.74,80.18 1 0
github.com/toeirei/keymaster/internal/db/searcher_fake.go:80.18,82.3 1 0
github.com/toeirei/keymaster/internal/db/searcher_fake.go:83.2,84.12 2 0
github.com/toeirei/keymaster/internal/db/searcher_fake.go:97.94,98.18 1 0
github.com/toeirei/keymaster/internal/db/searcher_fake.go:98.18,100.3 1 0
github.com/toeirei/keymaster/internal/db/searcher_fake.go:101.2,102.19 2 0
github.com/toeirei/keymaster/internal/db/searcher_fake.go:102.19,104.3 1 0
github.com/toeirei/keymaster/internal/db/searcher_fake.go:105.2,105.22 1 0
github.com/toeirei/keymaster/internal/db/searcher_fake.go:108.58,109.18 1 0
github.com/toeirei/keymaster/internal/db/searcher_fake.go:109.18,111.3 1 0
github.com/toeirei/keymaster/internal/db/searcher_fake.go:112.2,113.12 2 0
github.com/toeirei/keymaster/internal/db/searcher_fake.go:124.117,125.18 1 0
github.com/toeirei/keymaster/internal/db/searcher_fake.go:125.18,127.3 1 0
github.com/toeirei/keymaster/internal/db/searcher_fake.go:128.2,129.12 2 0
github.com/toeirei/keymaster/internal/db/searcher_fake.go:132.148,133.18 1 0
github.com/toeirei/keymaster/internal/db/searcher_fake.go:133.18,135.3 1 0
github.com/toeirei/keymaster/internal/db/searcher_fake.go:136.2,137.13 2 0
github.com/toeirei/keymaster/internal/db/searcher_fake.go:137.13,139.3 1 0
github.com/toeirei/keymaster/internal/db/searcher_fake.go:140.2,141.25 2 0
github.com/toeirei/keymaster/internal/db/searcher_fake.go:141.25,143.3 1 0
github.com/toeirei/keymaster/internal/db/searcher_fake.go:144.2,145.16 2 0
github.com/toeirei/keymaster/internal/db/searcher_fake.go:148.56,149.18 1 0
github.com/toeirei/keymaster/internal/db/searcher_fake.go:149.18,151.3 1 0
github.com/toeirei/keymaster/internal/db/searcher_fake.go:152.2,153.12 2 0
github.com/toeirei/keymaster/internal/db/searcher_fake.go:156.62,157.18 1 0
github.com/toeirei/keymaster/internal/db/searcher_fake.go:157.18,159.3 1 0
github.com/toeirei/keymaster/internal/db/searcher_fake.go:160.2,161.12 2 0
github.com/toeirei/keymaster/internal/db/searcher_fake.go:164.72,165.18 1 0
github.com/toeirei/keymaster/internal/db/searcher_fake.go:165.18,167.3 1 0
github.com/toeirei/keymaster/internal/db/searcher_fake.go:168.2,168.23 1 0
github.com/toeirei/keymaster/internal/db/searcher_fake.go:171.90,172.18 1 0
github.com/toeirei/keymaster/internal/db/searcher_fake.go:172.18,174.3 1 0
github.com/toeirei/keymaster/internal/db/searcher_fake.go:175.2,175.30 1 0
github.com/toeirei/keymaster/internal/db/searcher_fake.go:175.30,176.27 1 0
github.com/toeirei/keymaster/internal/db/searcher_fake.go:176.27,178.4 1 0
github.com/toeirei/keymaster/internal/db/searcher_fake.go:180.2,180.17 1 0
github.com/toeirei/keymaster/internal/db/searcher_fake.go:183.75,184.18 1 0
github.com/toeirei/keymaster/internal/db/searcher_fake.go:184.18,186.3 1 0
github.com/toeirei/keymaster/internal/db/searcher_fake.go:187.2,188.30 2 0
github.com/toeirei/keymaster/internal/db/searcher_fake.go:188.30,189.17 1 0
github.com/toeirei/keymaster/internal/db/searcher_fake.go:189.17,191.4 1 0
github.com/toeirei/keymaster/internal/db/searcher_fake.go:193.2,193.17 1 0
github.com/toeirei/keymaster/internal/db/searcher_fake.go:196.73,197.18 1 0
github.com/toeirei/keymaster/internal/db/searcher_fake.go:197.18,199.3 1 0
github.com/toeirei/keymaster/internal/db/searcher_fake.go:200.2,201.12 2 0
github.com/toeirei/keymaster/internal/db/searcher_fake.go:204.77,205.18 1 0
github.com/toeirei/keymaster/internal/db/searcher_fake.go:205.18,207.3 1 0
github.com/toeirei/keymaster/internal/db/searcher_fake.go:208.2,209.12 2 0
github.com/toeirei/keymaster/internal/db/searcher_fake.go:212.86,213.18 1 0
github.com/toeirei/keymaster/internal/db/searcher_fake.go:213.18,215.3 1 0
github.com/toeirei/keymaster/internal/db/searcher_fake.go:216.2,216.23 1 0
github.com/toeirei/keymaster/internal/db/searcher_fake.go:219.80,220.18 1 0
github.com/toeirei/keymaster/internal/db/searcher_fake.go:220.18,222.3 1 0
github.com/toeirei/keymaster/internal/db/searcher_fake.go:223.2,223.31 1 0
github.com/toeirei/keymaster/internal/db/searcher_fake.go:226.80,227.18 1 0
github.com/toeirei/keymaster/internal/db/searcher_fake.go:227.18,229.3 1 0
github.com/toeirei/keymaster/internal/db/searcher_fake.go:230.2,231.12 2 0
github.com/toeirei/keymaster/internal/db/sqlite.go:23.39,25.2 1 1
github.com/toeirei/keymaster/internal/db/sqlite.go:28.66,31.16 2 0
github.com/toeirei/keymaster/internal/db/sqlite.go:31.16,33.3 1 0
github.com/toeirei/keymaster/internal/db/sqlite.go:34.2,35.9 2 0
github.com/toeirei/keymaster/internal/db/sqlite.go:35.9,37.3 1 0
github.com/toeirei/keymaster/internal/db/sqlite.go:38.2,38.16 1 0
github.com/toeirei/keymaster/internal/db/sqlite.go:42.65,44.2 1 0
github.com/toeirei/keymaster/internal/db/sqlite.go:47.87,49.16 2 1
github.com/toeirei/keymaster/internal/db/sqlite.go:49.16,51.3 1 1
github.com/toeirei/keymaster/internal/db/sqlite.go:52.2,52.16 1 1
github.com/toeirei/keymaster/internal/db/sqlite.go:56.51,59.74 2 1
github.com/toeirei/keymaster/internal/db/sqlite.go:59.74,61.3 1 1
github.com/toeirei/keymaster/internal/db/sqlite.go:62.2,63.16 2 1
github.com/toeirei/keymaster/internal/db/sqlite.go:63.16,65.3 1 1
github.com/toeirei/keymaster/internal/db/sqlite.go:66.2,66.12 1 1
github.com/toeirei/keymaster/internal/db/sqlite.go:70.65,72.2 1 0
github.com/toeirei/keymaster/internal/db/sqlite.go:75.57,78.16 2 0
github.com/toeirei/keymaster/internal/db/sqlite.go:78.16,80.3 1 0
github.com/toeirei/keymaster/internal/db/sqlite.go:81.2,81.16 1 0
github.com/toeirei/keymaster/internal/db/sqlite.go:81.16,83.3 1 0
github.com/toeirei/keymaster/internal/db/sqlite.go:84.2,85.16 2 0
github.com/toeirei/keymaster/internal/db/sqlite.go:85.16,88.3 2 0
github.com/toeirei/keymaster/internal/db/sqlite.go:89.2,89.12 1 0
github.com/toeirei/keymaster/internal/db/sqlite.go:93.70,95.16 2 0
github.com/toeirei/keymaster/internal/db/sqlite.go:95.16,97.3 1 0
github.com/toeirei/keymaster/internal/db/sqlite.go:98.2,98.12 1 0
github.com/toeirei/keymaster/internal/db/sqlite.go:103.76,105.2 1 0
github.com/toeirei/keymaster/internal/db/sqlite.go:108.68,110.16 2 0
github.com/toeirei/keymaster/internal/db/sqlite.go:110.16,112.3 1 0
github.com/toeirei/keymaster/internal/db/sqlite.go:113.2,113.12 1 0
github.com/toeirei/keymaster/internal/db/sqlite.go:117.71,119.2 1 0
github.com/toeirei/keymaster/internal/db/sqlite.go:124.72,126.2 1 0
github.com/toeirei/keymaster/internal/db/sqlite.go:129.67,131.16 2 1
github.com/toeirei/keymaster/internal/db/sqlite.go:131.16,133.3 1 1
github.com/toeirei/keymaster/internal/db/sqlite.go:134.2,134.12 1 1
github.com/toeirei/keymaster/internal/db/sqlite.go:138.82,140.16 2 1
github.com/toeirei/keymaster/internal/db/sqlite.go:140.16,142.3 1 1
github.com/toeirei/keymaster/internal/db/sqlite.go:143.2,143.23 1 1
github.com/toeirei/keymaster/internal/db/sqlite.go:148.82,153.16 2 1
github.com/toeirei/keymaster/internal/db/sqlite.go:153.16,155.3 1 1
github.com/toeirei/keymaster/internal/db/sqlite.go:156.2,156.23 1 1
github.com/toeirei/keymaster/internal/db/sqlite.go:160.70,162.2 1 1
github.com/toeirei/keymaster/internal/db/sqlite.go:165.82,167.2 1 1
github.com/toeirei/keymaster/internal/db/sqlite.go:170.53,172.2 1 1
github.com/toeirei/keymaster/internal/db/sqlite.go:176.53,179.74 2 0
github.com/toeirei/keymaster/internal/db/sqlite.go:179.74,181.3 1 0
github.com/toeirei/keymaster/internal/db/sqlite.go:182.2,183.16 2 0
github.com/toeirei/keymaster/internal/db/sqlite.go:183.16,185.3 1 0
github.com/toeirei/keymaster/internal/db/sqlite.go:186.2,186.12 1 0
github.com/toeirei/keymaster/internal/db/sqlite.go:193.77,196.2 1 0
github.com/toeirei/keymaster/internal/db/sqlite.go:199.78,201.2 1 1
github.com/toeirei/keymaster/internal/db/sqlite.go:204.70,206.2 1 1
github.com/toeirei/keymaster/internal/db/sqlite.go:209.145,211.2 1 1
github.com/toeirei/keymaster/internal/db/sqlite.go:214.87,216.2 1 1
github.com/toeirei/keymaster/internal/db/sqlite.go:219.63,221.2 1 1
github.com/toeirei/keymaster/internal/db/sqlite.go:224.84,226.2 1 1
github.com/toeirei/keymaster/internal/db/sqlite.go:229.88,231.2 1 1
github.com/toeirei/keymaster/internal/db/sqlite.go:234.89,236.2 1 1
github.com/toeirei/keymaster/internal/db/sqlite.go:240.72,242.2 1 1
github.com/toeirei/keymaster/internal/db/sqlite.go:246.76,248.2 1 1
github.com/toeirei/keymaster/internal/db/sqlite.go:252.79,254.2 1 1
github.com/toeirei/keymaster/internal/core/assign_ops.go:21.147,24.25 2 1
github.com/toeirei/keymaster/internal/core/assign_ops.go:24.25,25.20 1 1
github.com/toeirei/keymaster/internal/core/assign_ops.go:25.20,27.9 2 1
github.com/toeirei/keymaster/internal/core/assign_ops.go:30.2,30.13 1 1
github.com/toeirei/keymaster/internal/core/assign_ops.go:30.13,32.3 1 0
github.com/toeirei/keymaster/internal/core/assign_ops.go:33.2,33.23 1 1
github.com/toeirei/keymaster/internal/core/assign_ops.go:33.23,35.3 1 0
github.com/toeirei/keymaster/internal/core/assign_ops.go:36.2,36.53 1 1
github.com/toeirei/keymaster/internal/core/assign_ops.go:36.53,38.3 1 0
github.com/toeirei/keymaster/internal/core/assign_ops.go:39.2,39.21 1 1
github.com/toeirei/keymaster/internal/core/assign_ops.go:39.21,41.3 1 0
github.com/toeirei/keymaster/internal/core/assign_ops.go:42.2,43.22 2 1
github.com/toeirei/keymaster/internal/core/assign_ops.go:48.129,49.25 1 1
github.com/toeirei/keymaster/internal/core/assign_ops.go:49.25,51.3 1 0
github.com/toeirei/keymaster/internal/core/assign_ops.go:52.2,52.55 1 1
github.com/toeirei/keymaster/internal/core/assign_ops.go:52.55,54.3 1 0
github.com/toeirei/keymaster/internal/core/assign_ops.go:55.2,55.21 1 1
github.com/toeirei/keymaster/internal/core/assign_ops.go:55.21,57.3 1 1
github.com/toeirei/keymaster/internal/core/assign_ops.go:58.2,58.22 1 1
github.com/toeirei/keymaster/internal/core/assign_ops.go:63.75,64.23 1 1
github.com/toeirei/keymaster/internal/core/assign_ops.go:64.23,66.3 1 0
github.com/toeirei/keymaster/internal/core/assign_ops.go:67.2,67.29 1 1
github.com/toeirei/keymaster/internal/core/assign_ops.go:67.29,68.52 1 1
github.com/toeirei/keymaster/internal/core/assign_ops.go:68.52,70.4 1 1
github.com/toeirei/keymaster/internal/core/assign_ops.go:72.2,72.12 1 0
github.com/toeirei/keymaster/internal/core/audit_ops.go:11.44,12.9 1 1
github.com/toeirei/keymaster/internal/core/audit_ops.go:17.49,18.16 1 1
github.com/toeirei/keymaster/internal/core/audit_ops.go:25.50,26.18 1 1
github.com/toeirei/keymaster/internal/core/audit_ops.go:29.47,30.15 1 1
github.com/toeirei/keymaster/internal/core/audit_ops.go:31.10,32.16 1 1
github.com/toeirei/keymaster/internal/core/bootstrap_contract.go:153.123,156.109 1 1
github.com/toeirei/keymaster/internal/core/bootstrap_contract.go:156.109,158.3 1 0
github.com/toeirei/keymaster/internal/core/bootstrap_contract.go:164.2,169.30 4 1
github.com/toeirei/keymaster/internal/core/bootstrap_contract.go:169.30,171.3 1 0
github.com/toeirei/keymaster/internal/core/bootstrap_contract.go:171.8,171.35 1 1
github.com/toeirei/keymaster/internal/core/bootstrap_contract.go:171.35,173.3 1 1
github.com/toeirei/keymaster/internal/core/bootstrap_contract.go:173.8,175.3 1 0
github.com/toeirei/keymaster/internal/core/bootstrap_contract.go:176.2,176.16 1 1
github.com/toeirei/keymaster/internal/core/bootstrap_contract.go:176.16,178.3 1 0
github.com/toeirei/keymaster/internal/core/bootstrap_contract.go:180.2,183.27 2 1
github.com/toeirei/keymaster/internal/core/bootstrap_contract.go:183.27,184.32 1 1
github.com/toeirei/keymaster/internal/core/bootstrap_contract.go:184.32,186.4 1 1
github.com/toeirei/keymaster/internal/core/bootstrap_contract.go:186.9,186.38 1 0
github.com/toeirei/keymaster/internal/core/bootstrap_contract.go:186.38,188.4 1 0
github.com/toeirei/keymaster/internal/core/bootstrap_contract.go:192.2,192.36 1 1
github.com/toeirei/keymaster/internal/core/bootstrap_contract.go:192.36,193.45 1 1
github.com/toeirei/keymaster/internal/core/bootstrap_contract.go:193.45,194.28 1 1
github.com/toeirei/keymaster/internal/core/bootstrap_contract.go:194.28,195.76 1 0
github.com/toeirei/keymaster/internal/core/bootstrap_contract.go:195.76,198.6 2 0
github.com/toeirei/keymaster/internal/core/bootstrap_contract.go:199.10,199.36 1 1
github.com/toeirei/keymaster/internal/core/bootstrap_contract.go:199.36,200.58 1 1
github.com/toeirei/keymaster/internal/core/bootstrap_contract.go:200.58,203.6 2 1
github.com/toeirei/keymaster/internal/core/bootstrap_contract.go:204.11,206.5 0 0
github.com/toeirei/keymaster/internal/core/bootstrap_contract.go:211.2,211.37 1 1
github.com/toeirei/keymaster/internal/core/bootstrap_contract.go:211.37,214.3 2 0
github.com/toeirei/keymaster/internal/core/bootstrap_contract.go:215.2,216.16 2 1
github.com/toeirei/keymaster/internal/core/bootstrap_contract.go:216.16,219.3 2 1
github.com/toeirei/keymaster/internal/core/bootstrap_contract.go:222.2,223.38 2 1
github.com/toeirei/keymaster/internal/core/bootstrap_contract.go:223.38,225.18 2 1
github.com/toeirei/keymaster/internal/core/bootstrap_contract.go:225.18,228.4 2 1
github.com/toeirei/keymaster/internal/core/bootstrap_contract.go:229.3,229.15 1 1
github.com/toeirei/keymaster/internal/core/bootstrap_contract.go:229.15,230.58 1 1
github.com/toeirei/keymaster/internal/core/bootstrap_contract.go:230.58,234.5 3 1
github.com/toeirei/keymaster/internal/core/bootstrap_contract.go:235.4,236.19 2 1
github.com/toeirei/keymaster/internal/core/bootstrap_contract.go:241.2,241.36 1 1
github.com/toeirei/keymaster/internal/core/bootstrap_contract.go:241.36,242.52 1 1
github.com/toeirei/keymaster/internal/core/bootstrap_contract.go:242.52,246.4 1 1
github.com/toeirei/keymaster/internal/core/bootstrap_contract.go:250.2,251.25 2 1
github.com/toeirei/keymaster/internal/core/bootstrap_contract.go:251.25,253.3 1 1
github.com/toeirei/keymaster/internal/core/bootstrap_contract.go:253.8,253.33 1 1
github.com/toeirei/keymaster/internal/core/bootstrap_contract.go:253.33,255.3 1 1
github.com/toeirei/keymaster/internal/core/bootstrap_contract.go:258.2,263.57 4 1
github.com/toeirei/keymaster/internal/core/bootstrap_contract.go:263.58,265.3 0 1
github.com/toeirei/keymaster/internal/core/bootstrap_contract.go:267.2,267.54 1 1
github.com/toeirei/keymaster/internal/core/bootstrap_contract.go:267.54,268.31 1 1
github.com/toeirei/keymaster/internal/core/bootstrap_contract.go:268.31,269.16 1 1
github.com/toeirei/keymaster/internal/core/bootstrap_contract.go:269.16,271.5 1 1
github.com/toeirei/keymaster/internal/core/bootstrap_contract.go:271.10,273.5 1 1
github.com/toeirei/keymaster/internal/core/bootstrap_contract.go:275.3,275.52 1 1
github.com/toeirei/keymaster/internal/core/bootstrap_contract.go:278.2,278.17 1 1
github.com/toeirei/keymaster/internal/core/bootstrap_contract.go:285.139,286.30 1 0
github.com/toeirei/keymaster/internal/core/bootstrap_contract.go:286.30,288.74 1 0
github.com/toeirei/keymaster/internal/core/bootstrap_contract.go:288.74,289.12 1 0
github.com/toeirei/keymaster/internal/core/bootstrap_contract.go:292.3,292.60 1 0
github.com/toeirei/keymaster/internal/core/bootstrap_contract.go:292.60,293.12 1 0
github.com/toeirei/keymaster/internal/core/bootstrap_contract.go:296.3,296.19 1 0
github.com/toeirei/keymaster/internal/core/bootstrap_contract.go:296.19,298.4 1 0
github.com/toeirei/keymaster/internal/core/bootstrap_contract.go:298.9,300.4 1 0
github.com/toeirei/keymaster/internal/core/bootstrap_contract.go:302.2,302.8 1 0
github.com/toeirei/keymaster/internal/core/bootstrap_session.go:15.114,17.16 2 0
github.com/toeirei/keymaster/internal/core/bootstrap_session.go:17.16,19.3 1 0
github.com/toeirei/keymaster/internal/core/bootstrap_session.go:21.2,21.18 1 0
github.com/toeirei/keymaster/internal/core/bootstrap_session.go:21.18,25.3 2 0
github.com/toeirei/keymaster/internal/core/bootstrap_session.go:28.2,29.16 2 0
github.com/toeirei/keymaster/internal/core/bootstrap_session.go:29.16,33.3 2 0
github.com/toeirei/keymaster/internal/core/bootstrap_session.go:36.2,38.15 2 0
github.com/toeirei/keymaster/internal/core/bootstrap_session.go:44.73,47.18 2 0
github.com/toeirei/keymaster/internal/core/bootstrap_session.go:47.18,49.3 1 0
github.com/toeirei/keymaster/internal/core/bootstrap_session.go:50.2,50.48 1 0
github.com/toeirei/keymaster/internal/core/dashboard.go:46.108,50.16 3 1
github.com/toeirei/keymaster/internal/core/dashboard.go:50.16,52.3 1 0
github.com/toeirei/keymaster/internal/core/dashboard.go:54.2,55.16 2 1
github.com/toeirei/keymaster/internal/core/dashboard.go:55.16,57.3 1 0
github.com/toeirei/keymaster/internal/core/dashboard.go:59.2,60.16 2 1
github.com/toeirei/keymaster/internal/core/dashboard.go:60.16,62.3 1 0
github.com/toeirei/keymaster/internal/core/dashboard.go:64.2,65.16 2 1
github.com/toeirei/keymaster/internal/core/dashboard.go:65.16,67.3 1 0
github.com/toeirei/keymaster/internal/core/dashboard.go:69.2,70.27 2 1
github.com/toeirei/keymaster/internal/core/dashboard.go:70.27,71.19 1 1
github.com/toeirei/keymaster/internal/core/dashboard.go:71.19,73.42 2 1
github.com/toeirei/keymaster/internal/core/dashboard.go:73.42,74.36 1 1
github.com/toeirei/keymaster/internal/core/dashboard.go:74.36,76.6 1 1
github.com/toeirei/keymaster/internal/core/dashboard.go:76.11,78.6 1 1
github.com/toeirei/keymaster/internal/core/dashboard.go:83.2,85.26 3 1
github.com/toeirei/keymaster/internal/core/dashboard.go:85.26,86.17 1 1
github.com/toeirei/keymaster/internal/core/dashboard.go:86.17,88.4 1 1
github.com/toeirei/keymaster/internal/core/dashboard.go:89.3,89.32 1 1
github.com/toeirei/keymaster/internal/core/dashboard.go:92.2,92.19 1 1
github.com/toeirei/keymaster/internal/core/dashboard.go:92.19,94.3 1 1
github.com/toeirei/keymaster/internal/core/dashboard.go:96.2,97.25 2 1
github.com/toeirei/keymaster/internal/core/dashboard.go:97.25,99.3 1 0
github.com/toeirei/keymaster/internal/core/dashboard.go:99.8,101.3 1 1
github.com/toeirei/keymaster/internal/core/dashboard.go:105.2,107.17 2 1
github.com/toeirei/keymaster/internal/core/decommission_ops.go:19.193,20.24 1 0
github.com/toeirei/keymaster/internal/core/decommission_ops.go:20.24,22.3 1 0
github.com/toeirei/keymaster/internal/core/decommission_ops.go:23.2,23.49 1 0
github.com/toeirei/keymaster/internal/core/deploy_adapter.go:17.79,19.2 1 0
github.com/toeirei/keymaster/internal/core/deploy_adapter.go:21.44,21.59 1 0
github.com/toeirei/keymaster/internal/core/deploy_adapter.go:24.110,26.16 2 0
github.com/toeirei/keymaster/internal/core/deploy_adapter.go:26.16,28.3 1 0
github.com/toeirei/keymaster/internal/core/deploy_adapter.go:29.2,29.14 1 0
github.com/toeirei/keymaster/internal/core/deploy_adapter.go:29.14,31.3 1 0
github.com/toeirei/keymaster/internal/core/deploy_adapter.go:32.2,32.45 1 0
github.com/toeirei/keymaster/internal/core/deploy_adapter.go:37.92,39.2 1 0
github.com/toeirei/keymaster/internal/core/deploy_adapter.go:41.72,43.2 1 0
github.com/toeirei/keymaster/internal/core/deploy_adapter.go:44.72,46.2 1 0
github.com/toeirei/keymaster/internal/core/deploy_adapter.go:48.148,50.48 2 0
github.com/toeirei/keymaster/internal/core/deploy_adapter.go:50.48,52.3 1 0
github.com/toeirei/keymaster/internal/core/deploy_adapter.go:53.2,54.15 2 0
github.com/toeirei/keymaster/internal/core/deploy_adapter.go:57.158,59.48 2 0
github.com/toeirei/keymaster/internal/core/deploy_adapter.go:59.48,61.3 1 0
github.com/toeirei/keymaster/internal/core/deploy_adapter.go:62.2,63.17 2 0
github.com/toeirei/keymaster/internal/core/deploy_adapter.go:66.72,68.2 1 0
github.com/toeirei/keymaster/internal/core/deploy_adapter.go:69.82,71.2 1 0
github.com/toeirei/keymaster/internal/core/deploy_adapter.go:72.77,74.2 1 0
github.com/toeirei/keymaster/internal/core/deploy_adapter.go:76.90,79.25 2 0
github.com/toeirei/keymaster/internal/core/deploy_adapter.go:79.25,81.17 2 0
github.com/toeirei/keymaster/internal/core/deploy_adapter.go:81.17,83.4 1 0
github.com/toeirei/keymaster/internal/core/deploy_adapter.go:84.3,84.16 1 0
github.com/toeirei/keymaster/internal/core/deploy_adapter.go:84.16,86.4 1 0
github.com/toeirei/keymaster/internal/core/deploy_adapter.go:87.8,89.17 2 0
github.com/toeirei/keymaster/internal/core/deploy_adapter.go:89.17,91.4 1 0
github.com/toeirei/keymaster/internal/core/deploy_adapter.go:92.3,92.16 1 0
github.com/toeirei/keymaster/internal/core/deploy_adapter.go:92.16,94.4 1 0
github.com/toeirei/keymaster/internal/core/deploy_adapter.go:95.3,95.29 1 0
github.com/toeirei/keymaster/internal/core/deploy_adapter.go:98.2,99.15 2 0
github.com/toeirei/keymaster/internal/core/deploy_adapter.go:99.15,100.29 1 0
github.com/toeirei/keymaster/internal/core/deploy_adapter.go:100.29,102.4 1 0
github.com/toeirei/keymaster/internal/core/deploy_adapter.go:105.2,106.16 2 0
github.com/toeirei/keymaster/internal/core/deploy_adapter.go:106.16,108.3 1 0
github.com/toeirei/keymaster/internal/core/deploy_adapter.go:109.2,113.16 4 0
github.com/toeirei/keymaster/internal/core/deploy_adapter.go:113.16,115.3 1 0
github.com/toeirei/keymaster/internal/core/deploy_adapter.go:116.2,116.21 1 0
github.com/toeirei/keymaster/internal/core/deploy_adapter.go:119.111,121.2 1 0
github.com/toeirei/keymaster/internal/core/deploy_adapter.go:123.68,125.2 1 0
github.com/toeirei/keymaster/internal/core/deploy_audit.go:21.54,22.25 1 0
github.com/toeirei/keymaster/internal/core/deploy_audit.go:22.25,24.3 1 0
github.com/toeirei/keymaster/internal/core/deploy_audit.go:26.2,27.16 2 0
github.com/toeirei/keymaster/internal/core/deploy_audit.go:27.16,29.3 1 0
github.com/toeirei/keymaster/internal/core/deploy_audit.go:30.2,30.23 1 0
github.com/toeirei/keymaster/internal/core/deploy_audit.go:30.23,32.3 1 0
github.com/toeirei/keymaster/internal/core/deploy_audit.go:34.2,35.15 2 0
github.com/toeirei/keymaster/internal/core/deploy_audit.go:35.15,36.29 1 0
github.com/toeirei/keymaster/internal/core/deploy_audit.go:36.29,38.4 1 0
github.com/toeirei/keymaster/internal/core/deploy_audit.go:41.2,42.16 2 0
github.com/toeirei/keymaster/internal/core/deploy_audit.go:42.16,44.3 1 0
github.com/toeirei/keymaster/internal/core/deploy_audit.go:45.2,49.16 4 0
github.com/toeirei/keymaster/internal/core/deploy_audit.go:49.16,51.3 1 0
github.com/toeirei/keymaster/internal/core/deploy_audit.go:53.2,54.16 2 0
github.com/toeirei/keymaster/internal/core/deploy_audit.go:54.16,56.3 1 0
github.com/toeirei/keymaster/internal/core/deploy_audit.go:58.2,58.37 1 0
github.com/toeirei/keymaster/internal/core/deploy_audit.go:58.37,62.3 3 0
github.com/toeirei/keymaster/internal/core/deploy_audit.go:63.2,63.73 1 0
github.com/toeirei/keymaster/internal/core/deploy_audit.go:63.73,65.3 1 0
github.com/toeirei/keymaster/internal/core/deploy_audit.go:66.2,66.12 1 0
github.com/toeirei/keymaster/internal/core/deploy_audit.go:72.54,73.25 1 0
github.com/toeirei/keymaster/internal/core/deploy_audit.go:73.25,75.3 1 0
github.com/toeirei/keymaster/internal/core/deploy_audit.go:77.2,78.16 2 0
github.com/toeirei/keymaster/internal/core/deploy_audit.go:78.16,80.3 1 0
github.com/toeirei/keymaster/internal/core/deploy_audit.go:81.2,81.23 1 0
github.com/toeirei/keymaster/internal/core/deploy_audit.go:81.23,83.3 1 0
github.com/toeirei/keymaster/internal/core/deploy_audit.go:85.2,86.15 2 0
github.com/toeirei/keymaster/internal/core/deploy_audit.go:86.15,87.29 1 0
github.com/toeirei/keymaster/internal/core/deploy_audit.go:87.29,89.4 1 0
github.com/toeirei/keymaster/internal/core/deploy_audit.go:92.2,93.16 2 0
github.com/toeirei/keymaster/internal/core/deploy_audit.go:93.16,95.3 1 0
github.com/toeirei/keymaster/internal/core/deploy_audit.go:96.2,100.16 4 0
github.com/toeirei/keymaster/internal/core/deploy_audit.go:100.16,102.3 1 0
github.com/toeirei/keymaster/internal/core/deploy_audit.go:104.2,105.21 2 0
github.com/toeirei/keymaster/internal/core/deploy_audit.go:105.21,107.3 1 0
github.com/toeirei/keymaster/internal/core/deploy_audit.go:108.2,109.27 2 0
github.com/toeirei/keymaster/internal/core/deploy_audit.go:109.27,111.15 2 0
github.com/toeirei/keymaster/internal/core/deploy_audit.go:111.15,112.12 1 0
github.com/toeirei/keymaster/internal/core/deploy_audit.go:114.3,115.8 2 0
github.com/toeirei/keymaster/internal/core/deploy_audit.go:117.2,117.18 1 0
github.com/toeirei/keymaster/internal/core/deploy_audit.go:117.18,119.3 1 0
github.com/toeirei/keymaster/internal/core/deploy_audit.go:120.2,121.44 2 0
github.com/toeirei/keymaster/internal/core/deploy_audit.go:121.44,123.3 1 0
github.com/toeirei/keymaster/internal/core/deploy_audit.go:124.2,124.12 1 0
github.com/toeirei/keymaster/internal/core/deploy_decommission.go:21.115,29.20 4 0
github.com/toeirei/keymaster/internal/core/deploy_decommission.go:29.20,32.3 2 0
github.com/toeirei/keymaster/internal/core/deploy_decommission.go:33.2,33.44 1 0
github.com/toeirei/keymaster/internal/core/deploy_decommission.go:33.44,35.3 1 0
github.com/toeirei/keymaster/internal/core/deploy_decommission.go:37.2,37.20 1 0
github.com/toeirei/keymaster/internal/core/deploy_decommission.go:37.20,41.3 3 0
github.com/toeirei/keymaster/internal/core/deploy_decommission.go:43.2,43.32 1 0
github.com/toeirei/keymaster/internal/core/deploy_decommission.go:43.32,45.37 2 0
github.com/toeirei/keymaster/internal/core/deploy_decommission.go:45.37,47.4 1 0
github.com/toeirei/keymaster/internal/core/deploy_decommission.go:47.9,49.4 1 0
github.com/toeirei/keymaster/internal/core/deploy_decommission.go:51.3,51.17 1 0
github.com/toeirei/keymaster/internal/core/deploy_decommission.go:51.17,53.22 2 0
github.com/toeirei/keymaster/internal/core/deploy_decommission.go:53.22,56.47 3 0
github.com/toeirei/keymaster/internal/core/deploy_decommission.go:56.47,58.6 1 0
github.com/toeirei/keymaster/internal/core/deploy_decommission.go:59.5,59.18 1 0
github.com/toeirei/keymaster/internal/core/deploy_decommission.go:64.2,65.16 2 0
github.com/toeirei/keymaster/internal/core/deploy_decommission.go:65.16,67.45 2 0
github.com/toeirei/keymaster/internal/core/deploy_decommission.go:67.45,69.4 1 0
github.com/toeirei/keymaster/internal/core/deploy_decommission.go:70.3,70.16 1 0
github.com/toeirei/keymaster/internal/core/deploy_decommission.go:72.2,72.54 1 0
github.com/toeirei/keymaster/internal/core/deploy_decommission.go:72.54,74.45 2 0
github.com/toeirei/keymaster/internal/core/deploy_decommission.go:74.45,76.4 1 0
github.com/toeirei/keymaster/internal/core/deploy_decommission.go:77.3,77.16 1 0
github.com/toeirei/keymaster/internal/core/deploy_decommission.go:79.2,82.38 3 0
github.com/toeirei/keymaster/internal/core/deploy_decommission.go:82.38,84.3 1 0
github.com/toeirei/keymaster/internal/core/deploy_decommission.go:85.2,85.29 1 0
github.com/toeirei/keymaster/internal/core/deploy_decommission.go:85.29,87.3 1 0
github.com/toeirei/keymaster/internal/core/deploy_decommission.go:88.2,88.44 1 0
github.com/toeirei/keymaster/internal/core/deploy_decommission.go:88.44,90.3 1 0
github.com/toeirei/keymaster/internal/core/deploy_decommission.go:92.2,92.15 1 0
github.com/toeirei/keymaster/internal/core/deploy_decommission.go:96.125,99.35 2 0
github.com/toeirei/keymaster/internal/core/deploy_decommission.go:99.35,107.3 5 0
github.com/toeirei/keymaster/internal/core/deploy_decommission.go:109.2,109.16 1 0
github.com/toeirei/keymaster/internal/core/deploy_decommission.go:113.124,115.15 2 0
github.com/toeirei/keymaster/internal/core/deploy_decommission.go:115.15,116.29 1 0
github.com/toeirei/keymaster/internal/core/deploy_decommission.go:116.29,118.4 1 0
github.com/toeirei/keymaster/internal/core/deploy_decommission.go:121.2,122.16 2 0
github.com/toeirei/keymaster/internal/core/deploy_decommission.go:122.16,124.3 1 0
github.com/toeirei/keymaster/internal/core/deploy_decommission.go:125.2,127.14 2 0
github.com/toeirei/keymaster/internal/core/deploy_decommission.go:127.14,129.3 1 0
github.com/toeirei/keymaster/internal/core/deploy_decommission.go:132.2,132.58 1 0
github.com/toeirei/keymaster/internal/core/deploy_decommission.go:132.58,134.3 1 0
github.com/toeirei/keymaster/internal/core/deploy_decommission.go:135.2,136.12 2 0
github.com/toeirei/keymaster/internal/core/deploy_decommission.go:140.147,142.15 2 0
github.com/toeirei/keymaster/internal/core/deploy_decommission.go:142.15,143.29 1 0
github.com/toeirei/keymaster/internal/core/deploy_decommission.go:143.29,145.4 1 0
github.com/toeirei/keymaster/internal/core/deploy_decommission.go:148.2,149.16 2 0
github.com/toeirei/keymaster/internal/core/deploy_decommission.go:149.16,151.3 1 0
github.com/toeirei/keymaster/internal/core/deploy_decommission.go:152.2,154.36 2 0
github.com/toeirei/keymaster/internal/core/deploy_decommission.go:154.36,156.3 1 0
github.com/toeirei/keymaster/internal/core/deploy_decommission.go:156.8,156.29 1 0
github.com/toeirei/keymaster/internal/core/deploy_decommission.go:156.29,158.3 1 0
github.com/toeirei/keymaster/internal/core/deploy_decommission.go:158.8,159.59 1 0
github.com/toeirei/keymaster/internal/core/deploy_decommission.go:159.59,161.4 1 0
github.com/toeirei/keymaster/internal/core/deploy_decommission.go:162.3,163.13 2 0
github.com/toeirei/keymaster/internal/core/deploy_decommission.go:168.103,170.2 1 0
github.com/toeirei/keymaster/internal/core/deploy_decommission.go:173.155,175.16 2 0
github.com/toeirei/keymaster/internal/core/deploy_decommission.go:175.16,176.52 1 0
github.com/toeirei/keymaster/internal/core/deploy_decommission.go:176.52,178.4 1 0
github.com/toeirei/keymaster/internal/core/deploy_decommission.go:179.3,179.63 1 0
github.com/toeirei/keymaster/internal/core/deploy_decommission.go:182.2,185.48 3 0
github.com/toeirei/keymaster/internal/core/deploy_decommission.go:185.48,187.17 2 0
github.com/toeirei/keymaster/internal/core/deploy_decommission.go:187.17,189.4 1 0
github.com/toeirei/keymaster/internal/core/deploy_decommission.go:190.3,193.26 3 0
github.com/toeirei/keymaster/internal/core/deploy_decommission.go:193.26,194.30 1 0
github.com/toeirei/keymaster/internal/core/deploy_decommission.go:194.30,196.5 1 0
github.com/toeirei/keymaster/internal/core/deploy_decommission.go:196.10,198.5 1 0
github.com/toeirei/keymaster/internal/core/deploy_decommission.go:199.9,201.4 1 0
github.com/toeirei/keymaster/internal/core/deploy_decommission.go:202.8,202.54 1 0
github.com/toeirei/keymaster/internal/core/deploy_decommission.go:202.54,204.17 2 0
github.com/toeirei/keymaster/internal/core/deploy_decommission.go:204.17,206.4 1 0
github.com/toeirei/keymaster/internal/core/deploy_decommission.go:207.3,210.26 3 0
github.com/toeirei/keymaster/internal/core/deploy_decommission.go:210.26,211.30 1 0
github.com/toeirei/keymaster/internal/core/deploy_decommission.go:211.30,213.5 1 0
github.com/toeirei/keymaster/internal/core/deploy_decommission.go:213.10,215.5 1 0
github.com/toeirei/keymaster/internal/core/deploy_decommission.go:216.9,218.4 1 0
github.com/toeirei/keymaster/internal/core/deploy_decommission.go:219.8,221.3 1 0
github.com/toeirei/keymaster/internal/core/deploy_decommission.go:223.2,223.43 1 0
github.com/toeirei/keymaster/internal/core/deploy_decommission.go:223.43,225.59 1 0
github.com/toeirei/keymaster/internal/core/deploy_decommission.go:225.59,227.4 1 0
github.com/toeirei/keymaster/internal/core/deploy_decommission.go:228.8,229.69 1 0
github.com/toeirei/keymaster/internal/core/deploy_decommission.go:229.69,231.4 1 0
github.com/toeirei/keymaster/internal/core/deploy_decommission.go:234.2,235.12 2 0
github.com/toeirei/keymaster/internal/core/deploy_decommission.go:239.56,244.29 4 0
github.com/toeirei/keymaster/internal/core/deploy_decommission.go:244.29,246.65 2 0
github.com/toeirei/keymaster/internal/core/deploy_decommission.go:246.65,248.12 2 0
github.com/toeirei/keymaster/internal/core/deploy_decommission.go:251.3,251.25 1 0
github.com/toeirei/keymaster/internal/core/deploy_decommission.go:251.25,253.24 2 0
github.com/toeirei/keymaster/internal/core/deploy_decommission.go:253.24,255.26 2 0
github.com/toeirei/keymaster/internal/core/deploy_decommission.go:255.26,257.6 1 0
github.com/toeirei/keymaster/internal/core/deploy_decommission.go:259.4,259.12 1 0
github.com/toeirei/keymaster/internal/core/deploy_decommission.go:262.3,262.26 1 0
github.com/toeirei/keymaster/internal/core/deploy_decommission.go:262.26,264.4 1 0
[...]
github.com/toeirei/keymaster/cmd/keymaster/main.go:784.5,784.61 1 0
github.com/toeirei/keymaster/cmd/keymaster/main.go:786.4,792.39 5 0
github.com/toeirei/keymaster/cmd/keymaster/main.go:792.39,795.5 2 0
github.com/toeirei/keymaster/cmd/keymaster/main.go:797.4,798.114 2 0
github.com/toeirei/keymaster/cmd/keymaster/main.go:798.114,800.5 1 0
github.com/toeirei/keymaster/cmd/keymaster/main.go:802.4,803.75 2 0
github.com/toeirei/keymaster/cmd/keymaster/main.go:807.3,807.24 1 0
github.com/toeirei/keymaster/cmd/keymaster/main.go:807.24,809.19 2 0
github.com/toeirei/keymaster/cmd/keymaster/main.go:809.19,810.17 1 0
github.com/toeirei/keymaster/cmd/keymaster/main.go:810.17,812.6 1 0
github.com/toeirei/keymaster/cmd/keymaster/main.go:812.11,814.6 1 0
github.com/toeirei/keymaster/cmd/keymaster/main.go:816.4,823.38 6 0
github.com/toeirei/keymaster/cmd/keymaster/main.go:823.38,826.5 2 0
github.com/toeirei/keymaster/cmd/keymaster/main.go:830.3,832.18 3 0
github.com/toeirei/keymaster/cmd/keymaster/main.go:832.18,834.4 1 0
github.com/toeirei/keymaster/cmd/keymaster/main.go:835.3,835.119 1 0
github.com/toeirei/keymaster/cmd/keymaster/main.go:862.47,866.17 4 0
github.com/toeirei/keymaster/cmd/keymaster/main.go:866.17,868.4 1 0
github.com/toeirei/keymaster/cmd/keymaster/main.go:869.3,870.122 2 0
github.com/toeirei/keymaster/cmd/keymaster/main.go:870.122,872.4 1 0
github.com/toeirei/keymaster/cmd/keymaster/main.go:873.3,873.45 1 0
github.com/toeirei/keymaster/cmd/keymaster/main.go:878.71,880.16 2 1
github.com/toeirei/keymaster/cmd/keymaster/main.go:880.16,882.3 1 0
github.com/toeirei/keymaster/cmd/keymaster/main.go:883.2,883.15 1 1
github.com/toeirei/keymaster/cmd/keymaster/main.go:883.15,883.35 1 1
github.com/toeirei/keymaster/cmd/keymaster/main.go:885.2,886.16 2 1
github.com/toeirei/keymaster/cmd/keymaster/main.go:886.16,888.3 1 0
github.com/toeirei/keymaster/cmd/keymaster/main.go:889.2,892.72 3 1
github.com/toeirei/keymaster/cmd/keymaster/main.go:892.72,894.3 1 0
github.com/toeirei/keymaster/cmd/keymaster/main.go:896.2,896.25 1 1
github.com/toeirei/keymaster/cmd/keymaster/main.go:920.47,922.21 2 0
github.com/toeirei/keymaster/cmd/keymaster/main.go:922.21,924.4 1 0
github.com/toeirei/keymaster/cmd/keymaster/main.go:924.9,926.46 2 0
github.com/toeirei/keymaster/cmd/keymaster/main.go:926.46,928.5 1 0
github.com/toeirei/keymaster/cmd/keymaster/main.go:930.3,933.17 4 0
github.com/toeirei/keymaster/cmd/keymaster/main.go:933.17,935.4 1 0
github.com/toeirei/keymaster/cmd/keymaster/main.go:936.3,937.17 2 0
github.com/toeirei/keymaster/cmd/keymaster/main.go:937.17,939.4 1 0
github.com/toeirei/keymaster/cmd/keymaster/main.go:940.3,941.75 2 0
github.com/toeirei/keymaster/cmd/keymaster/main.go:941.75,943.4 1 0
github.com/toeirei/keymaster/cmd/keymaster/main.go:944.3,944.56 1 0
github.com/toeirei/keymaster/cmd/keymaster/main.go:950.75,952.16 2 1
github.com/toeirei/keymaster/cmd/keymaster/main.go:952.16,954.3 1 0
github.com/toeirei/keymaster/cmd/keymaster/main.go:955.2,955.15 1 1
github.com/toeirei/keymaster/cmd/keymaster/main.go:955.15,955.35 1 1
github.com/toeirei/keymaster/cmd/keymaster/main.go:957.2,958.16 2 1
github.com/toeirei/keymaster/cmd/keymaster/main.go:958.16,960.3 1 0
github.com/toeirei/keymaster/cmd/keymaster/main.go:961.2,961.15 1 1
github.com/toeirei/keymaster/cmd/keymaster/main.go:961.15,961.41 1 1
github.com/toeirei/keymaster/cmd/keymaster/main.go:963.2,966.45 3 1
github.com/toeirei/keymaster/cmd/keymaster/main.go:966.45,968.3 1 0
github.com/toeirei/keymaster/cmd/keymaster/main.go:970.2,970.12 1 1
github.com/toeirei/keymaster/cmd/keymaster/main.go:989.54,993.42 3 0
github.com/toeirei/keymaster/cmd/keymaster/main.go:993.42,995.4 1 0
github.com/toeirei/keymaster/cmd/keymaster/main.go:996.3,999.95 4 0
github.com/toeirei/keymaster/cmd/keymaster/main.go:999.95,1001.4 1 0
github.com/toeirei/keymaster/cmd/keymaster/main.go:1002.3,1004.13 3 0
github.com/toeirei/keymaster/internal/i18n/i18n.go:33.31,42.16 5 1
github.com/toeirei/keymaster/internal/i18n/i18n.go:42.16,44.75 1 0
github.com/toeirei/keymaster/internal/i18n/i18n.go:47.2,47.29 1 1
github.com/toeirei/keymaster/internal/i18n/i18n.go:47.29,49.87 2 1
github.com/toeirei/keymaster/internal/i18n/i18n.go:49.87,56.31 4 1
github.com/toeirei/keymaster/internal/i18n/i18n.go:56.31,58.5 1 1
github.com/toeirei/keymaster/internal/i18n/i18n.go:58.10,61.19 2 1
github.com/toeirei/keymaster/internal/i18n/i18n.go:61.19,63.6 1 1
github.com/toeirei/keymaster/internal/i18n/i18n.go:63.11,65.6 1 0
github.com/toeirei/keymaster/internal/i18n/i18n.go:67.4,72.18 4 1
github.com/toeirei/keymaster/internal/i18n/i18n.go:72.18,73.75 1 0
github.com/toeirei/keymaster/internal/i18n/i18n.go:78.2,78.22 1 1
github.com/toeirei/keymaster/internal/i18n/i18n.go:82.27,87.2 2 1
github.com/toeirei/keymaster/internal/i18n/i18n.go:90.23,92.2 1 1
github.com/toeirei/keymaster/internal/i18n/i18n.go:95.46,97.2 1 1
github.com/toeirei/keymaster/internal/i18n/i18n.go:101.62,105.27 3 1
github.com/toeirei/keymaster/internal/i18n/i18n.go:105.27,106.60 1 1
github.com/toeirei/keymaster/internal/i18n/i18n.go:106.60,108.31 2 0
github.com/toeirei/keymaster/internal/i18n/i18n.go:108.31,110.5 1 0
github.com/toeirei/keymaster/internal/i18n/i18n.go:114.2,119.16 2 1
github.com/toeirei/keymaster/internal/i18n/i18n.go:119.16,122.3 1 0
github.com/toeirei/keymaster/internal/i18n/i18n.go:125.2,125.27 1 1
github.com/toeirei/keymaster/internal/i18n/i18n.go:125.27,126.67 1 1
github.com/toeirei/keymaster/internal/i18n/i18n.go:126.67,128.4 1 1
github.com/toeirei/keymaster/internal/i18n/i18n.go:131.2,131.12 1 1
github.com/toeirei/keymaster/internal/config/config.go:33.49,37.12 3 1
github.com/toeirei/keymaster/internal/config/config.go:37.12,39.23 1 1
github.com/toeirei/keymaster/internal/config/config.go:40.18,41.68 1 1
github.com/toeirei/keymaster/internal/config/config.go:42.11,43.32 1 0
github.com/toeirei/keymaster/internal/config/config.go:45.8,48.53 1 1
github.com/toeirei/keymaster/internal/config/config.go:48.53,50.4 1 1
github.com/toeirei/keymaster/internal/config/config.go:50.9,52.18 2 1
github.com/toeirei/keymaster/internal/config/config.go:52.18,54.5 1 0
github.com/toeirei/keymaster/internal/config/config.go:56.3,56.52 1 1
github.com/toeirei/keymaster/internal/config/config.go:59.2,59.56 1 1
github.com/toeirei/keymaster/internal/config/config.go:62.117,66.35 2 1
github.com/toeirei/keymaster/internal/config/config.go:66.35,68.3 1 1
github.com/toeirei/keymaster/internal/config/config.go:74.2,84.40 4 1
github.com/toeirei/keymaster/internal/config/config.go:84.40,86.3 1 1
github.com/toeirei/keymaster/internal/config/config.go:86.8,87.62 1 1
github.com/toeirei/keymaster/internal/config/config.go:87.62,89.4 1 1
github.com/toeirei/keymaster/internal/config/config.go:90.3,90.63 1 1
github.com/toeirei/keymaster/internal/config/config.go:90.63,92.4 1 1
github.com/toeirei/keymaster/internal/config/config.go:93.3,93.62 1 1
github.com/toeirei/keymaster/internal/config/config.go:99.2,100.35 2 1
github.com/toeirei/keymaster/internal/config/config.go:100.35,101.14 1 1
github.com/toeirei/keymaster/internal/config/config.go:101.14,102.12 1 0
github.com/toeirei/keymaster/internal/config/config.go:104.3,104.40 1 1
github.com/toeirei/keymaster/internal/config/config.go:104.40,105.22 1 1
github.com/toeirei/keymaster/internal/config/config.go:105.22,108.13 2 1
github.com/toeirei/keymaster/internal/config/config.go:111.4,112.49 2 1
github.com/toeirei/keymaster/internal/config/config.go:112.49,118.5 3 1
github.com/toeirei/keymaster/internal/config/config.go:119.4,121.9 3 1
github.com/toeirei/keymaster/internal/config/config.go:124.2,124.18 1 1
github.com/toeirei/keymaster/internal/config/config.go:124.18,126.3 1 1
github.com/toeirei/keymaster/internal/config/config.go:129.2,133.16 3 1
github.com/toeirei/keymaster/internal/config/config.go:133.16,135.3 1 1
github.com/toeirei/keymaster/internal/config/config.go:135.8,139.36 2 1
github.com/toeirei/keymaster/internal/config/config.go:139.36,140.15 1 1
github.com/toeirei/keymaster/internal/config/config.go:140.15,141.13 1 0
github.com/toeirei/keymaster/internal/config/config.go:143.4,143.41 1 1
github.com/toeirei/keymaster/internal/config/config.go:143.41,144.23 1 1
github.com/toeirei/keymaster/internal/config/config.go:144.23,146.11 2 1
github.com/toeirei/keymaster/internal/config/config.go:150.3,150.23 1 1
github.com/toeirei/keymaster/internal/config/config.go:150.23,152.4 1 1
github.com/toeirei/keymaster/internal/config/config.go:152.9,154.4 1 0
github.com/toeirei/keymaster/internal/config/config.go:158.2,165.54 5 1
github.com/toeirei/keymaster/internal/config/config.go:165.54,167.3 1 0
github.com/toeirei/keymaster/internal/config/config.go:170.2,170.44 1 1
github.com/toeirei/keymaster/internal/config/config.go:170.44,172.49 2 0
github.com/toeirei/keymaster/internal/config/config.go:172.49,174.52 2 0
github.com/toeirei/keymaster/internal/config/config.go:174.52,176.26 2 0
github.com/toeirei/keymaster/internal/config/config.go:176.26,178.6 1 0
github.com/toeirei/keymaster/internal/config/config.go:179.5,179.54 1 0
github.com/toeirei/keymaster/internal/config/config.go:180.10,182.5 1 0
github.com/toeirei/keymaster/internal/config/config.go:185.3,185.36 1 0
github.com/toeirei/keymaster/internal/config/config.go:185.36,186.15 1 0
github.com/toeirei/keymaster/internal/config/config.go:186.15,187.13 1 0
github.com/toeirei/keymaster/internal/config/config.go:189.4,189.41 1 0
github.com/toeirei/keymaster/internal/config/config.go:189.41,190.22 1 0
github.com/toeirei/keymaster/internal/config/config.go:190.22,191.51 1 0
github.com/toeirei/keymaster/internal/config/config.go:191.51,193.28 2 0
github.com/toeirei/keymaster/internal/config/config.go:193.28,195.8 1 0
github.com/toeirei/keymaster/internal/config/config.go:196.7,196.63 1 0
github.com/toeirei/keymaster/internal/config/config.go:197.12,199.7 1 0
github.com/toeirei/keymaster/internal/config/config.go:200.11,202.6 1 0
github.com/toeirei/keymaster/internal/config/config.go:203.10,205.5 1 0
github.com/toeirei/keymaster/internal/config/config.go:207.3,207.16 1 0
github.com/toeirei/keymaster/internal/config/config.go:211.2,211.19 1 1
github.com/toeirei/keymaster/internal/config/config.go:216.40,218.53 2 1
github.com/toeirei/keymaster/internal/config/config.go:218.53,221.43 2 1
github.com/toeirei/keymaster/internal/config/config.go:221.43,223.4 1 0
github.com/toeirei/keymaster/internal/config/config.go:223.9,225.4 1 1
github.com/toeirei/keymaster/internal/config/config.go:227.3,227.22 1 1
github.com/toeirei/keymaster/internal/config/config.go:231.54,233.16 2 1
github.com/toeirei/keymaster/internal/config/config.go:233.16,235.3 1 0
github.com/toeirei/keymaster/internal/config/config.go:237.2,238.16 2 1
github.com/toeirei/keymaster/internal/config/config.go:238.16,240.3 1 0
github.com/toeirei/keymaster/internal/config/config.go:243.2,244.53 2 1
github.com/toeirei/keymaster/internal/config/config.go:244.53,246.3 1 0
github.com/toeirei/keymaster/internal/config/config.go:248.2,249.16 2 1
github.com/toeirei/keymaster/internal/config/config.go:249.16,251.3 1 0
github.com/toeirei/keymaster/internal/config/config.go:253.2,253.12 1 1
github.com/toeirei/keymaster/internal/config/config.go:259.19,261.56 2 1
github.com/toeirei/keymaster/internal/config/config.go:261.56,263.3 1 0
github.com/toeirei/keymaster/internal/config/config.go:266.2,266.47 1 1
github.com/toeirei/keymaster/internal/ui/adapters.go:41.92,43.2 1 0
github.com/toeirei/keymaster/internal/ui/adapters.go:45.56,47.2 1 0
github.com/toeirei/keymaster/internal/ui/adapters.go:52.115,54.2 1 0
github.com/toeirei/keymaster/internal/ui/adapters.go:56.146,58.2 1 0
github.com/toeirei/keymaster/internal/ui/adapters.go:60.60,60.98 1 0
github.com/toeirei/keymaster/internal/ui/adapters.go:61.60,61.104 1 0
github.com/toeirei/keymaster/internal/ui/adapters.go:62.78,64.2 1 0
github.com/toeirei/keymaster/internal/ui/adapters.go:65.70,67.2 1 0
github.com/toeirei/keymaster/internal/ui/adapters.go:68.88,70.2 1 0
github.com/toeirei/keymaster/internal/ui/adapters.go:71.73,73.2 1 0
github.com/toeirei/keymaster/internal/ui/adapters.go:74.71,76.2 1 0
github.com/toeirei/keymaster/internal/ui/adapters.go:77.75,79.2 1 0
github.com/toeirei/keymaster/internal/ui/adapters.go:80.84,82.2 1 0
github.com/toeirei/keymaster/internal/ui/adapters.go:83.78,85.2 1 0
github.com/toeirei/keymaster/internal/ui/adapters.go:89.45,90.49 1 0
github.com/toeirei/keymaster/internal/ui/adapters.go:90.49,92.3 1 0
github.com/toeirei/keymaster/internal/ui/adapters.go:93.2,93.12 1 0
github.com/toeirei/keymaster/internal/ui/adapters.go:97.37,98.45 1 0
github.com/toeirei/keymaster/internal/ui/adapters.go:98.45,100.3 1 0
github.com/toeirei/keymaster/internal/ui/adapters.go:101.2,101.12 1 0
github.com/toeirei/keymaster/internal/ui/adapters_db.go:16.79,17.16 1 0
github.com/toeirei/keymaster/internal/ui/adapters_db.go:17.16,19.3 1 0
github.com/toeirei/keymaster/internal/ui/adapters_db.go:20.2,20.30 1 0
github.com/toeirei/keymaster/internal/ui/adapters_db.go:25.47,27.14 2 0
github.com/toeirei/keymaster/internal/ui/adapters_db.go:27.14,29.3 1 0
github.com/toeirei/keymaster/internal/ui/adapters_db.go:30.2,30.33 1 0
github.com/toeirei/keymaster/internal/ui/adapters_db.go:37.86,38.16 1 0
github.com/toeirei/keymaster/internal/ui/adapters_db.go:38.16,40.3 1 0
github.com/toeirei/keymaster/internal/ui/adapters_db.go:41.2,41.32 1 0
github.com/toeirei/keymaster/internal/ui/adapters_db.go:46.39,48.14 2 0
github.com/toeirei/keymaster/internal/ui/adapters_db.go:48.14,50.3 1 0
github.com/toeirei/keymaster/internal/ui/adapters_db.go:51.2,51.36 1 0
github.com/toeirei/keymaster/internal/ui/adapters_db.go:58.89,59.16 1 0
github.com/toeirei/keymaster/internal/ui/adapters_db.go:59.16,61.3 1 0
github.com/toeirei/keymaster/internal/ui/adapters_db.go:62.2,62.36 1 0
github.com/toeirei/keymaster/internal/ui/adapters_db.go:67.43,69.14 2 0
github.com/toeirei/keymaster/internal/ui/adapters_db.go:69.14,71.3 1 0
github.com/toeirei/keymaster/internal/ui/adapters_db.go:72.2,72.38 1 0
github.com/toeirei/keymaster/internal/ui/adapters_more.go:18.48,20.2 1 0
github.com/toeirei/keymaster/internal/ui/adapters_more.go:23.54,25.2 1 0
github.com/toeirei/keymaster/internal/ui/adapters_more.go:28.53,30.2 1 0
github.com/toeirei/keymaster/internal/ui/adapters_more.go:33.65,35.2 1 0
github.com/toeirei/keymaster/internal/ui/adapters_more.go:38.65,40.2 1 0
github.com/toeirei/keymaster/internal/ui/adapters_more.go:43.65,45.2 1 0
github.com/toeirei/keymaster/internal/ui/adapters_more.go:48.128,50.2 1 0
github.com/toeirei/keymaster/internal/ui/adapters_more.go:53.70,55.2 1 0
github.com/toeirei/keymaster/internal/ui/adapters_more.go:58.46,60.2 1 0
github.com/toeirei/keymaster/internal/ui/adapters_more.go:63.67,65.2 1 0
github.com/toeirei/keymaster/internal/ui/adapters_more.go:68.71,70.2 1 0
github.com/toeirei/keymaster/internal/ui/adapters_more.go:73.72,75.2 1 0
github.com/toeirei/keymaster/internal/ui/adapters_more.go:78.36,80.2 1 0
github.com/toeirei/keymaster/internal/ui/adapters_more.go:83.40,85.2 1 0
github.com/toeirei/keymaster/internal/ui/adapters_more.go:88.50,90.2 1 0
github.com/toeirei/keymaster/internal/ui/adapters_more.go:93.53,95.2 1 0
github.com/toeirei/keymaster/internal/ui/adapters_more.go:98.51,100.2 1 0
github.com/toeirei/keymaster/internal/ui/adapters_more.go:103.61,105.2 1 0
github.com/toeirei/keymaster/internal/ui/adapters_more.go:115.39,116.44 1 0
github.com/toeirei/keymaster/internal/ui/adapters_more.go:116.44,118.3 1 0
github.com/toeirei/keymaster/internal/ui/adapters_more.go:119.2,119.12 1 0
github.com/toeirei/keymaster/internal/ui/helpers.go:14.45,16.2 1 0
github.com/toeirei/keymaster/internal/ui/helpers.go:22.64,24.21 2 1
github.com/toeirei/keymaster/internal/ui/helpers.go:24.21,26.3 1 0
github.com/toeirei/keymaster/internal/ui/helpers.go:27.2,28.20 2 1
github.com/toeirei/keymaster/internal/ui/helpers.go:28.20,30.3 1 1
github.com/toeirei/keymaster/internal/ui/helpers.go:31.2,35.36 3 1
github.com/toeirei/keymaster/internal/ui/helpers.go:35.36,37.14 2 1
github.com/toeirei/keymaster/internal/ui/helpers.go:37.14,39.4 1 1
github.com/toeirei/keymaster/internal/ui/helpers.go:42.2,43.30 2 1
github.com/toeirei/keymaster/internal/ui/helpers.go:43.30,45.45 2 1
github.com/toeirei/keymaster/internal/ui/helpers.go:45.45,46.39 1 1
github.com/toeirei/keymaster/internal/ui/helpers.go:46.39,48.5 1 1
github.com/toeirei/keymaster/internal/ui/helpers.go:51.2,51.20 1 1
github.com/toeirei/keymaster/internal/ui/helpers.go:55.35,56.13 1 0
github.com/toeirei/keymaster/internal/ui/helpers.go:56.13,58.3 1 0
github.com/toeirei/keymaster/internal/ui/helpers.go:59.2,61.26 3 0
github.com/toeirei/keymaster/internal/ui/helpers.go:61.26,63.15 2 0
github.com/toeirei/keymaster/internal/ui/helpers.go:63.15,65.4 1 0
github.com/toeirei/keymaster/internal/ui/helpers.go:67.2,67.12 1 0
github.com/toeirei/keymaster/internal/ui/helpers.go:72.51,75.26 3 0
github.com/toeirei/keymaster/internal/ui/helpers.go:75.26,77.3 1 0
github.com/toeirei/keymaster/internal/ui/helpers.go:78.2,78.12 1 0
github.com/toeirei/keymaster/internal/ui/helpers.go:82.37,84.2 1 0
github.com/toeirei/keymaster/internal/ui/helpers.go:90.52,92.13 2 0
github.com/toeirei/keymaster/internal/ui/helpers.go:92.13,94.3 1 0
github.com/toeirei/keymaster/internal/ui/helpers.go:95.2,95.55 1 0
github.com/toeirei/keymaster/internal/ui/helpers.go:95.55,97.3 1 0
github.com/toeirei/keymaster/internal/ui/helpers.go:98.2,98.56 1 0
github.com/toeirei/keymaster/internal/ui/helpers.go:98.56,100.3 1 0
github.com/toeirei/keymaster/internal/ui/helpers.go:101.2,101.57 1 0
github.com/toeirei/keymaster/internal/ui/helpers.go:106.38,107.16 1 0
github.com/toeirei/keymaster/internal/ui/helpers.go:107.16,109.3 1 0
github.com/toeirei/keymaster/internal/ui/helpers.go:110.2,110.21 1 0
github.com/toeirei/keymaster/internal/ui/helpers.go:110.21,112.3 1 0
github.com/toeirei/keymaster/internal/ui/helpers.go:113.2,113.46 1 0
github.com/toeirei/keymaster/internal/ui/helpers.go:119.69,121.2 1 0
github.com/toeirei/keymaster/internal/ui/tags.go:21.54,23.16 2 0
github.com/toeirei/keymaster/internal/ui/tags.go:23.16,25.3 1 0
github.com/toeirei/keymaster/internal/ui/tags.go:26.2,27.34 2 0
github.com/toeirei/keymaster/internal/ui/tags.go:27.34,28.21 1 0
github.com/toeirei/keymaster/internal/ui/tags.go:28.21,29.12 1 0
github.com/toeirei/keymaster/internal/ui/tags.go:31.3,31.52 1 0
github.com/toeirei/keymaster/internal/ui/tags.go:31.52,33.15 2 0
github.com/toeirei/keymaster/internal/ui/tags.go:33.15,35.5 1 0
github.com/toeirei/keymaster/internal/ui/tags.go:38.2,39.24 2 0
github.com/toeirei/keymaster/internal/ui/tags.go:39.24,41.3 1 0
github.com/toeirei/keymaster/internal/ui/tags.go:42.2,42.18 1 0
github.com/toeirei/keymaster/internal/ui/tags.go:45.62,47.16 2 0
github.com/toeirei/keymaster/internal/ui/tags.go:47.16,49.3 1 0
github.com/toeirei/keymaster/internal/ui/tags.go:50.2,50.38 1 0
github.com/toeirei/keymaster/internal/ui/tags.go:54.41,56.2 1 0
github.com/toeirei/keymaster/internal/crypto/ssh/format.go:32.91,36.16 2 1
github.com/toeirei/keymaster/internal/crypto/ssh/format.go:36.16,38.3 1 0
github.com/toeirei/keymaster/internal/crypto/ssh/format.go:39.2,39.22 1 1
github.com/toeirei/keymaster/internal/crypto/ssh/generator.go:23.131,25.16 2 1
github.com/toeirei/keymaster/internal/crypto/ssh/generator.go:25.16,27.3 1 0
github.com/toeirei/keymaster/internal/crypto/ssh/generator.go:29.2,30.16 2 1
github.com/toeirei/keymaster/internal/crypto/ssh/generator.go:30.16,32.3 1 0
github.com/toeirei/keymaster/internal/crypto/ssh/generator.go:33.2,37.22 4 1
github.com/toeirei/keymaster/internal/crypto/ssh/generator.go:37.22,39.3 1 1
github.com/toeirei/keymaster/internal/crypto/ssh/generator.go:39.8,41.3 1 1
github.com/toeirei/keymaster/internal/crypto/ssh/generator.go:43.2,43.16 1 1
github.com/toeirei/keymaster/internal/crypto/ssh/generator.go:43.16,45.3 1 0
github.com/toeirei/keymaster/internal/crypto/ssh/generator.go:47.2,48.47 2 1
