mode: atomic
github.com/toeirei/keymaster/internal/sshkey/parser.go:22.75,24.22 2 4
github.com/toeirei/keymaster/internal/sshkey/parser.go:24.22,27.3 2 1
github.com/toeirei/keymaster/internal/sshkey/parser.go:29.2,30.31 2 3
github.com/toeirei/keymaster/internal/sshkey/parser.go:30.31,31.77 1 5
github.com/toeirei/keymaster/internal/sshkey/parser.go:31.77,33.9 2 2
github.com/toeirei/keymaster/internal/sshkey/parser.go:37.2,37.25 1 3
github.com/toeirei/keymaster/internal/sshkey/parser.go:37.25,40.3 2 1
github.com/toeirei/keymaster/internal/sshkey/parser.go:42.2,42.35 1 2
github.com/toeirei/keymaster/internal/sshkey/parser.go:42.35,45.3 2 0
github.com/toeirei/keymaster/internal/sshkey/parser.go:47.2,49.35 3 2
github.com/toeirei/keymaster/internal/sshkey/parser.go:49.35,51.3 1 2
github.com/toeirei/keymaster/internal/sshkey/parser.go:53.2,53.8 1 2
github.com/toeirei/keymaster/internal/sshkey/parser.go:58.44,61.58 2 2
github.com/toeirei/keymaster/internal/sshkey/parser.go:61.58,63.3 1 1
github.com/toeirei/keymaster/internal/sshkey/parser.go:65.2,67.22 3 1
github.com/toeirei/keymaster/internal/sshkey/parser.go:67.22,69.3 1 0
github.com/toeirei/keymaster/internal/sshkey/parser.go:71.2,72.16 2 1
github.com/toeirei/keymaster/internal/sshkey/parser.go:72.16,74.3 1 0
github.com/toeirei/keymaster/internal/sshkey/parser.go:75.2,75.20 1 1
github.com/toeirei/keymaster/internal/sshkey/parser.go:80.54,82.17 2 2
github.com/toeirei/keymaster/internal/sshkey/parser.go:83.22,84.92 1 0
github.com/toeirei/keymaster/internal/sshkey/parser.go:85.22,86.136 1 1
github.com/toeirei/keymaster/internal/sshkey/parser.go:87.10,88.12 1 1
github.com/toeirei/keymaster/internal/config/config.go:26.49,30.12 3 4
github.com/toeirei/keymaster/internal/config/config.go:30.12,32.23 1 1
github.com/toeirei/keymaster/internal/config/config.go:33.18,34.68 1 0
github.com/toeirei/keymaster/internal/config/config.go:35.11,36.32 1 1
github.com/toeirei/keymaster/internal/config/config.go:38.8,41.17 2 3
github.com/toeirei/keymaster/internal/config/config.go:41.17,43.4 1 0
github.com/toeirei/keymaster/internal/config/config.go:44.3,44.52 1 3
github.com/toeirei/keymaster/internal/config/config.go:47.2,47.56 1 4
github.com/toeirei/keymaster/internal/config/config.go:50.117,54.35 2 3
github.com/toeirei/keymaster/internal/config/config.go:54.35,56.3 1 9
github.com/toeirei/keymaster/internal/config/config.go:62.2,72.40 4 3
github.com/toeirei/keymaster/internal/config/config.go:72.40,74.3 1 2
github.com/toeirei/keymaster/internal/config/config.go:74.8,75.62 1 1
github.com/toeirei/keymaster/internal/config/config.go:75.62,77.4 1 1
github.com/toeirei/keymaster/internal/config/config.go:78.3,78.63 1 1
github.com/toeirei/keymaster/internal/config/config.go:78.63,80.4 1 1
github.com/toeirei/keymaster/internal/config/config.go:81.3,81.62 1 1
github.com/toeirei/keymaster/internal/config/config.go:87.2,88.35 2 3
github.com/toeirei/keymaster/internal/config/config.go:88.35,89.14 1 5
github.com/toeirei/keymaster/internal/config/config.go:89.14,90.12 1 0
github.com/toeirei/keymaster/internal/config/config.go:92.3,92.40 1 5
github.com/toeirei/keymaster/internal/config/config.go:92.40,93.22 1 3
github.com/toeirei/keymaster/internal/config/config.go:93.22,96.13 2 1
github.com/toeirei/keymaster/internal/config/config.go:99.4,100.49 2 2
github.com/toeirei/keymaster/internal/config/config.go:100.49,106.5 3 1
github.com/toeirei/keymaster/internal/config/config.go:107.4,109.9 3 1
github.com/toeirei/keymaster/internal/config/config.go:112.2,112.18 1 2
github.com/toeirei/keymaster/internal/config/config.go:112.18,114.3 1 1
github.com/toeirei/keymaster/internal/config/config.go:117.2,121.16 3 2
github.com/toeirei/keymaster/internal/config/config.go:121.16,123.3 1 1
github.com/toeirei/keymaster/internal/config/config.go:123.8,127.36 2 1
github.com/toeirei/keymaster/internal/config/config.go:127.36,128.15 1 1
github.com/toeirei/keymaster/internal/config/config.go:128.15,129.13 1 0
github.com/toeirei/keymaster/internal/config/config.go:131.4,131.41 1 1
github.com/toeirei/keymaster/internal/config/config.go:131.41,132.23 1 1
github.com/toeirei/keymaster/internal/config/config.go:132.23,134.11 2 1
github.com/toeirei/keymaster/internal/config/config.go:138.3,138.23 1 1
github.com/toeirei/keymaster/internal/config/config.go:138.23,140.4 1 1
github.com/toeirei/keymaster/internal/config/config.go:140.9,142.4 1 0
github.com/toeirei/keymaster/internal/config/config.go:146.2,153.54 5 2
github.com/toeirei/keymaster/internal/config/config.go:153.54,155.3 1 0
github.com/toeirei/keymaster/internal/config/config.go:158.2,158.44 1 2
github.com/toeirei/keymaster/internal/config/config.go:158.44,160.49 2 0
github.com/toeirei/keymaster/internal/config/config.go:160.49,162.52 2 0
github.com/toeirei/keymaster/internal/config/config.go:162.52,164.26 2 0
github.com/toeirei/keymaster/internal/config/config.go:164.26,166.6 1 0
github.com/toeirei/keymaster/internal/config/config.go:167.5,167.54 1 0
github.com/toeirei/keymaster/internal/config/config.go:168.10,170.5 1 0
github.com/toeirei/keymaster/internal/config/config.go:173.3,173.36 1 0
github.com/toeirei/keymaster/internal/config/config.go:173.36,174.15 1 0
github.com/toeirei/keymaster/internal/config/config.go:174.15,175.13 1 0
github.com/toeirei/keymaster/internal/config/config.go:177.4,177.41 1 0
github.com/toeirei/keymaster/internal/config/config.go:177.41,178.22 1 0
github.com/toeirei/keymaster/internal/config/config.go:178.22,179.51 1 0
github.com/toeirei/keymaster/internal/config/config.go:179.51,181.28 2 0
github.com/toeirei/keymaster/internal/config/config.go:181.28,183.8 1 0
github.com/toeirei/keymaster/internal/config/config.go:184.7,184.63 1 0
github.com/toeirei/keymaster/internal/config/config.go:185.12,187.7 1 0
github.com/toeirei/keymaster/internal/config/config.go:188.11,190.6 1 0
github.com/toeirei/keymaster/internal/config/config.go:191.10,193.5 1 0
github.com/toeirei/keymaster/internal/config/config.go:195.3,195.16 1 0
github.com/toeirei/keymaster/internal/config/config.go:199.2,199.19 1 2
github.com/toeirei/keymaster/internal/config/config.go:204.40,206.53 2 2
github.com/toeirei/keymaster/internal/config/config.go:206.53,209.43 2 0
github.com/toeirei/keymaster/internal/config/config.go:209.43,211.4 1 0
github.com/toeirei/keymaster/internal/config/config.go:211.9,213.4 1 0
github.com/toeirei/keymaster/internal/config/config.go:215.3,215.22 1 0
github.com/toeirei/keymaster/internal/config/config.go:219.54,221.16 2 1
github.com/toeirei/keymaster/internal/config/config.go:221.16,223.3 1 0
github.com/toeirei/keymaster/internal/config/config.go:225.2,226.16 2 1
github.com/toeirei/keymaster/internal/config/config.go:226.16,228.3 1 0
github.com/toeirei/keymaster/internal/config/config.go:231.2,232.53 2 1
github.com/toeirei/keymaster/internal/config/config.go:232.53,234.3 1 0
github.com/toeirei/keymaster/internal/config/config.go:236.2,237.16 2 1
github.com/toeirei/keymaster/internal/config/config.go:237.16,239.3 1 0
github.com/toeirei/keymaster/internal/config/config.go:241.2,241.12 1 1
github.com/toeirei/keymaster/internal/config/config.go:247.19,249.56 2 0
github.com/toeirei/keymaster/internal/config/config.go:249.56,251.3 1 0
github.com/toeirei/keymaster/internal/config/config.go:254.2,254.47 1 0
github.com/toeirei/keymaster/internal/db/bun_adapter.go:27.67,32.16 4 2
github.com/toeirei/keymaster/internal/db/bun_adapter.go:32.16,33.27 1 0
github.com/toeirei/keymaster/internal/db/bun_adapter.go:33.27,35.4 1 0
github.com/toeirei/keymaster/internal/db/bun_adapter.go:36.3,36.18 1 0
github.com/toeirei/keymaster/internal/db/bun_adapter.go:39.2,40.16 2 2
github.com/toeirei/keymaster/internal/db/bun_adapter.go:45.81,49.16 3 1
github.com/toeirei/keymaster/internal/db/bun_adapter.go:49.16,51.3 1 0
github.com/toeirei/keymaster/internal/db/bun_adapter.go:52.2,56.91 2 1
github.com/toeirei/keymaster/internal/db/bun_adapter.go:56.91,58.3 1 0
github.com/toeirei/keymaster/internal/db/bun_adapter.go:61.2,62.89 2 1
github.com/toeirei/keymaster/internal/db/bun_adapter.go:62.89,64.3 1 0
github.com/toeirei/keymaster/internal/db/bun_adapter.go:65.2,66.15 2 1
github.com/toeirei/keymaster/internal/db/bun_adapter.go:66.15,68.3 1 1
github.com/toeirei/keymaster/internal/db/bun_adapter.go:71.2,77.16 2 1
github.com/toeirei/keymaster/internal/db/bun_adapter.go:77.16,79.3 1 0
github.com/toeirei/keymaster/internal/db/bun_adapter.go:81.2,81.36 1 1
github.com/toeirei/keymaster/internal/db/bun_adapter.go:81.36,83.3 1 0
github.com/toeirei/keymaster/internal/db/bun_adapter.go:85.2,86.23 2 1
github.com/toeirei/keymaster/internal/db/bun_adapter.go:142.56,150.19 2 10
github.com/toeirei/keymaster/internal/db/bun_adapter.go:150.19,152.3 1 8
github.com/toeirei/keymaster/internal/db/bun_adapter.go:153.2,153.18 1 10
github.com/toeirei/keymaster/internal/db/bun_adapter.go:153.18,155.3 1 5
github.com/toeirei/keymaster/internal/db/bun_adapter.go:156.2,156.12 1 10
github.com/toeirei/keymaster/internal/db/bun_adapter.go:159.85,169.21 2 7
github.com/toeirei/keymaster/internal/db/bun_adapter.go:169.21,171.3 1 7
github.com/toeirei/keymaster/internal/db/bun_adapter.go:172.2,172.20 1 7
github.com/toeirei/keymaster/internal/db/bun_adapter.go:172.20,174.3 1 7
github.com/toeirei/keymaster/internal/db/bun_adapter.go:175.2,175.11 1 7
github.com/toeirei/keymaster/internal/db/bun_adapter.go:178.62,180.2 1 7
github.com/toeirei/keymaster/internal/db/bun_adapter.go:182.64,184.2 1 7
github.com/toeirei/keymaster/internal/db/bun_adapter.go:187.62,191.16 4 0
github.com/toeirei/keymaster/internal/db/bun_adapter.go:191.16,193.3 1 0
github.com/toeirei/keymaster/internal/db/bun_adapter.go:194.2,195.23 2 0
github.com/toeirei/keymaster/internal/db/bun_adapter.go:195.23,197.3 1 0
github.com/toeirei/keymaster/internal/db/bun_adapter.go:198.2,198.17 1 0
github.com/toeirei/keymaster/internal/db/bun_adapter.go:202.68,206.16 4 1
github.com/toeirei/keymaster/internal/db/bun_adapter.go:206.16,208.3 1 0
github.com/toeirei/keymaster/internal/db/bun_adapter.go:209.2,210.23 2 1
github.com/toeirei/keymaster/internal/db/bun_adapter.go:210.23,212.3 1 0
github.com/toeirei/keymaster/internal/db/bun_adapter.go:213.2,213.17 1 1
github.com/toeirei/keymaster/internal/db/bun_adapter.go:217.86,228.127 3 6
github.com/toeirei/keymaster/internal/db/bun_adapter.go:228.127,230.3 1 1
github.com/toeirei/keymaster/internal/db/bun_adapter.go:231.2,231.19 1 5
github.com/toeirei/keymaster/internal/db/bun_adapter.go:235.50,239.2 3 0
github.com/toeirei/keymaster/internal/db/bun_adapter.go:242.69,247.2 3 1
github.com/toeirei/keymaster/internal/db/bun_adapter.go:250.73,254.2 3 0
github.com/toeirei/keymaster/internal/db/bun_adapter.go:257.82,266.16 4 0
github.com/toeirei/keymaster/internal/db/bun_adapter.go:266.16,268.3 1 0
github.com/toeirei/keymaster/internal/db/bun_adapter.go:269.2,270.24 2 0
github.com/toeirei/keymaster/internal/db/bun_adapter.go:270.24,272.3 1 0
github.com/toeirei/keymaster/internal/db/bun_adapter.go:273.2,273.17 1 0
github.com/toeirei/keymaster/internal/db/bun_adapter.go:277.76,286.16 4 0
github.com/toeirei/keymaster/internal/db/bun_adapter.go:286.16,288.3 1 0
github.com/toeirei/keymaster/internal/db/bun_adapter.go:289.2,290.23 2 0
github.com/toeirei/keymaster/internal/db/bun_adapter.go:290.23,292.3 1 0
github.com/toeirei/keymaster/internal/db/bun_adapter.go:293.2,293.17 1 0
github.com/toeirei/keymaster/internal/db/bun_adapter.go:297.75,300.89 3 0
github.com/toeirei/keymaster/internal/db/bun_adapter.go:300.89,302.3 1 0
github.com/toeirei/keymaster/internal/db/bun_adapter.go:303.2,304.23 2 0
github.com/toeirei/keymaster/internal/db/bun_adapter.go:304.23,306.3 1 0
github.com/toeirei/keymaster/internal/db/bun_adapter.go:307.2,307.17 1 0
github.com/toeirei/keymaster/internal/db/bun_adapter.go:311.69,315.16 4 14
github.com/toeirei/keymaster/internal/db/bun_adapter.go:315.16,316.68 1 14
github.com/toeirei/keymaster/internal/db/bun_adapter.go:316.68,318.4 1 0
github.com/toeirei/keymaster/internal/db/bun_adapter.go:318.9,320.4 1 14
github.com/toeirei/keymaster/internal/db/bun_adapter.go:322.2,323.24 2 14
github.com/toeirei/keymaster/internal/db/bun_adapter.go:327.69,330.16 3 5
github.com/toeirei/keymaster/internal/db/bun_adapter.go:330.16,332.3 1 0
github.com/toeirei/keymaster/internal/db/bun_adapter.go:333.2,339.66 4 5
github.com/toeirei/keymaster/internal/db/bun_adapter.go:339.66,341.3 1 0
github.com/toeirei/keymaster/internal/db/bun_adapter.go:342.2,342.29 1 5
github.com/toeirei/keymaster/internal/db/bun_adapter.go:342.29,344.3 1 7
github.com/toeirei/keymaster/internal/db/bun_adapter.go:347.2,348.61 2 5
github.com/toeirei/keymaster/internal/db/bun_adapter.go:348.61,350.3 1 0
github.com/toeirei/keymaster/internal/db/bun_adapter.go:351.2,351.24 1 5
github.com/toeirei/keymaster/internal/db/bun_adapter.go:351.24,353.3 1 5
github.com/toeirei/keymaster/internal/db/bun_adapter.go:356.2,358.97 3 5
github.com/toeirei/keymaster/internal/db/bun_adapter.go:358.97,360.3 1 0
github.com/toeirei/keymaster/internal/db/bun_adapter.go:361.2,361.24 1 5
github.com/toeirei/keymaster/internal/db/bun_adapter.go:361.24,363.3 1 2
github.com/toeirei/keymaster/internal/db/bun_adapter.go:366.2,367.61 2 5
github.com/toeirei/keymaster/internal/db/bun_adapter.go:367.61,369.3 1 0
github.com/toeirei/keymaster/internal/db/bun_adapter.go:370.2,370.24 1 5
github.com/toeirei/keymaster/internal/db/bun_adapter.go:370.24,372.3 1 2
github.com/toeirei/keymaster/internal/db/bun_adapter.go:375.2,376.61 2 5
github.com/toeirei/keymaster/internal/db/bun_adapter.go:376.61,378.3 1 0
github.com/toeirei/keymaster/internal/db/bun_adapter.go:379.2,379.24 1 5
github.com/toeirei/keymaster/internal/db/bun_adapter.go:379.24,381.3 1 2
github.com/toeirei/keymaster/internal/db/bun_adapter.go:384.2,385.61 2 5
github.com/toeirei/keymaster/internal/db/bun_adapter.go:385.61,387.3 1 0
github.com/toeirei/keymaster/internal/db/bun_adapter.go:388.2,388.24 1 5
github.com/toeirei/keymaster/internal/db/bun_adapter.go:388.24,390.3 1 18
github.com/toeirei/keymaster/internal/db/bun_adapter.go:393.2,394.61 2 5
github.com/toeirei/keymaster/internal/db/bun_adapter.go:394.61,396.3 1 0
github.com/toeirei/keymaster/internal/db/bun_adapter.go:397.2,397.24 1 5
github.com/toeirei/keymaster/internal/db/bun_adapter.go:397.24,399.20 2 2
github.com/toeirei/keymaster/internal/db/bun_adapter.go:399.20,401.4 1 2
github.com/toeirei/keymaster/internal/db/bun_adapter.go:402.3,402.19 1 2
github.com/toeirei/keymaster/internal/db/bun_adapter.go:402.19,404.4 1 2
github.com/toeirei/keymaster/internal/db/bun_adapter.go:405.3,405.66 1 2
github.com/toeirei/keymaster/internal/db/bun_adapter.go:408.2,408.36 1 5
github.com/toeirei/keymaster/internal/db/bun_adapter.go:408.36,410.3 1 0
github.com/toeirei/keymaster/internal/db/bun_adapter.go:411.2,411.20 1 5
github.com/toeirei/keymaster/internal/db/bun_adapter.go:415.75,418.16 3 2
github.com/toeirei/keymaster/internal/db/bun_adapter.go:418.16,420.3 1 0
github.com/toeirei/keymaster/internal/db/bun_adapter.go:421.2,425.27 3 2
github.com/toeirei/keymaster/internal/db/bun_adapter.go:425.27,426.82 1 14
github.com/toeirei/keymaster/internal/db/bun_adapter.go:426.82,428.4 1 0
github.com/toeirei/keymaster/internal/db/bun_adapter.go:432.2,432.38 1 2
github.com/toeirei/keymaster/internal/db/bun_adapter.go:432.38,433.241 1 2
github.com/toeirei/keymaster/internal/db/bun_adapter.go:433.241,435.4 1 0
github.com/toeirei/keymaster/internal/db/bun_adapter.go:438.2,438.39 1 2
github.com/toeirei/keymaster/internal/db/bun_adapter.go:438.39,439.202 1 1
github.com/toeirei/keymaster/internal/db/bun_adapter.go:439.202,441.4 1 0
github.com/toeirei/keymaster/internal/db/bun_adapter.go:444.2,444.40 1 2
github.com/toeirei/keymaster/internal/db/bun_adapter.go:444.40,445.135 1 1
github.com/toeirei/keymaster/internal/db/bun_adapter.go:445.135,447.4 1 0
github.com/toeirei/keymaster/internal/db/bun_adapter.go:450.2,450.39 1 2
github.com/toeirei/keymaster/internal/db/bun_adapter.go:450.39,451.207 1 1
github.com/toeirei/keymaster/internal/db/bun_adapter.go:451.207,453.4 1 0
github.com/toeirei/keymaster/internal/db/bun_adapter.go:456.2,456.39 1 2
github.com/toeirei/keymaster/internal/db/bun_adapter.go:456.39,457.126 1 1
github.com/toeirei/keymaster/internal/db/bun_adapter.go:457.126,459.4 1 0
github.com/toeirei/keymaster/internal/db/bun_adapter.go:462.2,462.45 1 2
github.com/toeirei/keymaster/internal/db/bun_adapter.go:462.45,464.26 2 7
github.com/toeirei/keymaster/internal/db/bun_adapter.go:464.26,465.74 1 7
github.com/toeirei/keymaster/internal/db/bun_adapter.go:465.74,467.5 1 7
github.com/toeirei/keymaster/internal/db/bun_adapter.go:467.10,473.5 4 0
github.com/toeirei/keymaster/internal/db/bun_adapter.go:475.3,475.190 1 7
github.com/toeirei/keymaster/internal/db/bun_adapter.go:475.190,477.4 1 0
github.com/toeirei/keymaster/internal/db/bun_adapter.go:480.2,480.46 1 2
github.com/toeirei/keymaster/internal/db/bun_adapter.go:480.46,481.313 1 1
github.com/toeirei/keymaster/internal/db/bun_adapter.go:481.313,483.4 1 0
github.com/toeirei/keymaster/internal/db/bun_adapter.go:486.2,486.20 1 2
github.com/toeirei/keymaster/internal/db/bun_adapter.go:490.78,493.16 3 1
github.com/toeirei/keymaster/internal/db/bun_adapter.go:493.16,495.3 1 0
github.com/toeirei/keymaster/internal/db/bun_adapter.go:496.2,498.38 2 1
github.com/toeirei/keymaster/internal/db/bun_adapter.go:498.38,499.251 1 2
github.com/toeirei/keymaster/internal/db/bun_adapter.go:499.251,501.4 1 0
github.com/toeirei/keymaster/internal/db/bun_adapter.go:503.2,503.39 1 1
github.com/toeirei/keymaster/internal/db/bun_adapter.go:503.39,504.212 1 2
github.com/toeirei/keymaster/internal/db/bun_adapter.go:504.212,506.4 1 0
github.com/toeirei/keymaster/internal/db/bun_adapter.go:508.2,508.40 1 1
github.com/toeirei/keymaster/internal/db/bun_adapter.go:508.40,509.145 1 0
github.com/toeirei/keymaster/internal/db/bun_adapter.go:509.145,511.4 1 0
github.com/toeirei/keymaster/internal/db/bun_adapter.go:513.2,513.20 1 1
github.com/toeirei/keymaster/internal/db/bun_adapter.go:518.66,521.83 3 0
github.com/toeirei/keymaster/internal/db/bun_adapter.go:521.83,523.3 1 0
github.com/toeirei/keymaster/internal/db/bun_adapter.go:524.2,525.24 2 0
github.com/toeirei/keymaster/internal/db/bun_adapter.go:525.24,527.3 1 0
github.com/toeirei/keymaster/internal/db/bun_adapter.go:528.2,528.17 1 0
github.com/toeirei/keymaster/internal/db/bun_adapter.go:532.86,536.16 4 3
github.com/toeirei/keymaster/internal/db/bun_adapter.go:536.16,537.27 1 2
github.com/toeirei/keymaster/internal/db/bun_adapter.go:537.27,539.4 1 2
github.com/toeirei/keymaster/internal/db/bun_adapter.go:540.3,540.18 1 0
github.com/toeirei/keymaster/internal/db/bun_adapter.go:542.2,543.16 2 1
github.com/toeirei/keymaster/internal/db/bun_adapter.go:547.92,551.2 3 3
github.com/toeirei/keymaster/internal/db/bun_adapter.go:555.123,558.16 2 3
github.com/toeirei/keymaster/internal/db/bun_adapter.go:558.16,560.3 1 0
github.com/toeirei/keymaster/internal/db/bun_adapter.go:561.2,561.21 1 3
github.com/toeirei/keymaster/internal/db/bun_adapter.go:561.21,563.3 1 1
github.com/toeirei/keymaster/internal/db/bun_adapter.go:564.2,566.16 3 2
github.com/toeirei/keymaster/internal/db/bun_adapter.go:566.16,568.3 1 0
github.com/toeirei/keymaster/internal/db/bun_adapter.go:569.2,570.16 2 2
github.com/toeirei/keymaster/internal/db/bun_adapter.go:570.16,572.3 1 0
github.com/toeirei/keymaster/internal/db/bun_adapter.go:573.2,573.121 1 2
github.com/toeirei/keymaster/internal/db/bun_adapter.go:577.58,581.2 3 0
github.com/toeirei/keymaster/internal/db/bun_adapter.go:584.69,587.109 3 0
github.com/toeirei/keymaster/internal/db/bun_adapter.go:587.109,589.3 1 0
github.com/toeirei/keymaster/internal/db/bun_adapter.go:590.2,591.24 2 0
github.com/toeirei/keymaster/internal/db/bun_adapter.go:591.24,593.3 1 0
github.com/toeirei/keymaster/internal/db/bun_adapter.go:594.2,594.17 1 0
github.com/toeirei/keymaster/internal/db/bun_adapter.go:598.52,602.2 3 0
github.com/toeirei/keymaster/internal/db/bun_adapter.go:605.73,609.16 4 1
github.com/toeirei/keymaster/internal/db/bun_adapter.go:609.16,610.27 1 0
github.com/toeirei/keymaster/internal/db/bun_adapter.go:610.27,612.4 1 0
github.com/toeirei/keymaster/internal/db/bun_adapter.go:613.3,613.18 1 0
github.com/toeirei/keymaster/internal/db/bun_adapter.go:615.2,616.16 2 1
github.com/toeirei/keymaster/internal/db/bun_adapter.go:620.71,624.16 4 1
github.com/toeirei/keymaster/internal/db/bun_adapter.go:624.16,625.27 1 0
github.com/toeirei/keymaster/internal/db/bun_adapter.go:625.27,627.4 1 0
github.com/toeirei/keymaster/internal/db/bun_adapter.go:628.3,628.17 1 0
github.com/toeirei/keymaster/internal/db/bun_adapter.go:630.2,630.20 1 1
github.com/toeirei/keymaster/internal/db/bun_adapter.go:633.66,637.2 3 2
github.com/toeirei/keymaster/internal/db/bun_adapter.go:640.144,644.2 3 5
github.com/toeirei/keymaster/internal/db/bun_adapter.go:646.86,650.16 4 5
github.com/toeirei/keymaster/internal/db/bun_adapter.go:650.16,651.27 1 2
github.com/toeirei/keymaster/internal/db/bun_adapter.go:651.27,653.4 1 2
github.com/toeirei/keymaster/internal/db/bun_adapter.go:654.3,654.18 1 0
github.com/toeirei/keymaster/internal/db/bun_adapter.go:656.2,657.16 2 3
github.com/toeirei/keymaster/internal/db/bun_adapter.go:660.62,664.2 3 2
github.com/toeirei/keymaster/internal/db/bun_adapter.go:666.83,670.2 3 2
github.com/toeirei/keymaster/internal/db/bun_adapter.go:672.85,676.100 3 1
github.com/toeirei/keymaster/internal/db/bun_adapter.go:676.100,678.3 1 0
github.com/toeirei/keymaster/internal/db/bun_adapter.go:679.2,680.24 2 1
github.com/toeirei/keymaster/internal/db/bun_adapter.go:680.24,683.3 2 1
github.com/toeirei/keymaster/internal/db/bun_adapter.go:684.2,684.17 1 1
github.com/toeirei/keymaster/internal/db/bun_adapter.go:687.86,690.91 3 2
github.com/toeirei/keymaster/internal/db/bun_adapter.go:690.91,692.3 1 0
github.com/toeirei/keymaster/internal/db/bun_adapter.go:693.2,694.24 2 2
github.com/toeirei/keymaster/internal/db/bun_adapter.go:694.24,697.3 2 3
github.com/toeirei/keymaster/internal/db/bun_adapter.go:698.2,698.17 1 2
github.com/toeirei/keymaster/internal/db/bun_adapter.go:702.69,706.16 4 3
github.com/toeirei/keymaster/internal/db/bun_adapter.go:706.16,707.27 1 0
github.com/toeirei/keymaster/internal/db/bun_adapter.go:707.27,709.4 1 0
github.com/toeirei/keymaster/internal/db/bun_adapter.go:710.3,710.18 1 0
github.com/toeirei/keymaster/internal/db/bun_adapter.go:712.2,713.16 2 3
github.com/toeirei/keymaster/internal/db/bun_adapter.go:716.64,720.2 3 1
github.com/toeirei/keymaster/internal/db/bun_adapter.go:722.64,724.114 2 1
github.com/toeirei/keymaster/internal/db/bun_adapter.go:724.114,726.3 1 0
github.com/toeirei/keymaster/internal/db/bun_adapter.go:727.2,728.90 2 1
github.com/toeirei/keymaster/internal/db/bun_adapter.go:728.90,730.3 1 0
github.com/toeirei/keymaster/internal/db/bun_adapter.go:731.2,731.25 1 1
github.com/toeirei/keymaster/internal/db/bun_adapter.go:734.69,738.2 3 0
github.com/toeirei/keymaster/internal/db/bun_adapter.go:740.75,744.2 3 0
github.com/toeirei/keymaster/internal/db/bun_adapter.go:746.67,750.2 3 0
github.com/toeirei/keymaster/internal/db/bun_adapter.go:753.81,757.16 4 3
github.com/toeirei/keymaster/internal/db/bun_adapter.go:757.16,758.27 1 0
github.com/toeirei/keymaster/internal/db/bun_adapter.go:758.27,760.4 1 0
github.com/toeirei/keymaster/internal/db/bun_adapter.go:761.3,761.18 1 0
github.com/toeirei/keymaster/internal/db/bun_adapter.go:763.2,764.16 2 3
github.com/toeirei/keymaster/internal/db/bun_adapter.go:767.50,770.90 3 4
github.com/toeirei/keymaster/internal/db/bun_adapter.go:770.90,772.3 1 0
github.com/toeirei/keymaster/internal/db/bun_adapter.go:773.2,773.23 1 4
github.com/toeirei/keymaster/internal/db/bun_adapter.go:776.81,780.90 3 3
github.com/toeirei/keymaster/internal/db/bun_adapter.go:780.90,782.3 1 0
github.com/toeirei/keymaster/internal/db/bun_adapter.go:783.2,784.15 2 3
github.com/toeirei/keymaster/internal/db/bun_adapter.go:784.15,786.3 1 0
github.com/toeirei/keymaster/internal/db/bun_adapter.go:788.2,788.178 1 3
github.com/toeirei/keymaster/internal/db/bun_adapter.go:788.178,790.3 1 0
github.com/toeirei/keymaster/internal/db/bun_adapter.go:791.2,791.23 1 3
github.com/toeirei/keymaster/internal/db/db.go:49.39,51.16 2 12
github.com/toeirei/keymaster/internal/db/db.go:51.16,53.3 1 0
github.com/toeirei/keymaster/internal/db/db.go:54.2,55.12 2 12
github.com/toeirei/keymaster/internal/db/db.go:59.27,61.2 1 0
github.com/toeirei/keymaster/internal/db/db.go:67.49,69.26 2 2
github.com/toeirei/keymaster/internal/db/db.go:69.26,71.3 1 0
github.com/toeirei/keymaster/internal/db/db.go:72.2,73.16 2 2
github.com/toeirei/keymaster/internal/db/db.go:73.16,75.3 1 0
github.com/toeirei/keymaster/internal/db/db.go:76.2,82.16 4 2
github.com/toeirei/keymaster/internal/db/db.go:83.16,85.71 1 2
github.com/toeirei/keymaster/internal/db/db.go:85.71,87.4 1 0
github.com/toeirei/keymaster/internal/db/db.go:88.3,88.62 1 2
github.com/toeirei/keymaster/internal/db/db.go:88.62,90.4 1 0
github.com/toeirei/keymaster/internal/db/db.go:92.3,92.78 1 2
github.com/toeirei/keymaster/internal/db/db.go:92.79,94.4 0 2
github.com/toeirei/keymaster/internal/db/db.go:96.3,97.79 2 2
github.com/toeirei/keymaster/internal/db/db.go:97.79,99.19 2 2
github.com/toeirei/keymaster/internal/db/db.go:99.19,101.5 1 0
github.com/toeirei/keymaster/internal/db/db.go:103.18,105.70 1 0
github.com/toeirei/keymaster/internal/db/db.go:105.70,107.4 1 0
github.com/toeirei/keymaster/internal/db/db.go:108.15,111.17 2 0
github.com/toeirei/keymaster/internal/db/db.go:111.17,113.4 1 0
github.com/toeirei/keymaster/internal/db/db.go:114.3,116.19 3 0
github.com/toeirei/keymaster/internal/db/db.go:116.19,117.44 1 0
github.com/toeirei/keymaster/internal/db/db.go:117.44,119.5 1 0
github.com/toeirei/keymaster/internal/db/db.go:120.4,120.93 1 0
github.com/toeirei/keymaster/internal/db/db.go:120.93,122.5 1 0
github.com/toeirei/keymaster/internal/db/db.go:124.10,125.71 1 0
github.com/toeirei/keymaster/internal/db/db.go:127.2,127.12 1 2
github.com/toeirei/keymaster/internal/db/db.go:133.57,136.26 2 13
github.com/toeirei/keymaster/internal/db/db.go:136.26,138.3 1 0
github.com/toeirei/keymaster/internal/db/db.go:139.2,141.16 3 13
github.com/toeirei/keymaster/internal/db/db.go:141.16,143.3 1 0
github.com/toeirei/keymaster/internal/db/db.go:148.2,155.60 3 13
github.com/toeirei/keymaster/internal/db/db.go:155.60,156.54 1 0
github.com/toeirei/keymaster/internal/db/db.go:156.54,158.4 1 0
github.com/toeirei/keymaster/internal/db/db.go:160.2,161.60 2 13
github.com/toeirei/keymaster/internal/db/db.go:161.60,162.54 1 0
github.com/toeirei/keymaster/internal/db/db.go:162.54,164.4 1 0
github.com/toeirei/keymaster/internal/db/db.go:166.2,167.71 2 13
github.com/toeirei/keymaster/internal/db/db.go:167.71,168.54 1 0
github.com/toeirei/keymaster/internal/db/db.go:168.54,170.4 1 0
github.com/toeirei/keymaster/internal/db/db.go:173.2,178.67 5 13
github.com/toeirei/keymaster/internal/db/db.go:178.67,179.54 1 0
github.com/toeirei/keymaster/internal/db/db.go:179.54,181.4 1 0
github.com/toeirei/keymaster/internal/db/db.go:183.2,189.53 5 13
github.com/toeirei/keymaster/internal/db/db.go:189.53,191.3 1 0
github.com/toeirei/keymaster/internal/db/db.go:192.2,194.16 2 13
github.com/toeirei/keymaster/internal/db/db.go:195.16,197.39 2 13
github.com/toeirei/keymaster/internal/db/db.go:198.18,200.41 2 0
github.com/toeirei/keymaster/internal/db/db.go:201.15,203.38 2 0
github.com/toeirei/keymaster/internal/db/db.go:204.10,205.87 1 0
github.com/toeirei/keymaster/internal/db/db.go:212.53,218.16 5 14
github.com/toeirei/keymaster/internal/db/db.go:218.16,219.37 1 0
github.com/toeirei/keymaster/internal/db/db.go:219.37,222.4 1 0
github.com/toeirei/keymaster/internal/db/db.go:223.3,223.88 1 0
github.com/toeirei/keymaster/internal/db/db.go:227.2,228.28 2 14
github.com/toeirei/keymaster/internal/db/db.go:228.28,229.16 1 56
github.com/toeirei/keymaster/internal/db/db.go:229.16,230.12 1 0
github.com/toeirei/keymaster/internal/db/db.go:232.3,233.41 2 56
github.com/toeirei/keymaster/internal/db/db.go:233.41,235.4 1 28
github.com/toeirei/keymaster/internal/db/db.go:237.2,240.64 2 14
github.com/toeirei/keymaster/internal/db/db.go:240.64,242.3 1 0
github.com/toeirei/keymaster/internal/db/db.go:244.2,244.28 1 14
github.com/toeirei/keymaster/internal/db/db.go:244.28,250.27 4 28
github.com/toeirei/keymaster/internal/db/db.go:250.27,252.4 1 0
github.com/toeirei/keymaster/internal/db/db.go:253.3,254.17 2 28
github.com/toeirei/keymaster/internal/db/db.go:254.17,256.12 1 0
github.com/toeirei/keymaster/internal/db/db.go:258.3,258.27 1 28
github.com/toeirei/keymaster/internal/db/db.go:258.28,260.4 0 28
github.com/toeirei/keymaster/internal/db/db.go:260.9,262.4 1 0
github.com/toeirei/keymaster/internal/db/db.go:265.3,267.17 3 28
github.com/toeirei/keymaster/internal/db/db.go:267.17,269.4 1 0
github.com/toeirei/keymaster/internal/db/db.go:272.3,273.17 2 28
github.com/toeirei/keymaster/internal/db/db.go:273.17,275.4 1 0
github.com/toeirei/keymaster/internal/db/db.go:276.3,276.50 1 28
github.com/toeirei/keymaster/internal/db/db.go:276.50,279.4 2 0
github.com/toeirei/keymaster/internal/db/db.go:282.3,283.27 2 28
github.com/toeirei/keymaster/internal/db/db.go:283.27,285.4 1 0
github.com/toeirei/keymaster/internal/db/db.go:286.3,286.70 1 28
github.com/toeirei/keymaster/internal/db/db.go:286.70,289.4 2 0
github.com/toeirei/keymaster/internal/db/db.go:290.3,290.37 1 28
github.com/toeirei/keymaster/internal/db/db.go:290.37,293.4 2 0
github.com/toeirei/keymaster/internal/db/db.go:295.2,296.12 2 14
github.com/toeirei/keymaster/internal/db/db.go:301.67,305.23 1 14
github.com/toeirei/keymaster/internal/db/db.go:305.23,306.141 1 0
github.com/toeirei/keymaster/internal/db/db.go:306.141,308.4 1 0
github.com/toeirei/keymaster/internal/db/db.go:309.8,310.133 1 14
github.com/toeirei/keymaster/internal/db/db.go:310.133,312.4 1 0
github.com/toeirei/keymaster/internal/db/db.go:316.2,317.16 2 14
github.com/toeirei/keymaster/internal/db/db.go:318.16,320.17 2 14
github.com/toeirei/keymaster/internal/db/db.go:320.17,322.4 1 0
github.com/toeirei/keymaster/internal/db/db.go:323.3,324.19 2 14
github.com/toeirei/keymaster/internal/db/db.go:324.19,332.77 7 28
github.com/toeirei/keymaster/internal/db/db.go:332.77,334.5 1 0
github.com/toeirei/keymaster/internal/db/db.go:335.4,335.28 1 28
github.com/toeirei/keymaster/internal/db/db.go:335.28,337.10 2 14
github.com/toeirei/keymaster/internal/db/db.go:340.27,343.27 2 0
github.com/toeirei/keymaster/internal/db/db.go:343.27,345.4 1 0
github.com/toeirei/keymaster/internal/db/db.go:345.9,347.4 1 0
github.com/toeirei/keymaster/internal/db/db.go:348.3,349.17 2 0
github.com/toeirei/keymaster/internal/db/db.go:349.17,351.4 1 0
github.com/toeirei/keymaster/internal/db/db.go:352.3,353.19 2 0
github.com/toeirei/keymaster/internal/db/db.go:353.19,355.43 2 0
github.com/toeirei/keymaster/internal/db/db.go:355.43,357.5 1 0
github.com/toeirei/keymaster/internal/db/db.go:358.4,358.28 1 0
github.com/toeirei/keymaster/internal/db/db.go:358.28,360.10 2 0
github.com/toeirei/keymaster/internal/db/db.go:363.10,365.22 1 0
github.com/toeirei/keymaster/internal/db/db.go:368.2,368.19 1 14
github.com/toeirei/keymaster/internal/db/db.go:368.19,371.25 2 0
github.com/toeirei/keymaster/internal/db/db.go:371.26,374.4 0 0
github.com/toeirei/keymaster/internal/db/db.go:375.3,375.43 1 0
github.com/toeirei/keymaster/internal/db/db.go:375.43,377.4 1 0
github.com/toeirei/keymaster/internal/db/db.go:379.2,379.12 1 14
github.com/toeirei/keymaster/internal/db/db.go:383.48,385.2 1 0
github.com/toeirei/keymaster/internal/db/db.go:388.70,390.2 1 5
github.com/toeirei/keymaster/internal/db/db.go:393.34,395.2 1 0
github.com/toeirei/keymaster/internal/db/db.go:399.48,401.2 1 0
github.com/toeirei/keymaster/internal/db/db.go:404.40,406.2 1 0
github.com/toeirei/keymaster/internal/db/db.go:409.53,411.2 1 0
github.com/toeirei/keymaster/internal/db/db.go:414.59,416.2 1 0
github.com/toeirei/keymaster/internal/db/db.go:419.51,421.2 1 0
github.com/toeirei/keymaster/internal/db/db.go:424.54,426.2 1 1
github.com/toeirei/keymaster/internal/db/db.go:429.76,431.2 1 3
github.com/toeirei/keymaster/internal/db/db.go:434.52,436.2 1 0
github.com/toeirei/keymaster/internal/db/db.go:439.70,441.2 1 0
github.com/toeirei/keymaster/internal/db/db.go:447.107,449.2 1 3
github.com/toeirei/keymaster/internal/db/db.go:452.42,454.2 1 0
github.com/toeirei/keymaster/internal/db/db.go:457.55,459.2 1 0
github.com/toeirei/keymaster/internal/db/db.go:462.55,464.2 1 0
github.com/toeirei/keymaster/internal/db/db.go:467.50,469.2 1 1
github.com/toeirei/keymaster/internal/db/db.go:472.65,474.2 1 2
github.com/toeirei/keymaster/internal/db/db.go:478.65,480.2 1 1
github.com/toeirei/keymaster/internal/db/db.go:483.53,485.2 1 2
github.com/toeirei/keymaster/internal/db/db.go:488.65,490.2 1 2
github.com/toeirei/keymaster/internal/db/db.go:493.36,495.2 1 2
github.com/toeirei/keymaster/internal/db/db.go:499.36,501.2 1 0
github.com/toeirei/keymaster/internal/db/db.go:504.53,506.2 1 1
github.com/toeirei/keymaster/internal/db/db.go:509.57,511.2 1 0
github.com/toeirei/keymaster/internal/db/db.go:514.66,516.2 1 0
github.com/toeirei/keymaster/internal/db/db.go:519.60,521.2 1 0
github.com/toeirei/keymaster/internal/db/db.go:524.61,526.2 1 0
github.com/toeirei/keymaster/internal/db/db.go:529.53,531.2 1 1
github.com/toeirei/keymaster/internal/db/db.go:534.128,536.2 1 4
github.com/toeirei/keymaster/internal/db/db.go:539.70,541.2 1 2
github.com/toeirei/keymaster/internal/db/db.go:544.46,546.2 1 1
github.com/toeirei/keymaster/internal/db/db.go:549.67,551.2 1 1
github.com/toeirei/keymaster/internal/db/db.go:554.71,556.2 1 1
github.com/toeirei/keymaster/internal/db/db.go:559.72,561.2 1 2
github.com/toeirei/keymaster/internal/db/db.go:564.55,566.2 1 5
github.com/toeirei/keymaster/internal/db/db.go:569.59,571.2 1 2
github.com/toeirei/keymaster/internal/db/db.go:574.62,576.2 1 1
github.com/toeirei/keymaster/internal/db/errors.go:16.34,17.16 1 32
github.com/toeirei/keymaster/internal/db/errors.go:17.16,19.3 1 24
github.com/toeirei/keymaster/internal/db/errors.go:20.2,22.138 2 8
github.com/toeirei/keymaster/internal/db/errors.go:22.138,24.3 1 6
github.com/toeirei/keymaster/internal/db/errors.go:25.2,25.12 1 2
github.com/toeirei/keymaster/internal/db/mysql.go:25.64,30.9 2 0
github.com/toeirei/keymaster/internal/db/mysql.go:30.9,32.3 1 0
github.com/toeirei/keymaster/internal/db/mysql.go:33.2,33.15 1 0
github.com/toeirei/keymaster/internal/db/mysql.go:35.68,37.2 1 0
github.com/toeirei/keymaster/internal/db/mysql.go:38.64,40.2 1 0
github.com/toeirei/keymaster/internal/db/mysql.go:42.86,44.16 2 0
github.com/toeirei/keymaster/internal/db/mysql.go:44.16,46.3 1 0
github.com/toeirei/keymaster/internal/db/mysql.go:47.2,47.16 1 0
github.com/toeirei/keymaster/internal/db/mysql.go:50.50,52.74 2 0
github.com/toeirei/keymaster/internal/db/mysql.go:52.74,54.3 1 0
github.com/toeirei/keymaster/internal/db/mysql.go:55.2,56.16 2 0
github.com/toeirei/keymaster/internal/db/mysql.go:56.16,58.3 1 0
github.com/toeirei/keymaster/internal/db/mysql.go:59.2,59.12 1 0
github.com/toeirei/keymaster/internal/db/mysql.go:62.64,64.2 1 0
github.com/toeirei/keymaster/internal/db/mysql.go:66.56,68.16 2 0
github.com/toeirei/keymaster/internal/db/mysql.go:68.16,70.3 1 0
github.com/toeirei/keymaster/internal/db/mysql.go:71.2,71.16 1 0
github.com/toeirei/keymaster/internal/db/mysql.go:71.16,73.3 1 0
github.com/toeirei/keymaster/internal/db/mysql.go:74.2,75.16 2 0
github.com/toeirei/keymaster/internal/db/mysql.go:75.16,78.3 2 0
github.com/toeirei/keymaster/internal/db/mysql.go:79.2,79.12 1 0
github.com/toeirei/keymaster/internal/db/mysql.go:82.69,84.16 2 0
github.com/toeirei/keymaster/internal/db/mysql.go:84.16,86.3 1 0
github.com/toeirei/keymaster/internal/db/mysql.go:87.2,87.12 1 0
github.com/toeirei/keymaster/internal/db/mysql.go:90.75,92.2 1 0
github.com/toeirei/keymaster/internal/db/mysql.go:94.67,96.16 2 0
github.com/toeirei/keymaster/internal/db/mysql.go:96.16,98.3 1 0
github.com/toeirei/keymaster/internal/db/mysql.go:99.2,99.12 1 0
github.com/toeirei/keymaster/internal/db/mysql.go:102.70,104.2 1 0
github.com/toeirei/keymaster/internal/db/mysql.go:106.92,108.16 2 0
github.com/toeirei/keymaster/internal/db/mysql.go:108.16,110.3 1 0
github.com/toeirei/keymaster/internal/db/mysql.go:111.2,111.12 1 0
github.com/toeirei/keymaster/internal/db/mysql.go:113.86,115.2 1 0
github.com/toeirei/keymaster/internal/db/mysql.go:116.123,118.29 2 0
github.com/toeirei/keymaster/internal/db/mysql.go:118.29,120.3 1 0
github.com/toeirei/keymaster/internal/db/mysql.go:121.2,121.16 1 0
github.com/toeirei/keymaster/internal/db/mysql.go:123.58,125.16 2 0
github.com/toeirei/keymaster/internal/db/mysql.go:125.16,127.3 1 0
github.com/toeirei/keymaster/internal/db/mysql.go:128.2,128.12 1 0
github.com/toeirei/keymaster/internal/db/mysql.go:130.71,132.2 1 0
github.com/toeirei/keymaster/internal/db/mysql.go:133.52,135.74 2 0
github.com/toeirei/keymaster/internal/db/mysql.go:135.74,137.3 1 0
github.com/toeirei/keymaster/internal/db/mysql.go:138.2,139.16 2 0
github.com/toeirei/keymaster/internal/db/mysql.go:139.16,141.3 1 0
github.com/toeirei/keymaster/internal/db/mysql.go:142.2,142.12 1 0
github.com/toeirei/keymaster/internal/db/mysql.go:144.71,146.2 1 0
github.com/toeirei/keymaster/internal/db/mysql.go:148.66,150.16 2 0
github.com/toeirei/keymaster/internal/db/mysql.go:150.16,152.3 1 0
github.com/toeirei/keymaster/internal/db/mysql.go:153.2,153.12 1 0
github.com/toeirei/keymaster/internal/db/mysql.go:155.81,157.16 2 0
github.com/toeirei/keymaster/internal/db/mysql.go:157.16,159.3 1 0
github.com/toeirei/keymaster/internal/db/mysql.go:160.2,160.23 1 0
github.com/toeirei/keymaster/internal/db/mysql.go:162.81,164.16 2 0
github.com/toeirei/keymaster/internal/db/mysql.go:164.16,166.3 1 0
github.com/toeirei/keymaster/internal/db/mysql.go:167.2,167.23 1 0
github.com/toeirei/keymaster/internal/db/mysql.go:169.69,171.2 1 0
github.com/toeirei/keymaster/internal/db/mysql.go:172.81,174.2 1 0
github.com/toeirei/keymaster/internal/db/mysql.go:175.52,177.2 1 0
github.com/toeirei/keymaster/internal/db/mysql.go:178.69,180.16 2 0
github.com/toeirei/keymaster/internal/db/mysql.go:180.16,182.78 2 0
github.com/toeirei/keymaster/internal/db/mysql.go:182.78,184.4 1 0
github.com/toeirei/keymaster/internal/db/mysql.go:185.3,185.82 1 0
github.com/toeirei/keymaster/internal/db/mysql.go:185.82,188.4 2 0
github.com/toeirei/keymaster/internal/db/mysql.go:189.3,190.41 2 0
github.com/toeirei/keymaster/internal/db/mysql.go:192.2,192.12 1 0
github.com/toeirei/keymaster/internal/db/mysql.go:194.73,196.77 2 0
github.com/toeirei/keymaster/internal/db/mysql.go:196.77,198.3 1 0
github.com/toeirei/keymaster/internal/db/mysql.go:199.2,199.81 1 0
github.com/toeirei/keymaster/internal/db/mysql.go:199.81,202.3 2 0
github.com/toeirei/keymaster/internal/db/mysql.go:203.2,206.16 3 0
github.com/toeirei/keymaster/internal/db/mysql.go:206.16,208.3 1 0
github.com/toeirei/keymaster/internal/db/mysql.go:209.2,209.12 1 0
github.com/toeirei/keymaster/internal/db/mysql.go:211.82,213.2 1 0
github.com/toeirei/keymaster/internal/db/mysql.go:214.76,216.2 1 0
github.com/toeirei/keymaster/internal/db/mysql.go:217.77,219.2 1 0
github.com/toeirei/keymaster/internal/db/mysql.go:221.69,223.2 1 0
github.com/toeirei/keymaster/internal/db/mysql.go:226.144,228.2 1 0
github.com/toeirei/keymaster/internal/db/mysql.go:231.86,233.2 1 0
github.com/toeirei/keymaster/internal/db/mysql.go:236.62,238.2 1 0
github.com/toeirei/keymaster/internal/db/mysql.go:241.83,243.2 1 0
github.com/toeirei/keymaster/internal/db/mysql.go:246.87,248.2 1 0
github.com/toeirei/keymaster/internal/db/mysql.go:251.88,253.2 1 0
github.com/toeirei/keymaster/internal/db/mysql.go:257.71,259.2 1 0
github.com/toeirei/keymaster/internal/db/mysql.go:263.75,265.2 1 0
github.com/toeirei/keymaster/internal/db/mysql.go:269.78,271.2 1 0
github.com/toeirei/keymaster/internal/db/postgres.go:25.70,29.9 2 0
github.com/toeirei/keymaster/internal/db/postgres.go:29.9,31.3 1 0
github.com/toeirei/keymaster/internal/db/postgres.go:32.2,32.15 1 0
github.com/toeirei/keymaster/internal/db/postgres.go:37.67,39.2 1 0
github.com/toeirei/keymaster/internal/db/postgres.go:41.89,43.16 2 0
github.com/toeirei/keymaster/internal/db/postgres.go:43.16,45.3 1 0
github.com/toeirei/keymaster/internal/db/postgres.go:46.2,46.16 1 0
github.com/toeirei/keymaster/internal/db/postgres.go:49.53,51.74 2 0
github.com/toeirei/keymaster/internal/db/postgres.go:51.74,53.3 1 0
github.com/toeirei/keymaster/internal/db/postgres.go:54.2,55.16 2 0
github.com/toeirei/keymaster/internal/db/postgres.go:55.16,57.3 1 0
github.com/toeirei/keymaster/internal/db/postgres.go:58.2,58.12 1 0
github.com/toeirei/keymaster/internal/db/postgres.go:61.67,63.2 1 0
github.com/toeirei/keymaster/internal/db/postgres.go:65.59,67.16 2 0
github.com/toeirei/keymaster/internal/db/postgres.go:67.16,69.3 1 0
github.com/toeirei/keymaster/internal/db/postgres.go:70.2,70.16 1 0
github.com/toeirei/keymaster/internal/db/postgres.go:70.16,72.3 1 0
github.com/toeirei/keymaster/internal/db/postgres.go:73.2,74.16 2 0
github.com/toeirei/keymaster/internal/db/postgres.go:74.16,77.3 2 0
github.com/toeirei/keymaster/internal/db/postgres.go:78.2,78.12 1 0
github.com/toeirei/keymaster/internal/db/postgres.go:81.72,83.16 2 0
github.com/toeirei/keymaster/internal/db/postgres.go:83.16,85.3 1 0
github.com/toeirei/keymaster/internal/db/postgres.go:86.2,86.12 1 0
github.com/toeirei/keymaster/internal/db/postgres.go:89.78,91.2 1 0
github.com/toeirei/keymaster/internal/db/postgres.go:93.70,95.16 2 0
github.com/toeirei/keymaster/internal/db/postgres.go:95.16,97.3 1 0
github.com/toeirei/keymaster/internal/db/postgres.go:98.2,98.12 1 0
github.com/toeirei/keymaster/internal/db/postgres.go:101.73,103.2 1 0
github.com/toeirei/keymaster/internal/db/postgres.go:105.95,107.16 2 0
github.com/toeirei/keymaster/internal/db/postgres.go:107.16,109.3 1 0
github.com/toeirei/keymaster/internal/db/postgres.go:110.2,110.12 1 0
github.com/toeirei/keymaster/internal/db/postgres.go:113.71,115.2 1 0
github.com/toeirei/keymaster/internal/db/postgres.go:117.89,119.2 1 0
github.com/toeirei/keymaster/internal/db/postgres.go:121.126,123.29 2 0
github.com/toeirei/keymaster/internal/db/postgres.go:123.29,125.3 1 0
github.com/toeirei/keymaster/internal/db/postgres.go:126.2,126.16 1 0
github.com/toeirei/keymaster/internal/db/postgres.go:129.61,131.16 2 0
github.com/toeirei/keymaster/internal/db/postgres.go:131.16,133.3 1 0
github.com/toeirei/keymaster/internal/db/postgres.go:134.2,134.12 1 0
github.com/toeirei/keymaster/internal/db/postgres.go:137.74,139.2 1 0
github.com/toeirei/keymaster/internal/db/postgres.go:141.55,143.74 2 0
github.com/toeirei/keymaster/internal/db/postgres.go:143.74,145.3 1 0
github.com/toeirei/keymaster/internal/db/postgres.go:146.2,147.16 2 0
github.com/toeirei/keymaster/internal/db/postgres.go:147.16,149.3 1 0
github.com/toeirei/keymaster/internal/db/postgres.go:150.2,150.12 1 0
github.com/toeirei/keymaster/internal/db/postgres.go:152.74,154.2 1 0
github.com/toeirei/keymaster/internal/db/postgres.go:156.69,158.16 2 0
github.com/toeirei/keymaster/internal/db/postgres.go:158.16,160.3 1 0
github.com/toeirei/keymaster/internal/db/postgres.go:161.2,161.12 1 0
github.com/toeirei/keymaster/internal/db/postgres.go:164.84,166.16 2 0
github.com/toeirei/keymaster/internal/db/postgres.go:166.16,168.3 1 0
github.com/toeirei/keymaster/internal/db/postgres.go:169.2,169.23 1 0
github.com/toeirei/keymaster/internal/db/postgres.go:172.84,174.16 2 0
github.com/toeirei/keymaster/internal/db/postgres.go:174.16,176.3 1 0
github.com/toeirei/keymaster/internal/db/postgres.go:177.2,177.23 1 0
github.com/toeirei/keymaster/internal/db/postgres.go:180.72,182.2 1 0
github.com/toeirei/keymaster/internal/db/postgres.go:184.84,186.2 1 0
github.com/toeirei/keymaster/internal/db/postgres.go:188.55,190.2 1 0
github.com/toeirei/keymaster/internal/db/postgres.go:192.72,194.16 2 0
github.com/toeirei/keymaster/internal/db/postgres.go:194.16,196.78 2 0
github.com/toeirei/keymaster/internal/db/postgres.go:196.78,198.4 1 0
github.com/toeirei/keymaster/internal/db/postgres.go:199.3,199.82 1 0
github.com/toeirei/keymaster/internal/db/postgres.go:199.82,202.4 2 0
github.com/toeirei/keymaster/internal/db/postgres.go:203.3,204.41 2 0
github.com/toeirei/keymaster/internal/db/postgres.go:206.2,206.12 1 0
github.com/toeirei/keymaster/internal/db/postgres.go:209.76,211.77 2 0
github.com/toeirei/keymaster/internal/db/postgres.go:211.77,213.3 1 0
github.com/toeirei/keymaster/internal/db/postgres.go:214.2,214.81 1 0
github.com/toeirei/keymaster/internal/db/postgres.go:214.81,217.3 2 0
github.com/toeirei/keymaster/internal/db/postgres.go:218.2,220.16 3 0
github.com/toeirei/keymaster/internal/db/postgres.go:220.16,222.3 1 0
github.com/toeirei/keymaster/internal/db/postgres.go:223.2,223.12 1 0
github.com/toeirei/keymaster/internal/db/postgres.go:226.85,228.2 1 0
github.com/toeirei/keymaster/internal/db/postgres.go:230.79,232.2 1 0
github.com/toeirei/keymaster/internal/db/postgres.go:234.80,236.2 1 0
github.com/toeirei/keymaster/internal/db/postgres.go:238.72,241.2 1 0
github.com/toeirei/keymaster/internal/db/postgres.go:244.147,246.2 1 0
github.com/toeirei/keymaster/internal/db/postgres.go:249.89,251.2 1 0
github.com/toeirei/keymaster/internal/db/postgres.go:254.65,256.2 1 0
github.com/toeirei/keymaster/internal/db/postgres.go:259.86,261.2 1 0
github.com/toeirei/keymaster/internal/db/postgres.go:264.90,266.2 1 0
github.com/toeirei/keymaster/internal/db/postgres.go:269.91,271.2 1 0
github.com/toeirei/keymaster/internal/db/postgres.go:275.74,277.2 1 0
github.com/toeirei/keymaster/internal/db/postgres.go:281.78,283.2 1 0
github.com/toeirei/keymaster/internal/db/postgres.go:287.81,289.2 1 0
github.com/toeirei/keymaster/internal/db/sqlite.go:23.66,27.9 2 0
github.com/toeirei/keymaster/internal/db/sqlite.go:27.9,29.3 1 0
github.com/toeirei/keymaster/internal/db/sqlite.go:30.2,30.15 1 0
github.com/toeirei/keymaster/internal/db/sqlite.go:34.65,36.2 1 0
github.com/toeirei/keymaster/internal/db/sqlite.go:39.87,41.16 2 5
github.com/toeirei/keymaster/internal/db/sqlite.go:41.16,43.3 1 4
github.com/toeirei/keymaster/internal/db/sqlite.go:44.2,44.16 1 5
github.com/toeirei/keymaster/internal/db/sqlite.go:48.51,51.74 2 0
github.com/toeirei/keymaster/internal/db/sqlite.go:51.74,53.3 1 0
github.com/toeirei/keymaster/internal/db/sqlite.go:54.2,55.16 2 0
github.com/toeirei/keymaster/internal/db/sqlite.go:55.16,57.3 1 0
github.com/toeirei/keymaster/internal/db/sqlite.go:58.2,58.12 1 0
github.com/toeirei/keymaster/internal/db/sqlite.go:62.65,64.2 1 0
github.com/toeirei/keymaster/internal/db/sqlite.go:67.57,70.16 2 0
github.com/toeirei/keymaster/internal/db/sqlite.go:70.16,72.3 1 0
github.com/toeirei/keymaster/internal/db/sqlite.go:73.2,73.16 1 0
github.com/toeirei/keymaster/internal/db/sqlite.go:73.16,75.3 1 0
github.com/toeirei/keymaster/internal/db/sqlite.go:76.2,77.16 2 0
github.com/toeirei/keymaster/internal/db/sqlite.go:77.16,80.3 2 0
github.com/toeirei/keymaster/internal/db/sqlite.go:81.2,81.12 1 0
github.com/toeirei/keymaster/internal/db/sqlite.go:85.70,87.16 2 0
github.com/toeirei/keymaster/internal/db/sqlite.go:87.16,89.3 1 0
github.com/toeirei/keymaster/internal/db/sqlite.go:90.2,90.12 1 0
github.com/toeirei/keymaster/internal/db/sqlite.go:95.76,97.2 1 0
github.com/toeirei/keymaster/internal/db/sqlite.go:100.68,102.16 2 0
github.com/toeirei/keymaster/internal/db/sqlite.go:102.16,104.3 1 0
github.com/toeirei/keymaster/internal/db/sqlite.go:105.2,105.12 1 0
github.com/toeirei/keymaster/internal/db/sqlite.go:109.71,111.2 1 1
github.com/toeirei/keymaster/internal/db/sqlite.go:114.93,116.16 2 3
github.com/toeirei/keymaster/internal/db/sqlite.go:116.16,118.3 1 2
github.com/toeirei/keymaster/internal/db/sqlite.go:119.2,119.12 1 3
github.com/toeirei/keymaster/internal/db/sqlite.go:123.69,125.2 1 0
github.com/toeirei/keymaster/internal/db/sqlite.go:128.87,130.2 1 0
github.com/toeirei/keymaster/internal/db/sqlite.go:135.124,138.29 2 3
github.com/toeirei/keymaster/internal/db/sqlite.go:138.29,140.3 1 2
github.com/toeirei/keymaster/internal/db/sqlite.go:141.2,141.16 1 3
github.com/toeirei/keymaster/internal/db/sqlite.go:145.59,147.16 2 0
github.com/toeirei/keymaster/internal/db/sqlite.go:147.16,149.3 1 0
github.com/toeirei/keymaster/internal/db/sqlite.go:150.2,150.12 1 0
github.com/toeirei/keymaster/internal/db/sqlite.go:154.72,156.2 1 0
github.com/toeirei/keymaster/internal/db/sqlite.go:159.72,161.2 1 0
github.com/toeirei/keymaster/internal/db/sqlite.go:164.67,166.16 2 1
github.com/toeirei/keymaster/internal/db/sqlite.go:166.16,168.3 1 1
github.com/toeirei/keymaster/internal/db/sqlite.go:169.2,169.12 1 1
github.com/toeirei/keymaster/internal/db/sqlite.go:173.82,175.16 2 2
github.com/toeirei/keymaster/internal/db/sqlite.go:175.16,177.3 1 2
github.com/toeirei/keymaster/internal/db/sqlite.go:178.2,178.23 1 2
github.com/toeirei/keymaster/internal/db/sqlite.go:183.82,188.16 2 1
github.com/toeirei/keymaster/internal/db/sqlite.go:188.16,190.3 1 1
github.com/toeirei/keymaster/internal/db/sqlite.go:191.2,191.23 1 1
github.com/toeirei/keymaster/internal/db/sqlite.go:195.70,197.2 1 2
github.com/toeirei/keymaster/internal/db/sqlite.go:200.82,202.2 1 2
github.com/toeirei/keymaster/internal/db/sqlite.go:205.53,207.2 1 2
github.com/toeirei/keymaster/internal/db/sqlite.go:211.53,214.74 2 0
github.com/toeirei/keymaster/internal/db/sqlite.go:214.74,216.3 1 0
github.com/toeirei/keymaster/internal/db/sqlite.go:217.2,218.16 2 0
github.com/toeirei/keymaster/internal/db/sqlite.go:218.16,220.3 1 0
github.com/toeirei/keymaster/internal/db/sqlite.go:221.2,221.12 1 0
github.com/toeirei/keymaster/internal/db/sqlite.go:225.70,227.16 2 1
github.com/toeirei/keymaster/internal/db/sqlite.go:227.16,230.60 2 1
github.com/toeirei/keymaster/internal/db/sqlite.go:230.60,232.4 1 1
github.com/toeirei/keymaster/internal/db/sqlite.go:233.3,233.64 1 1
github.com/toeirei/keymaster/internal/db/sqlite.go:233.64,236.4 2 1
github.com/toeirei/keymaster/internal/db/sqlite.go:237.3,238.41 2 1
github.com/toeirei/keymaster/internal/db/sqlite.go:240.2,240.12 1 1
github.com/toeirei/keymaster/internal/db/sqlite.go:244.74,247.59 2 0
github.com/toeirei/keymaster/internal/db/sqlite.go:247.59,249.3 1 0
github.com/toeirei/keymaster/internal/db/sqlite.go:250.2,250.63 1 0
github.com/toeirei/keymaster/internal/db/sqlite.go:250.63,253.3 2 0
github.com/toeirei/keymaster/internal/db/sqlite.go:254.2,256.16 3 0
github.com/toeirei/keymaster/internal/db/sqlite.go:256.16,258.3 1 0
github.com/toeirei/keymaster/internal/db/sqlite.go:259.2,259.12 1 0
github.com/toeirei/keymaster/internal/db/sqlite.go:263.83,265.2 1 0
github.com/toeirei/keymaster/internal/db/sqlite.go:268.77,270.2 1 0
github.com/toeirei/keymaster/internal/db/sqlite.go:273.78,275.2 1 0
github.com/toeirei/keymaster/internal/db/sqlite.go:278.70,280.2 1 14
github.com/toeirei/keymaster/internal/db/sqlite.go:283.145,285.2 1 4
github.com/toeirei/keymaster/internal/db/sqlite.go:288.87,290.2 1 2
github.com/toeirei/keymaster/internal/db/sqlite.go:293.63,295.2 1 1
github.com/toeirei/keymaster/internal/db/sqlite.go:298.84,300.2 1 1
github.com/toeirei/keymaster/internal/db/sqlite.go:303.88,305.2 1 1
github.com/toeirei/keymaster/internal/db/sqlite.go:308.89,310.2 1 2
github.com/toeirei/keymaster/internal/db/sqlite.go:314.72,316.2 1 5
github.com/toeirei/keymaster/internal/db/sqlite.go:320.76,322.2 1 2
github.com/toeirei/keymaster/internal/db/sqlite.go:326.79,328.2 1 1
github.com/toeirei/keymaster/internal/deploy/agent_unix.go:23.32,24.72 1 0
github.com/toeirei/keymaster/internal/deploy/agent_unix.go:24.72,25.64 1 0
github.com/toeirei/keymaster/internal/deploy/agent_unix.go:25.64,27.4 1 0
github.com/toeirei/keymaster/internal/deploy/agent_unix.go:29.2,29.12 1 0
github.com/toeirei/keymaster/internal/deploy/audit.go:21.54,23.25 1 0
github.com/toeirei/keymaster/internal/deploy/audit.go:23.25,25.3 1 0
github.com/toeirei/keymaster/internal/deploy/audit.go:28.2,29.16 2 0
github.com/toeirei/keymaster/internal/deploy/audit.go:29.16,31.3 1 0
github.com/toeirei/keymaster/internal/deploy/audit.go:32.2,32.23 1 0
github.com/toeirei/keymaster/internal/deploy/audit.go:32.23,34.3 1 0
github.com/toeirei/keymaster/internal/deploy/audit.go:37.2,38.15 2 0
github.com/toeirei/keymaster/internal/deploy/audit.go:38.15,39.24 1 0
github.com/toeirei/keymaster/internal/deploy/audit.go:39.24,40.30 1 0
github.com/toeirei/keymaster/internal/deploy/audit.go:40.30,42.5 1 0
github.com/toeirei/keymaster/internal/deploy/audit.go:47.2,48.16 2 0
github.com/toeirei/keymaster/internal/deploy/audit.go:48.16,49.44 1 0
github.com/toeirei/keymaster/internal/deploy/audit.go:49.44,51.4 1 0
github.com/toeirei/keymaster/internal/deploy/audit.go:52.3,52.82 1 0
github.com/toeirei/keymaster/internal/deploy/audit.go:54.2,62.16 4 0
github.com/toeirei/keymaster/internal/deploy/audit.go:62.16,64.3 1 0
github.com/toeirei/keymaster/internal/deploy/audit.go:67.2,68.16 2 0
github.com/toeirei/keymaster/internal/deploy/audit.go:68.16,70.3 1 0
github.com/toeirei/keymaster/internal/deploy/audit.go:73.2,73.37 1 0
github.com/toeirei/keymaster/internal/deploy/audit.go:73.37,77.3 3 0
github.com/toeirei/keymaster/internal/deploy/audit.go:78.2,78.73 1 0
github.com/toeirei/keymaster/internal/deploy/audit.go:78.73,80.3 1 0
github.com/toeirei/keymaster/internal/deploy/audit.go:81.2,81.12 1 0
github.com/toeirei/keymaster/internal/deploy/audit.go:87.54,88.25 1 0
github.com/toeirei/keymaster/internal/deploy/audit.go:88.25,90.3 1 0
github.com/toeirei/keymaster/internal/deploy/audit.go:92.2,93.16 2 0
github.com/toeirei/keymaster/internal/deploy/audit.go:93.16,95.3 1 0
github.com/toeirei/keymaster/internal/deploy/audit.go:96.2,96.23 1 0
github.com/toeirei/keymaster/internal/deploy/audit.go:96.23,98.3 1 0
github.com/toeirei/keymaster/internal/deploy/audit.go:101.2,102.15 2 0
github.com/toeirei/keymaster/internal/deploy/audit.go:102.15,103.24 1 0
github.com/toeirei/keymaster/internal/deploy/audit.go:103.24,104.30 1 0
github.com/toeirei/keymaster/internal/deploy/audit.go:104.30,106.5 1 0
github.com/toeirei/keymaster/internal/deploy/audit.go:110.2,111.16 2 0
github.com/toeirei/keymaster/internal/deploy/audit.go:111.16,112.44 1 0
github.com/toeirei/keymaster/internal/deploy/audit.go:112.44,114.4 1 0
github.com/toeirei/keymaster/internal/deploy/audit.go:115.3,115.82 1 0
github.com/toeirei/keymaster/internal/deploy/audit.go:117.2,124.16 4 0
github.com/toeirei/keymaster/internal/deploy/audit.go:124.16,126.3 1 0
github.com/toeirei/keymaster/internal/deploy/audit.go:129.2,130.21 2 0
github.com/toeirei/keymaster/internal/deploy/audit.go:130.21,132.3 1 0
github.com/toeirei/keymaster/internal/deploy/audit.go:133.2,134.27 2 0
github.com/toeirei/keymaster/internal/deploy/audit.go:134.27,136.15 2 0
github.com/toeirei/keymaster/internal/deploy/audit.go:136.15,137.12 1 0
github.com/toeirei/keymaster/internal/deploy/audit.go:139.3,140.8 2 0
github.com/toeirei/keymaster/internal/deploy/audit.go:142.2,142.18 1 0
github.com/toeirei/keymaster/internal/deploy/audit.go:142.18,144.3 1 0
github.com/toeirei/keymaster/internal/deploy/audit.go:145.2,146.44 2 0
github.com/toeirei/keymaster/internal/deploy/audit.go:146.44,148.3 1 0
github.com/toeirei/keymaster/internal/deploy/audit.go:149.2,149.12 1 0
github.com/toeirei/keymaster/internal/deploy/decommission.go:49.45,50.15 1 0
github.com/toeirei/keymaster/internal/deploy/decommission.go:50.15,52.3 1 0
github.com/toeirei/keymaster/internal/deploy/decommission.go:54.2,57.33 3 0
github.com/toeirei/keymaster/internal/deploy/decommission.go:57.33,60.3 2 0
github.com/toeirei/keymaster/internal/deploy/decommission.go:60.8,60.32 1 0
github.com/toeirei/keymaster/internal/deploy/decommission.go:60.32,62.3 1 0
github.com/toeirei/keymaster/internal/deploy/decommission.go:64.2,64.34 1 0
github.com/toeirei/keymaster/internal/deploy/decommission.go:64.34,67.3 2 0
github.com/toeirei/keymaster/internal/deploy/decommission.go:67.8,67.33 1 0
github.com/toeirei/keymaster/internal/deploy/decommission.go:67.33,69.3 1 0
github.com/toeirei/keymaster/internal/deploy/decommission.go:71.2,71.24 1 0
github.com/toeirei/keymaster/internal/deploy/decommission.go:71.24,73.3 1 0
github.com/toeirei/keymaster/internal/deploy/decommission.go:75.2,75.87 1 0
github.com/toeirei/keymaster/internal/deploy/decommission.go:81.115,90.20 4 0
github.com/toeirei/keymaster/internal/deploy/decommission.go:90.20,93.3 2 0
github.com/toeirei/keymaster/internal/deploy/decommission.go:94.2,94.64 1 0
github.com/toeirei/keymaster/internal/deploy/decommission.go:94.64,97.3 1 0
github.com/toeirei/keymaster/internal/deploy/decommission.go:99.2,99.20 1 0
github.com/toeirei/keymaster/internal/deploy/decommission.go:99.20,103.3 3 0
github.com/toeirei/keymaster/internal/deploy/decommission.go:106.2,106.32 1 0
github.com/toeirei/keymaster/internal/deploy/decommission.go:106.32,108.68 2 0
github.com/toeirei/keymaster/internal/deploy/decommission.go:108.68,111.4 1 0
github.com/toeirei/keymaster/internal/deploy/decommission.go:111.9,114.4 1 0
github.com/toeirei/keymaster/internal/deploy/decommission.go:116.3,116.17 1 0
github.com/toeirei/keymaster/internal/deploy/decommission.go:116.17,118.22 2 0
github.com/toeirei/keymaster/internal/deploy/decommission.go:118.22,126.5 4 0
github.com/toeirei/keymaster/internal/deploy/decommission.go:132.2,132.53 1 0
github.com/toeirei/keymaster/internal/deploy/decommission.go:132.53,137.3 3 0
github.com/toeirei/keymaster/internal/deploy/decommission.go:138.2,142.38 3 0
github.com/toeirei/keymaster/internal/deploy/decommission.go:142.38,144.3 1 0
github.com/toeirei/keymaster/internal/deploy/decommission.go:145.2,145.29 1 0
github.com/toeirei/keymaster/internal/deploy/decommission.go:145.29,147.3 1 0
github.com/toeirei/keymaster/internal/deploy/decommission.go:148.2,150.15 2 0
github.com/toeirei/keymaster/internal/deploy/decommission.go:154.124,157.15 2 0
github.com/toeirei/keymaster/internal/deploy/decommission.go:157.15,158.24 1 0
github.com/toeirei/keymaster/internal/deploy/decommission.go:158.24,159.30 1 0
github.com/toeirei/keymaster/internal/deploy/decommission.go:159.30,161.5 1 0
github.com/toeirei/keymaster/internal/deploy/decommission.go:166.2,167.16 2 0
github.com/toeirei/keymaster/internal/deploy/decommission.go:167.16,169.3 1 0
github.com/toeirei/keymaster/internal/deploy/decommission.go:170.2,172.14 2 0
github.com/toeirei/keymaster/internal/deploy/decommission.go:172.14,175.3 1 0
github.com/toeirei/keymaster/internal/deploy/decommission.go:175.8,178.3 1 0
github.com/toeirei/keymaster/internal/deploy/decommission.go:182.147,185.15 2 0
github.com/toeirei/keymaster/internal/deploy/decommission.go:185.15,186.24 1 0
github.com/toeirei/keymaster/internal/deploy/decommission.go:186.24,187.30 1 0
github.com/toeirei/keymaster/internal/deploy/decommission.go:187.30,189.5 1 0
github.com/toeirei/keymaster/internal/deploy/decommission.go:194.2,195.16 2 0
github.com/toeirei/keymaster/internal/deploy/decommission.go:195.16,197.3 1 0
github.com/toeirei/keymaster/internal/deploy/decommission.go:198.2,200.33 2 0
github.com/toeirei/keymaster/internal/deploy/decommission.go:200.33,203.3 1 0
github.com/toeirei/keymaster/internal/deploy/decommission.go:203.8,203.43 1 0
github.com/toeirei/keymaster/internal/deploy/decommission.go:203.43,206.3 1 0
github.com/toeirei/keymaster/internal/deploy/decommission.go:206.8,206.29 1 0
github.com/toeirei/keymaster/internal/deploy/decommission.go:206.29,209.3 1 0
github.com/toeirei/keymaster/internal/deploy/decommission.go:209.8,212.3 1 0
github.com/toeirei/keymaster/internal/deploy/decommission.go:216.85,220.66 2 0
github.com/toeirei/keymaster/internal/deploy/decommission.go:220.66,222.56 1 0
github.com/toeirei/keymaster/internal/deploy/decommission.go:222.56,224.4 1 0
github.com/toeirei/keymaster/internal/deploy/decommission.go:225.3,225.69 1 0
github.com/toeirei/keymaster/internal/deploy/decommission.go:229.2,229.65 1 0
github.com/toeirei/keymaster/internal/deploy/decommission.go:229.65,231.3 1 0
github.com/toeirei/keymaster/internal/deploy/decommission.go:232.2,234.12 2 0
github.com/toeirei/keymaster/internal/deploy/decommission.go:238.98,240.2 1 0
github.com/toeirei/keymaster/internal/deploy/decommission.go:243.150,248.16 3 0
github.com/toeirei/keymaster/internal/deploy/decommission.go:248.16,250.52 1 0
github.com/toeirei/keymaster/internal/deploy/decommission.go:250.52,252.4 1 0
github.com/toeirei/keymaster/internal/deploy/decommission.go:253.3,253.63 1 0
github.com/toeirei/keymaster/internal/deploy/decommission.go:257.2,260.48 3 0
github.com/toeirei/keymaster/internal/deploy/decommission.go:260.48,264.17 2 0
github.com/toeirei/keymaster/internal/deploy/decommission.go:264.17,266.4 1 0
github.com/toeirei/keymaster/internal/deploy/decommission.go:268.3,271.26 3 0
github.com/toeirei/keymaster/internal/deploy/decommission.go:271.26,272.30 1 0
github.com/toeirei/keymaster/internal/deploy/decommission.go:272.30,274.5 1 0
github.com/toeirei/keymaster/internal/deploy/decommission.go:274.10,276.5 1 0
github.com/toeirei/keymaster/internal/deploy/decommission.go:277.9,279.4 1 0
github.com/toeirei/keymaster/internal/deploy/decommission.go:280.8,280.54 1 0
github.com/toeirei/keymaster/internal/deploy/decommission.go:280.54,284.17 3 0
github.com/toeirei/keymaster/internal/deploy/decommission.go:284.17,286.4 1 0
github.com/toeirei/keymaster/internal/deploy/decommission.go:287.3,294.26 6 0
github.com/toeirei/keymaster/internal/deploy/decommission.go:294.26,295.30 1 0
github.com/toeirei/keymaster/internal/deploy/decommission.go:295.30,297.5 1 0
github.com/toeirei/keymaster/internal/deploy/decommission.go:297.10,299.5 1 0
github.com/toeirei/keymaster/internal/deploy/decommission.go:300.9,303.4 1 0
github.com/toeirei/keymaster/internal/deploy/decommission.go:304.3,304.73 1 0
github.com/toeirei/keymaster/internal/deploy/decommission.go:305.8,308.3 1 0
github.com/toeirei/keymaster/internal/deploy/decommission.go:310.2,310.43 1 0
github.com/toeirei/keymaster/internal/deploy/decommission.go:310.43,312.66 1 0
github.com/toeirei/keymaster/internal/deploy/decommission.go:312.66,314.4 1 0
github.com/toeirei/keymaster/internal/deploy/decommission.go:315.8,317.69 1 0
github.com/toeirei/keymaster/internal/deploy/decommission.go:317.69,319.4 1 0
github.com/toeirei/keymaster/internal/deploy/decommission.go:322.2,323.12 2 0
github.com/toeirei/keymaster/internal/deploy/decommission.go:327.56,332.29 4 0
github.com/toeirei/keymaster/internal/deploy/decommission.go:332.29,336.65 2 0
github.com/toeirei/keymaster/internal/deploy/decommission.go:336.65,338.12 2 0
github.com/toeirei/keymaster/internal/deploy/decommission.go:341.3,341.25 1 0
github.com/toeirei/keymaster/internal/deploy/decommission.go:341.25,353.24 2 0
github.com/toeirei/keymaster/internal/deploy/decommission.go:353.24,356.26 2 0
github.com/toeirei/keymaster/internal/deploy/decommission.go:356.26,358.6 1 0
github.com/toeirei/keymaster/internal/deploy/decommission.go:361.4,361.12 1 0
github.com/toeirei/keymaster/internal/deploy/decommission.go:365.3,365.26 1 0
github.com/toeirei/keymaster/internal/deploy/decommission.go:365.26,367.4 1 0
github.com/toeirei/keymaster/internal/deploy/decommission.go:370.2,370.35 1 0
github.com/toeirei/keymaster/internal/deploy/decommission.go:374.59,379.29 4 0
github.com/toeirei/keymaster/internal/deploy/decommission.go:379.29,383.58 2 0
github.com/toeirei/keymaster/internal/deploy/decommission.go:383.58,385.12 2 0
github.com/toeirei/keymaster/internal/deploy/decommission.go:389.3,389.25 1 0
github.com/toeirei/keymaster/internal/deploy/decommission.go:389.25,390.67 1 0
github.com/toeirei/keymaster/internal/deploy/decommission.go:390.67,392.5 1 0
github.com/toeirei/keymaster/internal/deploy/decommission.go:392.10,394.13 1 0
github.com/toeirei/keymaster/internal/deploy/decommission.go:399.3,399.40 1 0
github.com/toeirei/keymaster/internal/deploy/decommission.go:399.40,401.4 1 0
github.com/toeirei/keymaster/internal/deploy/decommission.go:404.2,404.35 1 0
github.com/toeirei/keymaster/internal/deploy/decommission.go:408.125,411.35 2 0
github.com/toeirei/keymaster/internal/deploy/decommission.go:411.35,419.3 4 0
github.com/toeirei/keymaster/internal/deploy/decommission.go:421.2,421.16 1 0
github.com/toeirei/keymaster/internal/deploy/generator.go:26.57,28.16 2 0
github.com/toeirei/keymaster/internal/deploy/generator.go:28.16,30.3 1 0
github.com/toeirei/keymaster/internal/deploy/generator.go:31.2,31.22 1 0
github.com/toeirei/keymaster/internal/deploy/generator.go:31.22,33.3 1 0
github.com/toeirei/keymaster/internal/deploy/generator.go:34.2,34.66 1 0
github.com/toeirei/keymaster/internal/deploy/generator.go:38.78,43.16 3 0
github.com/toeirei/keymaster/internal/deploy/generator.go:43.16,45.3 1 0
github.com/toeirei/keymaster/internal/deploy/generator.go:46.2,46.22 1 0
github.com/toeirei/keymaster/internal/deploy/generator.go:46.22,48.3 1 0
github.com/toeirei/keymaster/internal/deploy/generator.go:51.2,59.16 5 0
github.com/toeirei/keymaster/internal/deploy/generator.go:59.16,61.3 1 0
github.com/toeirei/keymaster/internal/deploy/generator.go:64.2,65.16 2 0
github.com/toeirei/keymaster/internal/deploy/generator.go:65.16,67.3 1 0
github.com/toeirei/keymaster/internal/deploy/generator.go:71.2,78.48 3 0
github.com/toeirei/keymaster/internal/deploy/generator.go:78.48,79.24 1 0
github.com/toeirei/keymaster/internal/deploy/generator.go:79.24,81.4 1 0
github.com/toeirei/keymaster/internal/deploy/generator.go:82.3,82.58 1 0
github.com/toeirei/keymaster/internal/deploy/generator.go:85.2,85.33 1 0
github.com/toeirei/keymaster/internal/deploy/generator.go:85.33,87.3 1 0
github.com/toeirei/keymaster/internal/deploy/generator.go:88.2,88.34 1 0
github.com/toeirei/keymaster/internal/deploy/generator.go:88.34,90.3 1 0
github.com/toeirei/keymaster/internal/deploy/generator.go:93.2,94.36 2 0
github.com/toeirei/keymaster/internal/deploy/generator.go:94.36,96.3 1 0
github.com/toeirei/keymaster/internal/deploy/generator.go:97.2,97.45 1 0
github.com/toeirei/keymaster/internal/deploy/generator.go:97.45,99.3 1 0
github.com/toeirei/keymaster/internal/deploy/generator.go:102.2,102.25 1 0
github.com/toeirei/keymaster/internal/deploy/generator.go:102.25,105.34 3 0
github.com/toeirei/keymaster/internal/deploy/generator.go:105.34,107.4 1 0
github.com/toeirei/keymaster/internal/deploy/generator.go:108.3,108.52 1 0
github.com/toeirei/keymaster/internal/deploy/generator.go:111.2,113.30 2 0
github.com/toeirei/keymaster/internal/deploy/generator.go:118.121,122.22 2 0
github.com/toeirei/keymaster/internal/deploy/generator.go:122.22,124.17 2 0
github.com/toeirei/keymaster/internal/deploy/generator.go:124.17,126.4 1 0
github.com/toeirei/keymaster/internal/deploy/generator.go:127.3,127.23 1 0
github.com/toeirei/keymaster/internal/deploy/generator.go:127.23,129.4 1 0
github.com/toeirei/keymaster/internal/deploy/generator.go:132.3,134.43 3 0
github.com/toeirei/keymaster/internal/deploy/generator.go:138.2,139.16 2 0
github.com/toeirei/keymaster/internal/deploy/generator.go:139.16,141.3 1 0
github.com/toeirei/keymaster/internal/deploy/generator.go:144.2,145.16 2 0
github.com/toeirei/keymaster/internal/deploy/generator.go:145.16,147.3 1 0
github.com/toeirei/keymaster/internal/deploy/generator.go:150.2,159.38 4 0
github.com/toeirei/keymaster/internal/deploy/generator.go:159.38,161.3 1 0
github.com/toeirei/keymaster/internal/deploy/generator.go:163.2,163.48 1 0
github.com/toeirei/keymaster/internal/deploy/generator.go:163.48,164.24 1 0
github.com/toeirei/keymaster/internal/deploy/generator.go:164.24,166.4 1 0
github.com/toeirei/keymaster/internal/deploy/generator.go:167.3,167.58 1 0
github.com/toeirei/keymaster/internal/deploy/generator.go:171.2,171.33 1 0
github.com/toeirei/keymaster/internal/deploy/generator.go:171.33,172.26 1 0
github.com/toeirei/keymaster/internal/deploy/generator.go:172.26,174.4 1 0
github.com/toeirei/keymaster/internal/deploy/generator.go:178.2,178.34 1 0
github.com/toeirei/keymaster/internal/deploy/generator.go:178.34,179.26 1 0
github.com/toeirei/keymaster/internal/deploy/generator.go:179.26,181.4 1 0
github.com/toeirei/keymaster/internal/deploy/generator.go:185.2,186.36 2 0
github.com/toeirei/keymaster/internal/deploy/generator.go:186.36,188.3 1 0
github.com/toeirei/keymaster/internal/deploy/generator.go:189.2,189.45 1 0
github.com/toeirei/keymaster/internal/deploy/generator.go:189.45,191.3 1 0
github.com/toeirei/keymaster/internal/deploy/generator.go:194.2,194.32 1 0
github.com/toeirei/keymaster/internal/deploy/generator.go:194.32,197.3 2 0
github.com/toeirei/keymaster/internal/deploy/generator.go:200.2,200.25 1 0
github.com/toeirei/keymaster/internal/deploy/generator.go:200.25,202.3 1 0
github.com/toeirei/keymaster/internal/deploy/generator.go:204.2,204.30 1 0
github.com/toeirei/keymaster/internal/deploy/import.go:25.124,30.25 3 0
github.com/toeirei/keymaster/internal/deploy/import.go:30.25,33.17 2 0
github.com/toeirei/keymaster/internal/deploy/import.go:33.17,35.4 1 0
github.com/toeirei/keymaster/internal/deploy/import.go:36.3,36.24 1 0
github.com/toeirei/keymaster/internal/deploy/import.go:36.24,40.4 2 0
github.com/toeirei/keymaster/internal/deploy/import.go:40.9,42.4 1 0
github.com/toeirei/keymaster/internal/deploy/import.go:43.8,45.17 2 0
github.com/toeirei/keymaster/internal/deploy/import.go:45.17,47.4 1 0
github.com/toeirei/keymaster/internal/deploy/import.go:48.3,48.24 1 0
github.com/toeirei/keymaster/internal/deploy/import.go:48.24,50.4 1 0
github.com/toeirei/keymaster/internal/deploy/import.go:51.3,51.37 1 0
github.com/toeirei/keymaster/internal/deploy/import.go:55.2,56.15 2 0
github.com/toeirei/keymaster/internal/deploy/import.go:56.15,57.24 1 0
github.com/toeirei/keymaster/internal/deploy/import.go:57.24,58.30 1 0
github.com/toeirei/keymaster/internal/deploy/import.go:58.30,60.5 1 0
github.com/toeirei/keymaster/internal/deploy/import.go:65.2,66.16 2 0
github.com/toeirei/keymaster/internal/deploy/import.go:66.16,68.3 1 0
github.com/toeirei/keymaster/internal/deploy/import.go:69.2,73.16 3 0
github.com/toeirei/keymaster/internal/deploy/import.go:73.16,75.3 1 0
github.com/toeirei/keymaster/internal/deploy/import.go:78.2,79.21 2 0
github.com/toeirei/keymaster/internal/deploy/import.go:79.21,81.49 2 0
github.com/toeirei/keymaster/internal/deploy/import.go:81.49,82.12 1 0
github.com/toeirei/keymaster/internal/deploy/import.go:85.3,86.39 2 0
github.com/toeirei/keymaster/internal/deploy/import.go:86.39,88.12 2 0
github.com/toeirei/keymaster/internal/deploy/import.go:93.3,94.19 2 0
github.com/toeirei/keymaster/internal/deploy/import.go:94.19,97.12 2 0
github.com/toeirei/keymaster/internal/deploy/import.go:100.3,100.20 1 0
github.com/toeirei/keymaster/internal/deploy/import.go:100.20,103.4 1 0
github.com/toeirei/keymaster/internal/deploy/import.go:103.9,106.4 1 0
github.com/toeirei/keymaster/internal/deploy/import.go:109.2,109.49 1 0
github.com/toeirei/keymaster/internal/deploy/run.go:25.71,29.25 3 0
github.com/toeirei/keymaster/internal/deploy/run.go:29.25,31.17 2 0
github.com/toeirei/keymaster/internal/deploy/run.go:31.17,33.4 1 0
github.com/toeirei/keymaster/internal/deploy/run.go:34.3,34.24 1 0
github.com/toeirei/keymaster/internal/deploy/run.go:34.24,35.13 1 0
github.com/toeirei/keymaster/internal/deploy/run.go:35.13,37.5 1 0
github.com/toeirei/keymaster/internal/deploy/run.go:38.4,38.62 1 0
github.com/toeirei/keymaster/internal/deploy/run.go:40.8,42.17 2 0
github.com/toeirei/keymaster/internal/deploy/run.go:42.17,44.4 1 0
github.com/toeirei/keymaster/internal/deploy/run.go:45.3,45.24 1 0
github.com/toeirei/keymaster/internal/deploy/run.go:45.24,46.13 1 0
github.com/toeirei/keymaster/internal/deploy/run.go:46.13,48.5 1 0
github.com/toeirei/keymaster/internal/deploy/run.go:49.4,49.75 1 0
github.com/toeirei/keymaster/internal/deploy/run.go:53.2,54.16 2 0
github.com/toeirei/keymaster/internal/deploy/run.go:54.16,56.3 1 0
github.com/toeirei/keymaster/internal/deploy/run.go:57.2,58.36 2 0
github.com/toeirei/keymaster/internal/deploy/run.go:58.36,60.3 1 0
github.com/toeirei/keymaster/internal/deploy/run.go:63.2,66.15 2 0
github.com/toeirei/keymaster/internal/deploy/run.go:66.15,67.24 1 0
github.com/toeirei/keymaster/internal/deploy/run.go:67.24,72.30 1 0
github.com/toeirei/keymaster/internal/deploy/run.go:72.30,74.5 1 0
github.com/toeirei/keymaster/internal/deploy/run.go:77.2,78.16 2 0
github.com/toeirei/keymaster/internal/deploy/run.go:78.16,79.12 1 0
github.com/toeirei/keymaster/internal/deploy/run.go:79.12,81.4 1 0
github.com/toeirei/keymaster/internal/deploy/run.go:82.3,82.67 1 0
github.com/toeirei/keymaster/internal/deploy/run.go:84.2,90.63 3 0
github.com/toeirei/keymaster/internal/deploy/run.go:90.63,92.3 1 0
github.com/toeirei/keymaster/internal/deploy/run.go:94.2,94.25 1 0
github.com/toeirei/keymaster/internal/deploy/run.go:94.25,95.133 1 0
github.com/toeirei/keymaster/internal/deploy/run.go:95.133,96.9 1 0
github.com/toeirei/keymaster/internal/deploy/run.go:98.3,98.66 1 0
github.com/toeirei/keymaster/internal/deploy/run.go:100.2,100.12 1 0
github.com/toeirei/keymaster/internal/deploy/ssh.go:37.44,38.66 1 18
github.com/toeirei/keymaster/internal/deploy/ssh.go:38.66,40.3 1 0
github.com/toeirei/keymaster/internal/deploy/ssh.go:41.2,41.13 1 18
github.com/toeirei/keymaster/internal/deploy/ssh.go:49.71,51.13 2 18
github.com/toeirei/keymaster/internal/deploy/ssh.go:51.13,53.3 1 0
github.com/toeirei/keymaster/internal/deploy/ssh.go:55.2,55.47 1 18
github.com/toeirei/keymaster/internal/deploy/ssh.go:55.47,57.3 1 4
github.com/toeirei/keymaster/internal/deploy/ssh.go:60.2,60.31 1 18
github.com/toeirei/keymaster/internal/deploy/ssh.go:60.31,64.15 3 6
github.com/toeirei/keymaster/internal/deploy/ssh.go:64.15,66.4 1 0
github.com/toeirei/keymaster/internal/deploy/ssh.go:67.3,67.25 1 6
github.com/toeirei/keymaster/internal/deploy/ssh.go:71.2,71.47 1 12
github.com/toeirei/keymaster/internal/deploy/ssh.go:71.47,73.3 1 4
github.com/toeirei/keymaster/internal/deploy/ssh.go:76.2,76.19 1 8
github.com/toeirei/keymaster/internal/deploy/ssh.go:82.58,85.13 3 18
github.com/toeirei/keymaster/internal/deploy/ssh.go:85.13,87.3 1 10
github.com/toeirei/keymaster/internal/deploy/ssh.go:88.2,88.31 1 18
github.com/toeirei/keymaster/internal/deploy/ssh.go:92.48,95.2 2 9
github.com/toeirei/keymaster/internal/deploy/ssh.go:117.50,123.2 1 1
github.com/toeirei/keymaster/internal/deploy/ssh.go:134.87,136.2 1 0
github.com/toeirei/keymaster/internal/deploy/ssh.go:140.77,142.2 1 0
github.com/toeirei/keymaster/internal/deploy/ssh.go:147.109,149.2 1 0
github.com/toeirei/keymaster/internal/deploy/ssh.go:152.141,154.2 1 0
github.com/toeirei/keymaster/internal/deploy/ssh.go:157.139,161.17 2 0
github.com/toeirei/keymaster/internal/deploy/ssh.go:161.17,163.85 1 0
github.com/toeirei/keymaster/internal/deploy/ssh.go:163.85,168.70 3 0
github.com/toeirei/keymaster/internal/deploy/ssh.go:168.71,171.5 0 0
github.com/toeirei/keymaster/internal/deploy/ssh.go:173.4,173.14 1 0
github.com/toeirei/keymaster/internal/deploy/ssh.go:175.8,177.85 1 0
github.com/toeirei/keymaster/internal/deploy/ssh.go:177.85,186.18 4 0
github.com/toeirei/keymaster/internal/deploy/ssh.go:186.18,188.5 1 0
github.com/toeirei/keymaster/internal/deploy/ssh.go:191.4,191.22 1 0
github.com/toeirei/keymaster/internal/deploy/ssh.go:191.22,193.69 1 0
github.com/toeirei/keymaster/internal/deploy/ssh.go:193.69,195.21 2 0
github.com/toeirei/keymaster/internal/deploy/ssh.go:195.21,197.7 1 0
github.com/toeirei/keymaster/internal/deploy/ssh.go:198.6,198.25 1 0
github.com/toeirei/keymaster/internal/deploy/ssh.go:198.25,200.7 1 0
github.com/toeirei/keymaster/internal/deploy/ssh.go:202.5,202.23 1 0
github.com/toeirei/keymaster/internal/deploy/ssh.go:202.23,204.6 1 0
github.com/toeirei/keymaster/internal/deploy/ssh.go:208.4,208.32 1 0
github.com/toeirei/keymaster/internal/deploy/ssh.go:208.32,210.5 1 0
github.com/toeirei/keymaster/internal/deploy/ssh.go:212.4,212.14 1 0
github.com/toeirei/keymaster/internal/deploy/ssh.go:217.2,222.22 3 0
github.com/toeirei/keymaster/internal/deploy/ssh.go:222.22,224.17 2 0
github.com/toeirei/keymaster/internal/deploy/ssh.go:224.17,226.54 1 0
github.com/toeirei/keymaster/internal/deploy/ssh.go:226.54,228.28 1 0
github.com/toeirei/keymaster/internal/deploy/ssh.go:228.28,230.6 1 0
github.com/toeirei/keymaster/internal/deploy/ssh.go:230.11,233.6 1 0
github.com/toeirei/keymaster/internal/deploy/ssh.go:238.3,238.34 1 0
github.com/toeirei/keymaster/internal/deploy/ssh.go:238.34,246.18 3 0
github.com/toeirei/keymaster/internal/deploy/ssh.go:246.18,249.23 2 0
github.com/toeirei/keymaster/internal/deploy/ssh.go:249.23,252.6 2 0
github.com/toeirei/keymaster/internal/deploy/ssh.go:253.5,253.76 1 0
github.com/toeirei/keymaster/internal/deploy/ssh.go:254.10,257.5 1 0
github.com/toeirei/keymaster/internal/deploy/ssh.go:264.2,265.24 2 0
github.com/toeirei/keymaster/internal/deploy/ssh.go:265.24,267.3 1 0
github.com/toeirei/keymaster/internal/deploy/ssh.go:269.2,277.16 3 0
github.com/toeirei/keymaster/internal/deploy/ssh.go:277.16,280.3 2 0
github.com/toeirei/keymaster/internal/deploy/ssh.go:284.2,285.16 2 0
github.com/toeirei/keymaster/internal/deploy/ssh.go:285.16,288.3 2 0
github.com/toeirei/keymaster/internal/deploy/ssh.go:290.2,294.8 1 0
github.com/toeirei/keymaster/internal/deploy/ssh.go:298.137,300.85 1 0
github.com/toeirei/keymaster/internal/deploy/ssh.go:300.85,302.76 2 0
github.com/toeirei/keymaster/internal/deploy/ssh.go:302.76,304.4 1 0
github.com/toeirei/keymaster/internal/deploy/ssh.go:307.3,308.17 2 0
github.com/toeirei/keymaster/internal/deploy/ssh.go:308.17,310.4 1 0
github.com/toeirei/keymaster/internal/deploy/ssh.go:313.3,313.68 1 0
github.com/toeirei/keymaster/internal/deploy/ssh.go:313.69,315.4 0 0
github.com/toeirei/keymaster/internal/deploy/ssh.go:317.3,317.13 1 0
github.com/toeirei/keymaster/internal/deploy/ssh.go:321.2,325.16 3 0
github.com/toeirei/keymaster/internal/deploy/ssh.go:325.16,327.3 1 0
github.com/toeirei/keymaster/internal/deploy/ssh.go:330.2,339.16 3 0
github.com/toeirei/keymaster/internal/deploy/ssh.go:339.16,342.3 2 0
github.com/toeirei/keymaster/internal/deploy/ssh.go:345.2,346.16 2 0
github.com/toeirei/keymaster/internal/deploy/ssh.go:346.16,349.3 2 0
github.com/toeirei/keymaster/internal/deploy/ssh.go:351.2,355.8 1 0
github.com/toeirei/keymaster/internal/deploy/ssh.go:362.63,365.47 2 0
github.com/toeirei/keymaster/internal/deploy/ssh.go:365.47,367.46 1 0
github.com/toeirei/keymaster/internal/deploy/ssh.go:367.46,369.4 1 0
github.com/toeirei/keymaster/internal/deploy/ssh.go:371.2,371.51 1 0
github.com/toeirei/keymaster/internal/deploy/ssh.go:371.51,373.3 1 0
github.com/toeirei/keymaster/internal/deploy/ssh.go:376.2,378.16 3 0
github.com/toeirei/keymaster/internal/deploy/ssh.go:378.16,380.3 1 0
github.com/toeirei/keymaster/internal/deploy/ssh.go:381.2,381.52 1 0
github.com/toeirei/keymaster/internal/deploy/ssh.go:381.52,386.3 3 0
github.com/toeirei/keymaster/internal/deploy/ssh.go:387.2,390.52 2 0
github.com/toeirei/keymaster/internal/deploy/ssh.go:390.52,393.3 2 0
github.com/toeirei/keymaster/internal/deploy/ssh.go:396.2,407.58 5 0
github.com/toeirei/keymaster/internal/deploy/ssh.go:407.58,413.3 3 0
github.com/toeirei/keymaster/internal/deploy/ssh.go:416.2,418.12 2 0
github.com/toeirei/keymaster/internal/deploy/ssh.go:422.28,423.19 1 0
github.com/toeirei/keymaster/internal/deploy/ssh.go:423.19,425.3 1 0
github.com/toeirei/keymaster/internal/deploy/ssh.go:426.2,426.21 1 0
github.com/toeirei/keymaster/internal/deploy/ssh.go:426.21,428.3 1 0
github.com/toeirei/keymaster/internal/deploy/ssh.go:432.56,435.16 3 0
github.com/toeirei/keymaster/internal/deploy/ssh.go:435.16,437.3 1 0
github.com/toeirei/keymaster/internal/deploy/ssh.go:438.2,441.16 3 0
github.com/toeirei/keymaster/internal/deploy/ssh.go:441.16,443.3 1 0
[...]
github.com/toeirei/keymaster/internal/tui/rotate_key.go:168.18,169.23 1 0
github.com/toeirei/keymaster/internal/tui/rotate_key.go:170.19,172.74 1 0
github.com/toeirei/keymaster/internal/tui/rotate_key.go:172.74,173.30 1 0
github.com/toeirei/keymaster/internal/tui/rotate_key.go:173.30,173.56 1 0
github.com/toeirei/keymaster/internal/tui/rotate_key.go:177.30,181.30 4 0
github.com/toeirei/keymaster/internal/tui/rotate_key.go:182.21,185.30 3 0
github.com/toeirei/keymaster/internal/tui/rotate_key.go:187.2,187.15 1 0
github.com/toeirei/keymaster/internal/tui/rotate_key.go:191.56,195.2 3 0
github.com/toeirei/keymaster/internal/tui/rotate_key.go:198.58,206.26 7 0
github.com/toeirei/keymaster/internal/tui/rotate_key.go:206.26,209.3 2 0
github.com/toeirei/keymaster/internal/tui/rotate_key.go:209.8,212.3 2 0
github.com/toeirei/keymaster/internal/tui/rotate_key.go:214.2,222.3 4 0
github.com/toeirei/keymaster/internal/tui/rotate_key.go:226.60,234.26 7 0
github.com/toeirei/keymaster/internal/tui/rotate_key.go:234.26,237.3 2 0
github.com/toeirei/keymaster/internal/tui/rotate_key.go:237.8,240.3 2 0
github.com/toeirei/keymaster/internal/tui/rotate_key.go:242.2,250.3 4 0
github.com/toeirei/keymaster/internal/tui/rotate_key.go:254.55,271.2 9 0
github.com/toeirei/keymaster/internal/tui/rotate_key.go:274.40,275.28 1 0
github.com/toeirei/keymaster/internal/tui/rotate_key.go:275.28,277.3 1 0
github.com/toeirei/keymaster/internal/tui/rotate_key.go:278.2,278.26 1 0
github.com/toeirei/keymaster/internal/tui/rotate_key.go:278.26,280.3 1 0
github.com/toeirei/keymaster/internal/tui/rotate_key.go:282.2,285.18 3 0
github.com/toeirei/keymaster/internal/tui/rotate_key.go:285.18,287.3 1 0
github.com/toeirei/keymaster/internal/tui/rotate_key.go:289.2,289.17 1 0
github.com/toeirei/keymaster/internal/tui/rotate_key.go:290.27,291.47 1 0
github.com/toeirei/keymaster/internal/tui/rotate_key.go:292.34,293.33 1 0
github.com/toeirei/keymaster/internal/tui/rotate_key.go:294.29,295.70 1 0
github.com/toeirei/keymaster/internal/tui/rotate_key.go:296.28,308.75 9 0
github.com/toeirei/keymaster/internal/tui/rotate_key.go:309.27,310.68 1 0
github.com/toeirei/keymaster/internal/tui/rotate_key.go:311.26,315.66 4 0
github.com/toeirei/keymaster/internal/tui/rotate_key.go:318.2,318.19 1 0
github.com/toeirei/keymaster/internal/tui/rotate_key.go:338.52,339.24 1 0
github.com/toeirei/keymaster/internal/tui/rotate_key.go:339.24,341.17 2 0
github.com/toeirei/keymaster/internal/tui/rotate_key.go:341.17,343.4 1 0
github.com/toeirei/keymaster/internal/tui/rotate_key.go:344.3,345.17 2 0
github.com/toeirei/keymaster/internal/tui/rotate_key.go:345.17,347.4 1 0
github.com/toeirei/keymaster/internal/tui/rotate_key.go:349.3,349.76 1 0
github.com/toeirei/keymaster/internal/tui/rotate_key.go:355.49,356.24 1 0
github.com/toeirei/keymaster/internal/tui/rotate_key.go:356.24,358.17 2 0
github.com/toeirei/keymaster/internal/tui/rotate_key.go:358.17,360.4 1 0
github.com/toeirei/keymaster/internal/tui/rotate_key.go:361.3,362.17 2 0
github.com/toeirei/keymaster/internal/tui/rotate_key.go:362.17,364.4 1 0
github.com/toeirei/keymaster/internal/tui/rotate_key.go:366.3,366.39 1 0
github.com/toeirei/keymaster/internal/tui/tags_view.go:34.39,40.16 3 0
github.com/toeirei/keymaster/internal/tui/tags_view.go:40.16,43.3 2 0
github.com/toeirei/keymaster/internal/tui/tags_view.go:45.2,52.31 5 0
github.com/toeirei/keymaster/internal/tui/tags_view.go:52.31,53.21 1 0
github.com/toeirei/keymaster/internal/tui/tags_view.go:53.21,56.12 3 0
github.com/toeirei/keymaster/internal/tui/tags_view.go:58.3,59.28 2 0
github.com/toeirei/keymaster/internal/tui/tags_view.go:59.28,61.24 2 0
github.com/toeirei/keymaster/internal/tui/tags_view.go:61.24,62.13 1 0
github.com/toeirei/keymaster/internal/tui/tags_view.go:64.4,65.35 2 0
github.com/toeirei/keymaster/internal/tui/tags_view.go:69.2,70.26 2 0
github.com/toeirei/keymaster/internal/tui/tags_view.go:70.26,72.3 1 0
github.com/toeirei/keymaster/internal/tui/tags_view.go:73.2,76.17 2 0
github.com/toeirei/keymaster/internal/tui/tags_view.go:76.17,78.3 1 0
github.com/toeirei/keymaster/internal/tui/tags_view.go:80.2,84.10 4 0
github.com/toeirei/keymaster/internal/tui/tags_view.go:88.40,92.20 3 0
github.com/toeirei/keymaster/internal/tui/tags_view.go:92.20,93.36 1 0
github.com/toeirei/keymaster/internal/tui/tags_view.go:93.36,94.73 1 0
github.com/toeirei/keymaster/internal/tui/tags_view.go:94.73,96.5 1 0
github.com/toeirei/keymaster/internal/tui/tags_view.go:98.8,100.3 1 0
github.com/toeirei/keymaster/internal/tui/tags_view.go:102.2,102.36 1 0
github.com/toeirei/keymaster/internal/tui/tags_view.go:102.36,104.22 2 0
github.com/toeirei/keymaster/internal/tui/tags_view.go:104.22,106.45 1 0
github.com/toeirei/keymaster/internal/tui/tags_view.go:106.45,108.5 1 0
github.com/toeirei/keymaster/internal/tui/tags_view.go:113.2,113.30 1 0
github.com/toeirei/keymaster/internal/tui/tags_view.go:113.30,115.3 1 0
github.com/toeirei/keymaster/internal/tui/tags_view.go:118.39,120.2 1 0
github.com/toeirei/keymaster/internal/tui/tags_view.go:122.65,123.27 1 0
github.com/toeirei/keymaster/internal/tui/tags_view.go:124.18,126.20 1 0
github.com/toeirei/keymaster/internal/tui/tags_view.go:126.20,127.20 1 0
github.com/toeirei/keymaster/internal/tui/tags_view.go:128.20,131.21 3 0
github.com/toeirei/keymaster/internal/tui/tags_view.go:132.22,133.26 1 0
github.com/toeirei/keymaster/internal/tui/tags_view.go:134.26,135.26 1 0
github.com/toeirei/keymaster/internal/tui/tags_view.go:135.26,138.6 2 0
github.com/toeirei/keymaster/internal/tui/tags_view.go:139.22,141.21 2 0
github.com/toeirei/keymaster/internal/tui/tags_view.go:143.4,143.17 1 0
github.com/toeirei/keymaster/internal/tui/tags_view.go:147.3,147.23 1 0
github.com/toeirei/keymaster/internal/tui/tags_view.go:148.12,152.17 4 0
github.com/toeirei/keymaster/internal/tui/tags_view.go:153.19,154.22 1 0
github.com/toeirei/keymaster/internal/tui/tags_view.go:154.22,159.5 4 0
github.com/toeirei/keymaster/internal/tui/tags_view.go:160.4,160.29 1 0
github.com/toeirei/keymaster/internal/tui/tags_view.go:160.29,160.55 1 0
github.com/toeirei/keymaster/internal/tui/tags_view.go:161.18,162.20 1 0
github.com/toeirei/keymaster/internal/tui/tags_view.go:162.20,164.5 1 0
github.com/toeirei/keymaster/internal/tui/tags_view.go:165.20,166.33 1 0
github.com/toeirei/keymaster/internal/tui/tags_view.go:166.33,168.5 1 0
github.com/toeirei/keymaster/internal/tui/tags_view.go:169.16,170.48 1 0
github.com/toeirei/keymaster/internal/tui/tags_view.go:170.48,172.41 2 0
github.com/toeirei/keymaster/internal/tui/tags_view.go:172.41,176.6 2 0
github.com/toeirei/keymaster/internal/tui/tags_view.go:180.2,180.15 1 0
github.com/toeirei/keymaster/internal/tui/tags_view.go:183.38,184.18 1 0
github.com/toeirei/keymaster/internal/tui/tags_view.go:184.18,186.3 1 0
github.com/toeirei/keymaster/internal/tui/tags_view.go:188.2,190.23 3 0
github.com/toeirei/keymaster/internal/tui/tags_view.go:190.23,192.3 1 0
github.com/toeirei/keymaster/internal/tui/tags_view.go:192.8,193.36 1 0
github.com/toeirei/keymaster/internal/tui/tags_view.go:193.36,195.40 2 0
github.com/toeirei/keymaster/internal/tui/tags_view.go:195.40,197.42 2 0
github.com/toeirei/keymaster/internal/tui/tags_view.go:197.42,199.6 1 0
github.com/toeirei/keymaster/internal/tui/tags_view.go:200.5,200.80 1 0
github.com/toeirei/keymaster/internal/tui/tags_view.go:201.10,201.54 1 0
github.com/toeirei/keymaster/internal/tui/tags_view.go:201.54,203.5 1 0
github.com/toeirei/keymaster/internal/tui/tags_view.go:204.4,204.21 1 0
github.com/toeirei/keymaster/internal/tui/tags_view.go:204.21,206.5 1 0
github.com/toeirei/keymaster/internal/tui/tags_view.go:206.10,208.5 1 0
github.com/toeirei/keymaster/internal/tui/tags_view.go:211.2,217.19 5 0
github.com/toeirei/keymaster/internal/tui/tags_view.go:217.19,219.3 1 0
github.com/toeirei/keymaster/internal/tui/tags_view.go:219.8,219.27 1 0
github.com/toeirei/keymaster/internal/tui/tags_view.go:219.27,221.3 1 0
github.com/toeirei/keymaster/internal/tui/tags_view.go:221.8,223.3 1 0
github.com/toeirei/keymaster/internal/tui/tags_view.go:224.2,226.80 2 0
github.com/toeirei/keymaster/internal/tui/tui.go:100.31,117.2 1 0
github.com/toeirei/keymaster/internal/tui/tui.go:121.35,123.2 1 0
github.com/toeirei/keymaster/internal/tui/tui.go:127.61,130.27 2 0
github.com/toeirei/keymaster/internal/tui/tui.go:131.18,133.23 1 0
github.com/toeirei/keymaster/internal/tui/tui.go:134.17,135.22 1 0
github.com/toeirei/keymaster/internal/tui/tui.go:137.25,139.24 2 0
github.com/toeirei/keymaster/internal/tui/tui.go:140.24,142.26 2 0
github.com/toeirei/keymaster/internal/tui/tui.go:142.26,144.4 1 0
github.com/toeirei/keymaster/internal/tui/tui.go:145.3,145.16 1 0
github.com/toeirei/keymaster/internal/tui/tui.go:147.29,151.31 3 0
github.com/toeirei/keymaster/internal/tui/tui.go:153.26,159.35 4 0
github.com/toeirei/keymaster/internal/tui/tui.go:163.2,163.17 1 0
github.com/toeirei/keymaster/internal/tui/tui.go:164.20,166.39 1 0
github.com/toeirei/keymaster/internal/tui/tui.go:166.39,169.4 2 0
github.com/toeirei/keymaster/internal/tui/tui.go:170.3,173.60 3 0
github.com/toeirei/keymaster/internal/tui/tui.go:173.60,175.4 1 0
github.com/toeirei/keymaster/internal/tui/tui.go:177.22,179.39 1 0
github.com/toeirei/keymaster/internal/tui/tui.go:179.39,182.4 2 0
github.com/toeirei/keymaster/internal/tui/tui.go:183.3,185.58 3 0
github.com/toeirei/keymaster/internal/tui/tui.go:185.58,187.4 1 0
github.com/toeirei/keymaster/internal/tui/tui.go:189.22,191.39 1 0
github.com/toeirei/keymaster/internal/tui/tui.go:191.39,194.4 2 0
github.com/toeirei/keymaster/internal/tui/tui.go:195.3,199.45 3 0
github.com/toeirei/keymaster/internal/tui/tui.go:201.21,203.39 1 0
github.com/toeirei/keymaster/internal/tui/tui.go:203.39,206.4 2 0
github.com/toeirei/keymaster/internal/tui/tui.go:207.3,209.48 3 0
github.com/toeirei/keymaster/internal/tui/tui.go:211.18,213.39 1 0
github.com/toeirei/keymaster/internal/tui/tui.go:213.39,216.4 2 0
github.com/toeirei/keymaster/internal/tui/tui.go:217.3,219.44 3 0
github.com/toeirei/keymaster/internal/tui/tui.go:221.20,222.39 1 0
github.com/toeirei/keymaster/internal/tui/tui.go:222.39,225.4 2 0
github.com/toeirei/keymaster/internal/tui/tui.go:226.3,228.49 3 0
github.com/toeirei/keymaster/internal/tui/tui.go:230.17,231.39 1 0
github.com/toeirei/keymaster/internal/tui/tui.go:231.39,234.4 2 0
github.com/toeirei/keymaster/internal/tui/tui.go:235.3,237.41 3 0
github.com/toeirei/keymaster/internal/tui/tui.go:239.16,240.39 1 0
github.com/toeirei/keymaster/internal/tui/tui.go:240.39,243.4 2 0
github.com/toeirei/keymaster/internal/tui/tui.go:244.3,246.40 3 0
github.com/toeirei/keymaster/internal/tui/tui.go:248.21,250.39 1 0
github.com/toeirei/keymaster/internal/tui/tui.go:250.39,259.4 7 0
github.com/toeirei/keymaster/internal/tui/tui.go:261.3,261.53 1 0
github.com/toeirei/keymaster/internal/tui/tui.go:261.53,273.4 9 0
github.com/toeirei/keymaster/internal/tui/tui.go:274.3,276.52 3 0
github.com/toeirei/keymaster/internal/tui/tui.go:278.20,279.41 1 0
github.com/toeirei/keymaster/internal/tui/tui.go:279.41,280.27 1 0
github.com/toeirei/keymaster/internal/tui/tui.go:281.20,283.36 2 0
github.com/toeirei/keymaster/internal/tui/tui.go:284.19,285.30 1 0
github.com/toeirei/keymaster/internal/tui/tui.go:285.30,287.6 1 0
github.com/toeirei/keymaster/internal/tui/tui.go:288.21,289.58 1 0
github.com/toeirei/keymaster/internal/tui/tui.go:289.58,291.6 1 0
github.com/toeirei/keymaster/internal/tui/tui.go:292.17,296.41 4 0
github.com/toeirei/keymaster/internal/tui/tui.go:296.41,298.6 1 0
github.com/toeirei/keymaster/internal/tui/tui.go:301.5,301.30 1 0
github.com/toeirei/keymaster/internal/tui/tui.go:301.30,301.61 1 0
github.com/toeirei/keymaster/internal/tui/tui.go:304.3,306.44 3 0
github.com/toeirei/keymaster/internal/tui/tui.go:308.10,309.41 1 0
github.com/toeirei/keymaster/internal/tui/tui.go:309.41,310.27 1 0
github.com/toeirei/keymaster/internal/tui/tui.go:311.13,312.23 1 0
github.com/toeirei/keymaster/internal/tui/tui.go:313.19,314.26 1 0
github.com/toeirei/keymaster/internal/tui/tui.go:314.26,316.6 1 0
github.com/toeirei/keymaster/internal/tui/tui.go:317.21,318.46 1 0
github.com/toeirei/keymaster/internal/tui/tui.go:318.46,320.6 1 0
github.com/toeirei/keymaster/internal/tui/tui.go:321.17,322.26 1 0
github.com/toeirei/keymaster/internal/tui/tui.go:323.12,333.19 7 0
github.com/toeirei/keymaster/internal/tui/tui.go:334.12,341.19 7 0
github.com/toeirei/keymaster/internal/tui/tui.go:342.12,349.19 7 0
github.com/toeirei/keymaster/internal/tui/tui.go:350.12,353.19 3 0
github.com/toeirei/keymaster/internal/tui/tui.go:354.12,357.19 3 0
github.com/toeirei/keymaster/internal/tui/tui.go:358.12,366.19 6 0
github.com/toeirei/keymaster/internal/tui/tui.go:367.12,370.19 3 0
github.com/toeirei/keymaster/internal/tui/tui.go:371.12,374.19 3 0
github.com/toeirei/keymaster/internal/tui/tui.go:375.12,378.19 3 0
github.com/toeirei/keymaster/internal/tui/tui.go:380.13,384.18 3 0
github.com/toeirei/keymaster/internal/tui/tui.go:389.2,389.15 1 0
github.com/toeirei/keymaster/internal/tui/tui.go:394.34,395.18 1 0
github.com/toeirei/keymaster/internal/tui/tui.go:395.18,399.3 2 0
github.com/toeirei/keymaster/internal/tui/tui.go:402.2,402.17 1 0
github.com/toeirei/keymaster/internal/tui/tui.go:403.20,404.27 1 0
github.com/toeirei/keymaster/internal/tui/tui.go:405.22,406.23 1 0
github.com/toeirei/keymaster/internal/tui/tui.go:407.22,408.29 1 0
github.com/toeirei/keymaster/internal/tui/tui.go:409.21,410.26 1 0
github.com/toeirei/keymaster/internal/tui/tui.go:411.18,412.27 1 0
github.com/toeirei/keymaster/internal/tui/tui.go:413.20,414.27 1 0
github.com/toeirei/keymaster/internal/tui/tui.go:415.17,416.26 1 0
github.com/toeirei/keymaster/internal/tui/tui.go:417.16,418.23 1 0
github.com/toeirei/keymaster/internal/tui/tui.go:419.21,420.28 1 0
github.com/toeirei/keymaster/internal/tui/tui.go:421.20,422.27 1 0
github.com/toeirei/keymaster/internal/tui/tui.go:423.10,424.53 1 0
github.com/toeirei/keymaster/internal/tui/tui.go:429.71,441.35 7 0
github.com/toeirei/keymaster/internal/tui/tui.go:441.35,442.20 1 0
github.com/toeirei/keymaster/internal/tui/tui.go:442.20,444.4 1 0
github.com/toeirei/keymaster/internal/tui/tui.go:444.9,446.4 1 0
github.com/toeirei/keymaster/internal/tui/tui.go:448.2,456.30 5 0
github.com/toeirei/keymaster/internal/tui/tui.go:456.30,458.3 1 0
github.com/toeirei/keymaster/internal/tui/tui.go:462.2,473.35 3 0
github.com/toeirei/keymaster/internal/tui/tui.go:473.35,475.54 2 0
github.com/toeirei/keymaster/internal/tui/tui.go:475.54,477.4 1 0
github.com/toeirei/keymaster/internal/tui/tui.go:478.3,478.45 1 0
github.com/toeirei/keymaster/internal/tui/tui.go:482.2,483.35 2 0
github.com/toeirei/keymaster/internal/tui/tui.go:483.35,484.31 1 0
github.com/toeirei/keymaster/internal/tui/tui.go:484.31,486.4 1 0
github.com/toeirei/keymaster/internal/tui/tui.go:489.2,489.35 1 0
github.com/toeirei/keymaster/internal/tui/tui.go:489.35,492.3 2 0
github.com/toeirei/keymaster/internal/tui/tui.go:495.2,501.28 5 0
github.com/toeirei/keymaster/internal/tui/tui.go:501.28,503.3 1 0
github.com/toeirei/keymaster/internal/tui/tui.go:505.2,507.49 3 0
github.com/toeirei/keymaster/internal/tui/tui.go:507.49,509.3 1 0
github.com/toeirei/keymaster/internal/tui/tui.go:510.2,537.31 14 0
github.com/toeirei/keymaster/internal/tui/tui.go:537.31,539.3 1 0
github.com/toeirei/keymaster/internal/tui/tui.go:539.8,540.39 1 0
github.com/toeirei/keymaster/internal/tui/tui.go:540.39,555.25 8 0
github.com/toeirei/keymaster/internal/tui/tui.go:555.25,557.5 1 0
github.com/toeirei/keymaster/internal/tui/tui.go:560.4,561.35 2 0
github.com/toeirei/keymaster/internal/tui/tui.go:561.35,563.5 1 0
github.com/toeirei/keymaster/internal/tui/tui.go:566.4,569.52 2 0
github.com/toeirei/keymaster/internal/tui/tui.go:572.2,583.70 7 0
github.com/toeirei/keymaster/internal/tui/tui.go:587.39,593.25 3 0
github.com/toeirei/keymaster/internal/tui/tui.go:593.25,595.3 1 0
github.com/toeirei/keymaster/internal/tui/tui.go:596.2,602.3 2 0
github.com/toeirei/keymaster/internal/tui/tui.go:606.39,606.53 1 0
github.com/toeirei/keymaster/internal/tui/tui.go:609.65,609.82 1 0
github.com/toeirei/keymaster/internal/tui/tui.go:612.38,618.41 4 0
github.com/toeirei/keymaster/internal/tui/tui.go:618.41,621.20 3 0
github.com/toeirei/keymaster/internal/tui/tui.go:621.20,624.4 2 0
github.com/toeirei/keymaster/internal/tui/tui.go:624.9,626.4 1 0
github.com/toeirei/keymaster/internal/tui/tui.go:629.2,635.80 5 0
github.com/toeirei/keymaster/internal/tui/tui.go:639.12,640.64 1 0
github.com/toeirei/keymaster/internal/tui/tui.go:640.64,643.3 2 0
github.com/toeirei/keymaster/internal/tui/tui.go:647.36,648.24 1 0
github.com/toeirei/keymaster/internal/tui/tui.go:648.24,650.17 2 0
github.com/toeirei/keymaster/internal/tui/tui.go:650.17,652.4 1 0
github.com/toeirei/keymaster/internal/tui/tui.go:654.3,655.17 2 0
github.com/toeirei/keymaster/internal/tui/tui.go:655.17,657.4 1 0
github.com/toeirei/keymaster/internal/tui/tui.go:659.3,660.17 2 0
github.com/toeirei/keymaster/internal/tui/tui.go:660.17,662.4 1 0
github.com/toeirei/keymaster/internal/tui/tui.go:664.3,665.17 2 0
github.com/toeirei/keymaster/internal/tui/tui.go:665.17,667.4 1 0
github.com/toeirei/keymaster/internal/tui/tui.go:670.3,672.32 3 0
github.com/toeirei/keymaster/internal/tui/tui.go:672.32,673.20 1 0
github.com/toeirei/keymaster/internal/tui/tui.go:673.20,676.43 2 0
github.com/toeirei/keymaster/internal/tui/tui.go:676.43,677.37 1 0
github.com/toeirei/keymaster/internal/tui/tui.go:677.37,679.7 1 0
github.com/toeirei/keymaster/internal/tui/tui.go:679.12,681.7 1 0
github.com/toeirei/keymaster/internal/tui/tui.go:686.3,688.28 3 0
github.com/toeirei/keymaster/internal/tui/tui.go:688.28,689.20 1 0
github.com/toeirei/keymaster/internal/tui/tui.go:689.20,691.5 1 0
github.com/toeirei/keymaster/internal/tui/tui.go:692.4,692.31 1 0
github.com/toeirei/keymaster/internal/tui/tui.go:696.3,699.32 3 0
github.com/toeirei/keymaster/internal/tui/tui.go:699.32,701.4 1 0
github.com/toeirei/keymaster/internal/tui/tui.go:702.3,704.36 2 0
github.com/toeirei/keymaster/internal/tui/tui.go:704.36,707.46 3 0
github.com/toeirei/keymaster/internal/tui/tui.go:707.46,709.5 1 0
github.com/toeirei/keymaster/internal/tui/tui.go:710.4,710.83 1 0
github.com/toeirei/keymaster/internal/tui/tui.go:712.3,714.20 2 0
github.com/toeirei/keymaster/internal/tui/tui.go:714.20,716.4 1 0
github.com/toeirei/keymaster/internal/tui/tui.go:718.3,719.26 2 0
github.com/toeirei/keymaster/internal/tui/tui.go:719.26,721.4 1 0
github.com/toeirei/keymaster/internal/tui/tui.go:721.9,723.4 1 0
github.com/toeirei/keymaster/internal/tui/tui.go:725.3,725.38 1 0
github.com/toeirei/keymaster/internal/crypto/ssh/format.go:32.91,36.16 2 0
github.com/toeirei/keymaster/internal/crypto/ssh/format.go:36.16,38.3 1 0
github.com/toeirei/keymaster/internal/crypto/ssh/format.go:39.2,39.22 1 0
github.com/toeirei/keymaster/internal/crypto/ssh/generator.go:23.131,25.16 2 0
github.com/toeirei/keymaster/internal/crypto/ssh/generator.go:25.16,27.3 1 0
github.com/toeirei/keymaster/internal/crypto/ssh/generator.go:29.2,30.16 2 0
github.com/toeirei/keymaster/internal/crypto/ssh/generator.go:30.16,32.3 1 0
github.com/toeirei/keymaster/internal/crypto/ssh/generator.go:33.2,37.22 4 0
github.com/toeirei/keymaster/internal/crypto/ssh/generator.go:37.22,39.3 1 0
github.com/toeirei/keymaster/internal/crypto/ssh/generator.go:39.8,41.3 1 0
github.com/toeirei/keymaster/internal/crypto/ssh/generator.go:43.2,43.16 1 0
github.com/toeirei/keymaster/internal/crypto/ssh/generator.go:43.16,45.3 1 0
github.com/toeirei/keymaster/internal/crypto/ssh/generator.go:47.2,48.47 2 0
github.com/toeirei/keymaster/internal/model/model.go:32.34,34.19 2 0
github.com/toeirei/keymaster/internal/model/model.go:34.19,36.3 1 0
github.com/toeirei/keymaster/internal/model/model.go:37.2,37.13 1 0
github.com/toeirei/keymaster/internal/model/model.go:51.36,53.2 1 0
